#
# A fatal error has been detected by the Java Runtime Environment:
#
#  EXCEPTION_PRIV_INSTRUCTION (0xc0000096) at pc=0x0000028694628c77, pid=18692, tid=17860
#
# JRE version: Java(TM) SE Runtime Environment 18.9 (11.0.22+9) (build 11.0.22+9-LTS-219)
# Java VM: Java HotSpot(TM) 64-Bit Server VM 18.9 (11.0.22+9-LTS-219, mixed mode, tiered, compressed oops, g1 gc, windows-amd64)
# Problematic frame:
# j  javax.mail.Session.<clinit>()V+1280231487
#
# No core dump will be written. Minidumps are not enabled by default on client versions of Windows
#
# If you would like to submit a bug report, please visit:
#   https://bugreport.java.com/bugreport/crash.jsp
#

---------------  S U M M A R Y ------------

Command Line: -XX:TieredStopAtLevel=1 -Xverify:none -Dspring.output.ansi.enabled=always -Dcom.sun.management.jmxremote -Dspring.jmx.enabled=true -Dspring.liveBeansView.mbeanDomain -Dspring.application.admin.enabled=true -Dmanagement.endpoints.jmx.exposure.include=* -javaagent:C:\Program Files\JetBrains\IntelliJ IDEA 2023.2.5\lib\idea_rt.jar=49929:C:\Program Files\JetBrains\IntelliJ IDEA 2023.2.5\bin -Dfile.encoding=UTF-8 com.example.mail.MailApplication

Host: 11th Gen Intel(R) Core(TM) i7-1165G7 @ 2.80GHz, 8 cores, 15G,  Windows 11 , 64 bit Build 22621 (10.0.22621.3672)
Time: Wed Jul 10 13:41:34 2024 Paris, Madrid (heure duild 22621 (10.0.22621.3672) elapsed time: 18.733296 seconds (0d 0h 0m 18s)

---------------  T H R E A D  ---------------

Current thread (0x00000286b429f800):  JavaThread "http-nio-8083-exec-1" daemon [_thread_in_Java, id=17860, stack(0x00000096eb600000,0x00000096eb700000)]

Stack: [0x00000096eb600000,0x00000096eb700000],  sp=0x00000096eb6fc7b0,  free space=1009k
Native frames: (J=compiled Java code, j=interpreted, Vv=VM code, C=native code)
C  0x0000028694628c77


siginfo: EXCEPTION_PRIV_INSTRUCTION (0xc0000096)


Register to memory mapping:

RIP=0x0000028694628c77 is at code_begin+55 in an Interpreter codelet
error exits  [0x0000028694628c40, 0x0000028694628c80]  64 bytes
RAX=0x0 is NULL
RBX=0x0000000000000077 is an unknown value
RCX=0x0 is NULL
RDX=0x0 is NULL
RSP=0x00000096eb6fc7b0 is pointing into the stack for thread: 0x00000286b429f800
RBP=0x00000096eb6fc7f8 is pointing into the stack for thread: 0x00000286b429f800
RSI=0x00000096eb6fccd0 is pointing into the stack for thread: 0x00000286b429f800
RDI=0x0 is NULL
R8 =0x0000000000000061 is an unknown value
R9 =0x0000000000000061 is an unknown value
R10=0x000000000000005e is an unknown value
R11=0x0000000000000061 is an unknown value
R12=0x0 is NULL
R13=0x00000286b3b13839 is pointing into metadata
R14=0x00000096eb6fc800 is pointing into the stack for thread: 0x00000286b429f800
R15=0x00000286b429f800 is a thread


Registers:
RAX=0x0000000000000000, RBX=0x0000000000000077, RCX=0x0000000000000000, RDX=0x0000000000000000
RSP=0x00000096eb6fc7b0, RBP=0x00000096eb6fc7f8, RSI=0x00000096eb6fccd0, RDI=0x0000000000000000
R8 =0x0000000000000061, R9 =0x0000000000000061, R10=0x000000000000005e, R11=0x0000000000000061
R12=0x0000000000000000, R13=0x00000286b3b13839, R14=0x00000096eb6fc800, R15=0x00000286b429f800
RIP=0x0000028694628c77, EFLAGS=0x0000000000010206

Top of Stack: (sp=0x00000096eb6fc7b0)
0x00000096eb6fc7b0:   00000096eb6fc7b0 0000000000000077
0x00000096eb6fc7c0:   00000096eb6fc7f8 00000096eb6fccd0
0x00000096eb6fc7d0:   0000000000000000 00000007043c7b70
0x00000096eb6fc7e0:   00000286b3b13838 0000000000000000
0x00000096eb6fc7f0:   00000096eb6fc808 00000096eb6fc9e0
0x00000096eb6fc800:   0000028694620eea 0000000000000000
0x00000096eb6fc810:   0000000000000000 0000000000000000
0x00000096eb6fc820:   0000000000000000 0000000000000000
0x00000096eb6fc830:   0000000000000000 0000000000000000
0x00000096eb6fc840:   0000000000000000 0000000000000000
0x00000096eb6fc850:   0000000000000000 0000000000000000
0x00000096eb6fc860:   0000000000000000 0000000000000000
0x00000096eb6fc870:   0000000000000000 0000000000000000
0x00000096eb6fc880:   0000000000000000 0000000000000000
0x00000096eb6fc890:   0000000000000000 0000000000000000
0x00000096eb6fc8a0:   0000000000000000 0000000000000000 

Instructions: (pc=0x0000028694628c77)
0x0000028694628c57:   00 41 ff d2 f4 48 b9 38 5b 47 75 fe 7f 00 00 48
0x0000028694628c67:   83 e4 f0 49 ba e0 a6 10 75 fe 7f 00 00 41 ff d2
0x0000028694628c77:   f4 00 00 00 00 00 00 00 00 60 0b 00 00 00 00 00
0x0000028694628c87:   00 68 5b 47 75 fe 7f 00 00 ff ff ff ff 00 00 00 


Stack slot to memory mapping:
stack at sp + 0 slots: 0x00000096eb6fc7b0 is pointing into the stack for thread: 0x00000286b429f800
stack at sp + 1 slots: 0x0000000000000077 is an unknown value
stack at sp + 2 slots: 0x00000096eb6fc7f8 is pointing into the stack for thread: 0x00000286b429f800
stack at sp + 3 slots: 0x00000096eb6fccd0 is pointing into the stack for thread: 0x00000286b429f800
stack at sp + 4 slots: 0x0 is NULL
stack at sp + 5 slots: 0x00000007043c7b70 is an oop: java.lang.Class 
{0x00000007043c7b70} - klass: 'java/lang/Class'
 - ---- fields (total size 15 words):
 - private volatile transient strict 'cachedConstructor' 'Ljava/lang/reflect/Constructor;' @12  NULL (0)
 - private volatile transient strict 'newInstanceCallerCache' 'Ljava/lang/Class;' @16  NULL (0)
 - private transient 'name' 'Ljava/lang/String;' @20  "javax.mail.Session"{0x000000070423f6f0} (e0847ede)
 - private transient 'module' 'Ljava/lang/Module;' @24  a 'java/lang/Module'{0x000000070379eb38} (e06f3d67)
 - private final 'classLoader' 'Ljava/lang/ClassLoader;' @28  a 'jdk/internal/loader/ClassLoaders$AppClassLoader'{0x0000000703cd5e00} (e079abc0)
 - private transient 'packageName' 'Ljava/lang/String;' @32  "javax.mail"{0x0000000704231ec8} (e08463d9)
 - private final strict 'componentType' 'Ljava/lang/Class;' @36  [I{0x00000007043c7be8} (e0878f7d)
 - private volatile transient strict 'reflectionData' 'Ljava/lang/ref/SoftReference;' @40  NULL (0)
 - private volatile transient 'genericInfo' 'Lsun/reflect/generics/repository/ClassRepository;' @44  NULL (0)
 - private volatile transient strict 'enumConstants' '[Ljava/lang/Object;' @48  NULL (0)
 - private volatile transient strict 'enumConstantDirectory' 'Ljava/util/Map;' @52  NULL (0)
 - private volatile transient 'annotationData' 'Ljava/lang/Class$AnnotationData;' @56  NULL (0)
 - private volatile transient 'annotationType' 'Lsun/reflect/annotation/AnnotationType;' @60  NULL (0)
 - transient 'classValueMap' 'Ljava/lang/ClassValue$ClassValueMap;' @64  NULL (0)
 - private volatile transient 'classRedefinedCount' 'I' @96  0
 - signature: Ljavax/mail/Session;
 - fake entry for mirror: 'javax/mail/Session'
 - fake entry for array: NULL
 - fake entry for oop_size: 15
 - fake entry for static_oop_field_count: 1
 - private static 'defaultSession' 'Ljavax/mail/Session;' @112  NULL (0)
stack at sp + 6 slots: {method} {0x00000286b3b13840} '<clinit>' '()V' in 'javax/mail/Session'
stack at sp + 7 slots: 0x0 is NULL

error exits  [0x0000028694628c40, 0x0000028694628c80]  64 bytes

---------------  P R O C E S S  ---------------

Threads class SMR info:
_java_thread_list=0x00000286b45796f0, length=37, elements={
0x00000286afb19000, 0x00000286b03ca000, 0x00000286afb1d800, 0x00000286b0423800,
0x00000286b0425000, 0x00000286b0426000, 0x00000286b0427000, 0x00000286b03a0800,
0x00000286b0c9e000, 0x00000286b0dec800, 0x00000286b1ce3800, 0x00000286b1caa800,
0x00000286b26e7800, 0x00000286b4277800, 0x00000286b4278000, 0x00000286b429f000,
0x00000286b429a000, 0x00000286b429c800, 0x00000286b429b800, 0x00000286b429d000,
0x00000286b429e000, 0x00000286b4299000, 0x00000286b429f800, 0x00000286b4e31000,
0x00000286b4e36000, 0x00000286b4e30800, 0x00000286b4e33800, 0x00000286b4e37800,
0x00000286b4e32800, 0x00000286b4e35000, 0x00000286b4e37000, 0x00000286b4e32000,
0x00000286b4e38800, 0x00000286b4e3a000, 0x00000286b4e39800, 0x00000286b4e34800,
0x00000286b4e3c800
}

Java Threads: ( => current thread )
  0x00000286afb19000 JavaThread "Reference Handler" daemon [_thread_blocked, id=15756, stack(0x00000096e9500000,0x00000096e9600000)]
  0x00000286b03ca000 JavaThread "Finalizer" daemon [_thread_blocked, id=27136, stack(0x00000096e9600000,0x00000096e9700000)]
  0x00000286afb1d800 JavaThread "Signal Dispatcher" daemon [_thread_blocked, id=5364, stack(0x00000096e9700000,0x00000096e9800000)]
  0x00000286b0423800 JavaThread "Attach Listener" daemon [_thread_blocked, id=25940, stack(0x00000096e9800000,0x00000096e9900000)]
  0x00000286b0425000 JavaThread "Service Thread" daemon [_thread_blocked, id=8320, stack(0x00000096e9900000,0x00000096e9a00000)]
  0x00000286b0426000 JavaThread "C1 CompilerThread0" daemon [_thread_blocked, id=25636, stack(0x00000096e9a00000,0x00000096e9b00000)]
  0x00000286b0427000 JavaThread "Sweeper thread" daemon [_thread_blocked, id=19360, stack(0x00000096e9b00000,0x00000096e9c00000)]
  0x00000286b03a0800 JavaThread "Common-Cleaner" daemon [_thread_blocked, id=6836, stack(0x00000096e9c00000,0x00000096e9d00000)]
  0x00000286b0c9e000 JavaThread "Monitor Ctrl-Break" daemon [_thread_in_native, id=15720, stack(0x00000096e9d00000,0x00000096e9e00000)]
  0x00000286b0dec800 JavaThread "RMI TCP Accept-0" daemon [_thread_in_native, id=25508, stack(0x00000096e9e00000,0x00000096e9f00000)]
  0x00000286b1ce3800 JavaThread "RMI TCP Connection(1)-192.168.1.50" daemon [_thread_in_native, id=8872, stack(0x00000096ea600000,0x00000096ea700000)]
  0x00000286b1caa800 JavaThread "RMI Scheduler(0)" daemon [_thread_blocked, id=6264, stack(0x00000096ea700000,0x00000096ea800000)]
  0x00000286b26e7800 JavaThread "Catalina-utility-1" [_thread_blocked, id=23720, stack(0x00000096eab00000,0x00000096eac00000)]
  0x00000286b4277800 JavaThread "Catalina-utility-2" [_thread_blocked, id=1772, stack(0x00000096eac00000,0x00000096ead00000)]
  0x00000286b4278000 JavaThread "container-0" [_thread_blocked, id=21044, stack(0x00000096ead00000,0x00000096eae00000)]
  0x00000286b429f000 JavaThread "mysql-cj-abandoned-connection-cleanup" daemon [_thread_blocked, id=28028, stack(0x00000096eae00000,0x00000096eaf00000)]
  0x00000286b429a000 JavaThread "HikariPool-1 housekeeper" daemon [_thread_blocked, id=18268, stack(0x00000096eb100000,0x00000096eb200000)]
  0x00000286b429c800 JavaThread "spring.cloud.inetutils" daemon [_thread_in_native, id=20388, stack(0x00000096ea800000,0x00000096ea900000)]
  0x00000286b429b800 JavaThread "AsyncResolver-bootstrap-0" daemon [_thread_blocked, id=17920, stack(0x00000096ea900000,0x00000096eaa00000)]
  0x00000286b429d000 JavaThread "DiscoveryClient-0" daemon [_thread_blocked, id=3556, stack(0x00000096eb300000,0x00000096eb400000)]
  0x00000286b429e000 JavaThread "DiscoveryClient-1" daemon [_thread_blocked, id=12996, stack(0x00000096eb400000,0x00000096eb500000)]
  0x00000286b4299000 JavaThread "DiscoveryClient-InstanceInfoReplicator-0" daemon [_thread_blocked, id=24860, stack(0x00000096eb500000,0x00000096eb600000)]
=>0x00000286b429f800 JavaThread "http-nio-8083-exec-1" daemon [_thread_in_Java, id=17860, stack(0x00000096eb600000,0x00000096eb700000)]
  0x00000286b4e31000 JavaThread "http-nio-8083-exec-2" daemon [_thread_blocked, id=12292, stack(0x00000096eb700000,0x00000096eb800000)]
  0x00000286b4e36000 JavaThread "http-nio-8083-exec-3" daemon [_thread_blocked, id=24716, stack(0x00000096eb800000,0x00000096eb900000)]
  0x00000286b4e30800 JavaThread "http-nio-8083-exec-4" daemon [_thread_blocked, id=22668, stack(0x00000096eb900000,0x00000096eba00000)]
  0x00000286b4e33800 JavaThread "http-nio-8083-exec-5" daemon [_thread_blocked, id=13064, stack(0x00000096eba00000,0x00000096ebb00000)]
  0x00000286b4e37800 JavaThread "http-nio-8083-exec-6" daemon [_thread_blocked, id=4052, stack(0x00000096ebb00000,0x00000096ebc00000)]
  0x00000286b4e32800 JavaThread "http-nio-8083-exec-7" daemon [_thread_blocked, id=27540, stack(0x00000096ebc00000,0x00000096ebd00000)]
  0x00000286b4e35000 JavaThread "http-nio-8083-exec-8" daemon [_thread_blocked, id=368, stack(0x00000096ebd00000,0x00000096ebe00000)]
  0x00000286b4e37000 JavaThread "http-nio-8083-exec-9" daemon [_thread_blocked, id=1544, stack(0x00000096ebe00000,0x00000096ebf00000)]
  0x00000286b4e32000 JavaThread "http-nio-8083-exec-10" daemon [_thread_blocked, id=25832, stack(0x00000096ebf00000,0x00000096ec000000)]
  0x00000286b4e38800 JavaThread "http-nio-8083-Poller" daemon [_thread_in_native, id=22996, stack(0x00000096ec000000,0x00000096ec100000)]
  0x00000286b4e3a000 JavaThread "http-nio-8083-Acceptor" daemon [_thread_in_native, id=9672, stack(0x00000096ec100000,0x00000096ec200000)]
  0x00000286b4e39800 JavaThread "DestroyJavaVM" [_thread_blocked, id=28052, stack(0x00000096e8e00000,0x00000096e8f00000)]
  0x00000286b4e34800 JavaThread "RMI TCP Connection(2)-192.168.1.50" daemon [_thread_in_native, id=22956, stack(0x00000096eb200000,0x00000096eb300000)]
  0x00000286b4e3c800 JavaThread "RMI TCP Connection(3)-192.168.1.50" daemon [_thread_in_native, id=14508, stack(0x00000096ec200000,0x00000096ec300000)]

Other Threads:
  0x00000286afb15000 VMThread "VM Thread" [stack: 0x00000096e9400000,0x00000096e9500000] [id=25532]
  0x00000286b0df1800 WatcherThread [stack: 0x00000096e9f00000,0x00000096ea000000] [id=17152]
  0x000002868cf5c000 GCTaskThread "GC Thread#0" [stack: 0x00000096e8f00000,0x00000096e9000000] [id=9596]
  0x00000286b0ff1800 GCTaskThread "GC Thread#1" [stack: 0x00000096ea000000,0x00000096ea100000] [id=25880]
  0x00000286b0ff6800 GCTaskThread "GC Thread#2" [stack: 0x00000096ea100000,0x00000096ea200000] [id=20516]
  0x00000286b0ef7800 GCTaskThread "GC Thread#3" [stack: 0x00000096ea200000,0x00000096ea300000] [id=11324]
  0x00000286b0f00000 GCTaskThread "GC Thread#4" [stack: 0x00000096ea300000,0x00000096ea400000] [id=16600]
  0x00000286b1003000 GCTaskThread "GC Thread#5" [stack: 0x00000096ea400000,0x00000096ea500000] [id=9468]
  0x00000286b1bea000 GCTaskThread "GC Thread#6" [stack: 0x00000096eaf00000,0x00000096eb000000] [id=16644]
  0x00000286b1be9800 GCTaskThread "GC Thread#7" [stack: 0x00000096eb000000,0x00000096eb100000] [id=4140]
  0x000002868cfb9800 ConcurrentGCThread "G1 Main Marker" [stack: 0x00000096e9000000,0x00000096e9100000] [id=10516]
  0x000002868cfba800 ConcurrentGCThread "G1 Conc#0" [stack: 0x00000096e9100000,0x00000096e9200000] [id=13376]
  0x00000286b1be5000 ConcurrentGCThread "G1 Conc#1" [stack: 0x00000096ea500000,0x00000096ea600000] [id=24460]
  0x00000286af9fd800 ConcurrentGCThread "G1 Refine#0" [stack: 0x00000096e9200000,0x00000096e9300000] [id=18448]
  0x00000286af9fe800 ConcurrentGCThread "G1 Young RemSet Sampling" [stack: 0x00000096e9300000,0x00000096e9400000] [id=19892]

Threads with active compile tasks:

VM state:not at safepoint (normal execution)

VM Mutex/Monitor currently owned by a thread: None

Heap address: 0x0000000703600000, size: 4042 MB, Compressed Oops mode: Zero based, Oop shift amount: 3
Narrow klass base: 0x0000000800000000, Narrow klass shift: 0
Compressed class space size: 1073741824 Address: 0x0000000800000000

Heap:
 garbage-first heap   total 312320K, used 142017K [0x0000000703600000, 0x0000000800000000)
  region size 1024K, 123 young (125952K), 21 survivors (21504K)
 Metaspace       used 70282K, capacity 72530K, committed 72616K, reserved 1112064K
  class space    used 9310K, capacity 10218K, committed 10272K, reserved 1048576K
Heap Regions: E=young(eden), S=young(survivor), O=old, HS=humongous(starts), HC=humongous(continues), CS=collection set, F=free, A=archive, TAMS=top-at-mark-start (previous, next)
|   0|0x0000000703600000, 0x0000000703700000, 0x0000000703700000|100%|HS|  |TAMS 0x0000000703700000, 0x0000000703600000| Complete 
|   1|0x0000000703700000, 0x0000000703800000, 0x0000000703800000|100%| O|  |TAMS 0x0000000703800000, 0x0000000703700000| Untracked 
|   2|0x0000000703800000, 0x0000000703900000, 0x0000000703900000|100%| O|  |TAMS 0x0000000703900000, 0x0000000703800000| Untracked 
|   3|0x0000000703900000, 0x0000000703a00000, 0x0000000703a00000|100%| O|  |TAMS 0x0000000703a00000, 0x0000000703900000| Untracked 
|   4|0x0000000703a00000, 0x0000000703b00000, 0x0000000703b00000|100%| O|  |TAMS 0x0000000703b00000, 0x0000000703a00000| Untracked 
|   5|0x0000000703b00000, 0x0000000703c00000, 0x0000000703c00000|100%| O|  |TAMS 0x0000000703c00000, 0x0000000703b00000| Untracked 
|   6|0x0000000703c00000, 0x0000000703d00000, 0x0000000703d00000|100%| O|  |TAMS 0x0000000703d00000, 0x0000000703c00000| Untracked 
|   7|0x0000000703d00000, 0x0000000703e00000, 0x0000000703e00000|100%| O|  |TAMS 0x0000000703e00000, 0x0000000703d00000| Untracked 
|   8|0x0000000703e00000, 0x0000000703f00000, 0x0000000703f00000|100%| O|  |TAMS 0x0000000703f00000, 0x0000000703e00000| Untracked 
|   9|0x0000000703f00000, 0x0000000704000000, 0x0000000704000000|100%| O|  |TAMS 0x0000000704000000, 0x0000000703f00000| Untracked 
|  10|0x0000000704000000, 0x0000000704100000, 0x0000000704100000|100%| O|  |TAMS 0x0000000704100000, 0x0000000704000000| Untracked 
|  11|0x0000000704100000, 0x0000000704200000, 0x0000000704200000|100%| O|  |TAMS 0x0000000704151400, 0x0000000704100000| Untracked 
|  12|0x0000000704200000, 0x0000000704300000, 0x0000000704300000|100%| O|  |TAMS 0x0000000704200000, 0x0000000704200000| Untracked 
|  13|0x0000000704300000, 0x0000000704400000, 0x0000000704400000|100%| O|  |TAMS 0x0000000704300000, 0x0000000704300000| Untracked 
|  14|0x0000000704400000, 0x0000000704500000, 0x0000000704500000|100%| O|  |TAMS 0x0000000704400000, 0x0000000704400000| Untracked 
|  15|0x0000000704500000, 0x0000000704600000, 0x0000000704600000|100%| O|  |TAMS 0x0000000704500000, 0x0000000704500000| Untracked 
|  16|0x0000000704600000, 0x00000007046b0400, 0x0000000704700000| 68%| O|  |TAMS 0x0000000704600000, 0x0000000704600000| Untracked 
|  17|0x0000000704700000, 0x0000000704700000, 0x0000000704800000|  0%| F|  |TAMS 0x0000000704700000, 0x0000000704700000| Untracked 
|  18|0x0000000704800000, 0x0000000704800000, 0x0000000704900000|  0%| F|  |TAMS 0x0000000704800000, 0x0000000704800000| Untracked 
|  19|0x0000000704900000, 0x0000000704900000, 0x0000000704a00000|  0%| F|  |TAMS 0x0000000704900000, 0x0000000704900000| Untracked 
|  20|0x0000000704a00000, 0x0000000704a00000, 0x0000000704b00000|  0%| F|  |TAMS 0x0000000704a00000, 0x0000000704a00000| Untracked 
|  21|0x0000000704b00000, 0x0000000704b00000, 0x0000000704c00000|  0%| F|  |TAMS 0x0000000704b00000, 0x0000000704b00000| Untracked 
|  22|0x0000000704c00000, 0x0000000704c00000, 0x0000000704d00000|  0%| F|  |TAMS 0x0000000704c00000, 0x0000000704c00000| Untracked 
|  23|0x0000000704d00000, 0x0000000704d00000, 0x0000000704e00000|  0%| F|  |TAMS 0x0000000704d00000, 0x0000000704d00000| Untracked 
|  24|0x0000000704e00000, 0x0000000704e00000, 0x0000000704f00000|  0%| F|  |TAMS 0x0000000704e00000, 0x0000000704e00000| Untracked 
|  25|0x0000000704f00000, 0x0000000704f00000, 0x0000000705000000|  0%| F|  |TAMS 0x0000000704f00000, 0x0000000704f00000| Untracked 
|  26|0x0000000705000000, 0x0000000705000000, 0x0000000705100000|  0%| F|  |TAMS 0x0000000705000000, 0x0000000705000000| Untracked 
|  27|0x0000000705100000, 0x0000000705100000, 0x0000000705200000|  0%| F|  |TAMS 0x0000000705100000, 0x0000000705100000| Untracked 
|  28|0x0000000705200000, 0x0000000705200000, 0x0000000705300000|  0%| F|  |TAMS 0x0000000705200000, 0x0000000705200000| Untracked 
|  29|0x0000000705300000, 0x0000000705300000, 0x0000000705400000|  0%| F|  |TAMS 0x0000000705300000, 0x0000000705300000| Untracked 
|  30|0x0000000705400000, 0x0000000705400000, 0x0000000705500000|  0%| F|  |TAMS 0x0000000705400000, 0x0000000705400000| Untracked 
|  31|0x0000000705500000, 0x0000000705500000, 0x0000000705600000|  0%| F|  |TAMS 0x0000000705500000, 0x0000000705500000| Untracked 
|  32|0x0000000705600000, 0x0000000705600000, 0x0000000705700000|  0%| F|  |TAMS 0x0000000705600000, 0x0000000705600000| Untracked 
|  33|0x0000000705700000, 0x0000000705700000, 0x0000000705800000|  0%| F|  |TAMS 0x0000000705700000, 0x0000000705700000| Untracked 
|  34|0x0000000705800000, 0x0000000705800000, 0x0000000705900000|  0%| F|  |TAMS 0x0000000705800000, 0x0000000705800000| Untracked 
|  35|0x0000000705900000, 0x0000000705900000, 0x0000000705a00000|  0%| F|  |TAMS 0x0000000705900000, 0x0000000705900000| Untracked 
|  36|0x0000000705a00000, 0x0000000705a00000, 0x0000000705b00000|  0%| F|  |TAMS 0x0000000705a00000, 0x0000000705a00000| Untracked 
|  37|0x0000000705b00000, 0x0000000705b00000, 0x0000000705c00000|  0%| F|  |TAMS 0x0000000705b00000, 0x0000000705b00000| Untracked 
|  38|0x0000000705c00000, 0x0000000705c00000, 0x0000000705d00000|  0%| F|  |TAMS 0x0000000705c00000, 0x0000000705c00000| Untracked 
|  39|0x0000000705d00000, 0x0000000705d00000, 0x0000000705e00000|  0%| F|  |TAMS 0x0000000705d00000, 0x0000000705d00000| Untracked 
|  40|0x0000000705e00000, 0x0000000705e00000, 0x0000000705f00000|  0%| F|  |TAMS 0x0000000705e00000, 0x0000000705e00000| Untracked 
|  41|0x0000000705f00000, 0x0000000705f00000, 0x0000000706000000|  0%| F|  |TAMS 0x0000000705f00000, 0x0000000705f00000| Untracked 
|  42|0x0000000706000000, 0x0000000706000000, 0x0000000706100000|  0%| F|  |TAMS 0x0000000706000000, 0x0000000706000000| Untracked 
|  43|0x0000000706100000, 0x0000000706100000, 0x0000000706200000|  0%| F|  |TAMS 0x0000000706100000, 0x0000000706100000| Untracked 
|  44|0x0000000706200000, 0x0000000706200000, 0x0000000706300000|  0%| F|  |TAMS 0x0000000706200000, 0x0000000706200000| Untracked 
|  45|0x0000000706300000, 0x0000000706300000, 0x0000000706400000|  0%| F|  |TAMS 0x0000000706300000, 0x0000000706300000| Untracked 
|  46|0x0000000706400000, 0x0000000706400000, 0x0000000706500000|  0%| F|  |TAMS 0x0000000706400000, 0x0000000706400000| Untracked 
|  47|0x0000000706500000, 0x0000000706500000, 0x0000000706600000|  0%| F|  |TAMS 0x0000000706500000, 0x0000000706500000| Untracked 
|  48|0x0000000706600000, 0x0000000706600000, 0x0000000706700000|  0%| F|  |TAMS 0x0000000706600000, 0x0000000706600000| Untracked 
|  49|0x0000000706700000, 0x0000000706700000, 0x0000000706800000|  0%| F|  |TAMS 0x0000000706700000, 0x0000000706700000| Untracked 
|  50|0x0000000706800000, 0x0000000706800000, 0x0000000706900000|  0%| F|  |TAMS 0x0000000706800000, 0x0000000706800000| Untracked 
|  51|0x0000000706900000, 0x0000000706900000, 0x0000000706a00000|  0%| F|  |TAMS 0x0000000706900000, 0x0000000706900000| Untracked 
|  52|0x0000000706a00000, 0x0000000706a00000, 0x0000000706b00000|  0%| F|  |TAMS 0x0000000706a00000, 0x0000000706a00000| Untracked 
|  53|0x0000000706b00000, 0x0000000706b00000, 0x0000000706c00000|  0%| F|  |TAMS 0x0000000706b00000, 0x0000000706b00000| Untracked 
|  54|0x0000000706c00000, 0x0000000706c00000, 0x0000000706d00000|  0%| F|  |TAMS 0x0000000706c00000, 0x0000000706c00000| Untracked 
|  55|0x0000000706d00000, 0x0000000706d00000, 0x0000000706e00000|  0%| F|  |TAMS 0x0000000706d00000, 0x0000000706d00000| Untracked 
|  56|0x0000000706e00000, 0x0000000706e00000, 0x0000000706f00000|  0%| F|  |TAMS 0x0000000706e00000, 0x0000000706e00000| Untracked 
|  57|0x0000000706f00000, 0x0000000706f00000, 0x0000000707000000|  0%| F|  |TAMS 0x0000000706f00000, 0x0000000706f00000| Untracked 
|  58|0x0000000707000000, 0x0000000707000000, 0x0000000707100000|  0%| F|  |TAMS 0x0000000707000000, 0x0000000707000000| Untracked 
|  59|0x0000000707100000, 0x0000000707100000, 0x0000000707200000|  0%| F|  |TAMS 0x0000000707100000, 0x0000000707100000| Untracked 
|  60|0x0000000707200000, 0x0000000707200000, 0x0000000707300000|  0%| F|  |TAMS 0x0000000707200000, 0x0000000707200000| Untracked 
|  61|0x0000000707300000, 0x0000000707300000, 0x0000000707400000|  0%| F|  |TAMS 0x0000000707300000, 0x0000000707300000| Untracked 
|  62|0x0000000707400000, 0x0000000707400000, 0x0000000707500000|  0%| F|  |TAMS 0x0000000707400000, 0x0000000707400000| Untracked 
|  63|0x0000000707500000, 0x0000000707500000, 0x0000000707600000|  0%| F|  |TAMS 0x0000000707500000, 0x0000000707500000| Untracked 
|  64|0x0000000707600000, 0x0000000707600000, 0x0000000707700000|  0%| F|  |TAMS 0x0000000707600000, 0x0000000707600000| Untracked 
|  65|0x0000000707700000, 0x0000000707700000, 0x0000000707800000|  0%| F|  |TAMS 0x0000000707700000, 0x0000000707700000| Untracked 
|  66|0x0000000707800000, 0x0000000707800000, 0x0000000707900000|  0%| F|  |TAMS 0x0000000707800000, 0x0000000707800000| Untracked 
|  67|0x0000000707900000, 0x0000000707900000, 0x0000000707a00000|  0%| F|  |TAMS 0x0000000707900000, 0x0000000707900000| Untracked 
|  68|0x0000000707a00000, 0x0000000707a00000, 0x0000000707b00000|  0%| F|  |TAMS 0x0000000707a00000, 0x0000000707a00000| Untracked 
|  69|0x0000000707b00000, 0x0000000707b00000, 0x0000000707c00000|  0%| F|  |TAMS 0x0000000707b00000, 0x0000000707b00000| Untracked 
|  70|0x0000000707c00000, 0x0000000707c00000, 0x0000000707d00000|  0%| F|  |TAMS 0x0000000707c00000, 0x0000000707c00000| Untracked 
|  71|0x0000000707d00000, 0x0000000707d00000, 0x0000000707e00000|  0%| F|  |TAMS 0x0000000707d00000, 0x0000000707d00000| Untracked 
|  72|0x0000000707e00000, 0x0000000707e00000, 0x0000000707f00000|  0%| F|  |TAMS 0x0000000707e00000, 0x0000000707e00000| Untracked 
|  73|0x0000000707f00000, 0x0000000707f00000, 0x0000000708000000|  0%| F|  |TAMS 0x0000000707f00000, 0x0000000707f00000| Untracked 
|  74|0x0000000708000000, 0x0000000708000000, 0x0000000708100000|  0%| F|  |TAMS 0x0000000708000000, 0x0000000708000000| Untracked 
|  75|0x0000000708100000, 0x0000000708100000, 0x0000000708200000|  0%| F|  |TAMS 0x0000000708100000, 0x0000000708100000| Untracked 
|  76|0x0000000708200000, 0x0000000708200000, 0x0000000708300000|  0%| F|  |TAMS 0x0000000708200000, 0x0000000708200000| Untracked 
|  77|0x0000000708300000, 0x0000000708300000, 0x0000000708400000|  0%| F|  |TAMS 0x0000000708300000, 0x0000000708300000| Untracked 
|  78|0x0000000708400000, 0x0000000708400000, 0x0000000708500000|  0%| F|  |TAMS 0x0000000708400000, 0x0000000708400000| Untracked 
|  79|0x0000000708500000, 0x0000000708500000, 0x0000000708600000|  0%| F|  |TAMS 0x0000000708500000, 0x0000000708500000| Untracked 
|  80|0x0000000708600000, 0x0000000708600000, 0x0000000708700000|  0%| F|  |TAMS 0x0000000708600000, 0x0000000708600000| Untracked 
|  81|0x0000000708700000, 0x0000000708700000, 0x0000000708800000|  0%| F|  |TAMS 0x0000000708700000, 0x0000000708700000| Untracked 
|  82|0x0000000708800000, 0x0000000708800000, 0x0000000708900000|  0%| F|  |TAMS 0x0000000708800000, 0x0000000708800000| Untracked 
|  83|0x0000000708900000, 0x0000000708900000, 0x0000000708a00000|  0%| F|  |TAMS 0x0000000708900000, 0x0000000708900000| Untracked 
|  84|0x0000000708a00000, 0x0000000708a00000, 0x0000000708b00000|  0%| F|  |TAMS 0x0000000708a00000, 0x0000000708a00000| Untracked 
|  85|0x0000000708b00000, 0x0000000708b00000, 0x0000000708c00000|  0%| F|  |TAMS 0x0000000708b00000, 0x0000000708b00000| Untracked 
|  86|0x0000000708c00000, 0x0000000708c00000, 0x0000000708d00000|  0%| F|  |TAMS 0x0000000708c00000, 0x0000000708c00000| Untracked 
|  87|0x0000000708d00000, 0x0000000708d00000, 0x0000000708e00000|  0%| F|  |TAMS 0x0000000708d00000, 0x0000000708d00000| Untracked 
|  88|0x0000000708e00000, 0x0000000708e00000, 0x0000000708f00000|  0%| F|  |TAMS 0x0000000708e00000, 0x0000000708e00000| Untracked 
|  89|0x0000000708f00000, 0x0000000708f00000, 0x0000000709000000|  0%| F|  |TAMS 0x0000000708f00000, 0x0000000708f00000| Untracked 
|  90|0x0000000709000000, 0x0000000709000000, 0x0000000709100000|  0%| F|  |TAMS 0x0000000709000000, 0x0000000709000000| Untracked 
|  91|0x0000000709100000, 0x0000000709100000, 0x0000000709200000|  0%| F|  |TAMS 0x0000000709100000, 0x0000000709100000| Untracked 
|  92|0x0000000709200000, 0x0000000709200000, 0x0000000709300000|  0%| F|  |TAMS 0x0000000709200000, 0x0000000709200000| Untracked 
|  93|0x0000000709300000, 0x0000000709300000, 0x0000000709400000|  0%| F|  |TAMS 0x0000000709300000, 0x0000000709300000| Untracked 
|  94|0x0000000709400000, 0x0000000709400000, 0x0000000709500000|  0%| F|  |TAMS 0x0000000709400000, 0x0000000709400000| Untracked 
|  95|0x0000000709500000, 0x0000000709500000, 0x0000000709600000|  0%| F|  |TAMS 0x0000000709500000, 0x0000000709500000| Untracked 
|  96|0x0000000709600000, 0x0000000709600000, 0x0000000709700000|  0%| F|  |TAMS 0x0000000709600000, 0x0000000709600000| Untracked 
|  97|0x0000000709700000, 0x0000000709700000, 0x0000000709800000|  0%| F|  |TAMS 0x0000000709700000, 0x0000000709700000| Untracked 
|  98|0x0000000709800000, 0x0000000709800000, 0x0000000709900000|  0%| F|  |TAMS 0x0000000709800000, 0x0000000709800000| Untracked 
|  99|0x0000000709900000, 0x0000000709900000, 0x0000000709a00000|  0%| F|  |TAMS 0x0000000709900000, 0x0000000709900000| Untracked 
| 100|0x0000000709a00000, 0x0000000709a00000, 0x0000000709b00000|  0%| F|  |TAMS 0x0000000709a00000, 0x0000000709a00000| Untracked 
| 101|0x0000000709b00000, 0x0000000709c00000, 0x0000000709c00000|100%| S|CS|TAMS 0x0000000709b00000, 0x0000000709b00000| Complete 
| 102|0x0000000709c00000, 0x0000000709d00000, 0x0000000709d00000|100%| S|CS|TAMS 0x0000000709c00000, 0x0000000709c00000| Complete 
| 103|0x0000000709d00000, 0x0000000709e00000, 0x0000000709e00000|100%| S|CS|TAMS 0x0000000709d00000, 0x0000000709d00000| Complete 
| 104|0x0000000709e00000, 0x0000000709f00000, 0x0000000709f00000|100%| S|CS|TAMS 0x0000000709e00000, 0x0000000709e00000| Complete 
| 105|0x0000000709f00000, 0x000000070a000000, 0x000000070a000000|100%| S|CS|TAMS 0x0000000709f00000, 0x0000000709f00000| Complete 
| 106|0x000000070a000000, 0x000000070a100000, 0x000000070a100000|100%| S|CS|TAMS 0x000000070a000000, 0x000000070a000000| Complete 
| 107|0x000000070a100000, 0x000000070a200000, 0x000000070a200000|100%| S|CS|TAMS 0x000000070a100000, 0x000000070a100000| Complete 
| 108|0x000000070a200000, 0x000000070a300000, 0x000000070a300000|100%| S|CS|TAMS 0x000000070a200000, 0x000000070a200000| Complete 
| 109|0x000000070a300000, 0x000000070a400000, 0x000000070a400000|100%| S|CS|TAMS 0x000000070a300000, 0x000000070a300000| Complete 
| 110|0x000000070a400000, 0x000000070a500000, 0x000000070a500000|100%| S|CS|TAMS 0x000000070a400000, 0x000000070a400000| Complete 
| 111|0x000000070a500000, 0x000000070a600000, 0x000000070a600000|100%| S|CS|TAMS 0x000000070a500000, 0x000000070a500000| Complete 
| 112|0x000000070a600000, 0x000000070a700000, 0x000000070a700000|100%| S|CS|TAMS 0x000000070a600000, 0x000000070a600000| Complete 
| 113|0x000000070a700000, 0x000000070a800000, 0x000000070a800000|100%| S|CS|TAMS 0x000000070a700000, 0x000000070a700000| Complete 
| 114|0x000000070a800000, 0x000000070a900000, 0x000000070a900000|100%| S|CS|TAMS 0x000000070a800000, 0x000000070a800000| Complete 
| 115|0x000000070a900000, 0x000000070aa00000, 0x000000070aa00000|100%| S|CS|TAMS 0x000000070a900000, 0x000000070a900000| Complete 
| 116|0x000000070aa00000, 0x000000070ab00000, 0x000000070ab00000|100%| S|CS|TAMS 0x000000070aa00000, 0x000000070aa00000| Complete 
| 117|0x000000070ab00000, 0x000000070ac00000, 0x000000070ac00000|100%| S|CS|TAMS 0x000000070ab00000, 0x000000070ab00000| Complete 
| 118|0x000000070ac00000, 0x000000070ad00000, 0x000000070ad00000|100%| S|CS|TAMS 0x000000070ac00000, 0x000000070ac00000| Complete 
| 119|0x000000070ad00000, 0x000000070ae00000, 0x000000070ae00000|100%| S|CS|TAMS 0x000000070ad00000, 0x000000070ad00000| Complete 
| 120|0x000000070ae00000, 0x000000070af00000, 0x000000070af00000|100%| S|CS|TAMS 0x000000070ae00000, 0x000000070ae00000| Complete 
| 121|0x000000070af00000, 0x000000070b000000, 0x000000070b000000|100%| S|CS|TAMS 0x000000070af00000, 0x000000070af00000| Complete 
| 122|0x000000070b000000, 0x000000070b000000, 0x000000070b100000|  0%| F|  |TAMS 0x000000070b000000, 0x000000070b000000| Untracked 
| 123|0x000000070b100000, 0x000000070b100000, 0x000000070b200000|  0%| F|  |TAMS 0x000000070b100000, 0x000000070b100000| Untracked 
| 124|0x000000070b200000, 0x000000070b200000, 0x000000070b300000|  0%| F|  |TAMS 0x000000070b200000, 0x000000070b200000| Untracked 
| 125|0x000000070b300000, 0x000000070b300000, 0x000000070b400000|  0%| F|  |TAMS 0x000000070b300000, 0x000000070b300000| Untracked 
| 126|0x000000070b400000, 0x000000070b400000, 0x000000070b500000|  0%| F|  |TAMS 0x000000070b400000, 0x000000070b400000| Untracked 
| 127|0x000000070b500000, 0x000000070b500000, 0x000000070b600000|  0%| F|  |TAMS 0x000000070b500000, 0x000000070b500000| Untracked 
| 128|0x000000070b600000, 0x000000070b600000, 0x000000070b700000|  0%| F|  |TAMS 0x000000070b600000, 0x000000070b600000| Untracked 
| 129|0x000000070b700000, 0x000000070b700000, 0x000000070b800000|  0%| F|  |TAMS 0x000000070b700000, 0x000000070b700000| Untracked 
| 130|0x000000070b800000, 0x000000070b800000, 0x000000070b900000|  0%| F|  |TAMS 0x000000070b800000, 0x000000070b800000| Untracked 
| 131|0x000000070b900000, 0x000000070b900000, 0x000000070ba00000|  0%| F|  |TAMS 0x000000070b900000, 0x000000070b900000| Untracked 
| 132|0x000000070ba00000, 0x000000070ba00000, 0x000000070bb00000|  0%| F|  |TAMS 0x000000070ba00000, 0x000000070ba00000| Untracked 
| 133|0x000000070bb00000, 0x000000070bb00000, 0x000000070bc00000|  0%| F|  |TAMS 0x000000070bb00000, 0x000000070bb00000| Untracked 
| 134|0x000000070bc00000, 0x000000070bc00000, 0x000000070bd00000|  0%| F|  |TAMS 0x000000070bc00000, 0x000000070bc00000| Untracked 
| 135|0x000000070bd00000, 0x000000070bd00000, 0x000000070be00000|  0%| F|  |TAMS 0x000000070bd00000, 0x000000070bd00000| Untracked 
| 136|0x000000070be00000, 0x000000070be00000, 0x000000070bf00000|  0%| F|  |TAMS 0x000000070be00000, 0x000000070be00000| Untracked 
| 137|0x000000070bf00000, 0x000000070bf00000, 0x000000070c000000|  0%| F|  |TAMS 0x000000070bf00000, 0x000000070bf00000| Untracked 
| 138|0x000000070c000000, 0x000000070c000000, 0x000000070c100000|  0%| F|  |TAMS 0x000000070c000000, 0x000000070c000000| Untracked 
| 139|0x000000070c100000, 0x000000070c100000, 0x000000070c200000|  0%| F|  |TAMS 0x000000070c100000, 0x000000070c100000| Untracked 
| 140|0x000000070c200000, 0x000000070c200000, 0x000000070c300000|  0%| F|  |TAMS 0x000000070c200000, 0x000000070c200000| Untracked 
| 141|0x000000070c300000, 0x000000070c300000, 0x000000070c400000|  0%| F|  |TAMS 0x000000070c300000, 0x000000070c300000| Untracked 
| 142|0x000000070c400000, 0x000000070c400000, 0x000000070c500000|  0%| F|  |TAMS 0x000000070c400000, 0x000000070c400000| Untracked 
| 143|0x000000070c500000, 0x000000070c500000, 0x000000070c600000|  0%| F|  |TAMS 0x000000070c500000, 0x000000070c500000| Untracked 
| 144|0x000000070c600000, 0x000000070c600000, 0x000000070c700000|  0%| F|  |TAMS 0x000000070c600000, 0x000000070c600000| Untracked 
| 145|0x000000070c700000, 0x000000070c700000, 0x000000070c800000|  0%| F|  |TAMS 0x000000070c700000, 0x000000070c700000| Untracked 
| 146|0x000000070c800000, 0x000000070c800000, 0x000000070c900000|  0%| F|  |TAMS 0x000000070c800000, 0x000000070c800000| Untracked 
| 147|0x000000070c900000, 0x000000070c900000, 0x000000070ca00000|  0%| F|  |TAMS 0x000000070c900000, 0x000000070c900000| Untracked 
| 148|0x000000070ca00000, 0x000000070ca00000, 0x000000070cb00000|  0%| F|  |TAMS 0x000000070ca00000, 0x000000070ca00000| Untracked 
| 149|0x000000070cb00000, 0x000000070cb00000, 0x000000070cc00000|  0%| F|  |TAMS 0x000000070cb00000, 0x000000070cb00000| Untracked 
| 150|0x000000070cc00000, 0x000000070cc00000, 0x000000070cd00000|  0%| F|  |TAMS 0x000000070cc00000, 0x000000070cc00000| Untracked 
| 151|0x000000070cd00000, 0x000000070cd00000, 0x000000070ce00000|  0%| F|  |TAMS 0x000000070cd00000, 0x000000070cd00000| Untracked 
| 152|0x000000070ce00000, 0x000000070ce00000, 0x000000070cf00000|  0%| F|  |TAMS 0x000000070ce00000, 0x000000070ce00000| Untracked 
| 153|0x000000070cf00000, 0x000000070cf00000, 0x000000070d000000|  0%| F|  |TAMS 0x000000070cf00000, 0x000000070cf00000| Untracked 
| 154|0x000000070d000000, 0x000000070d000000, 0x000000070d100000|  0%| F|  |TAMS 0x000000070d000000, 0x000000070d000000| Untracked 
| 155|0x000000070d100000, 0x000000070d100000, 0x000000070d200000|  0%| F|  |TAMS 0x000000070d100000, 0x000000070d100000| Untracked 
| 156|0x000000070d200000, 0x000000070d200000, 0x000000070d300000|  0%| F|  |TAMS 0x000000070d200000, 0x000000070d200000| Untracked 
| 157|0x000000070d300000, 0x000000070d300000, 0x000000070d400000|  0%| F|  |TAMS 0x000000070d300000, 0x000000070d300000| Untracked 
| 158|0x000000070d400000, 0x000000070d400000, 0x000000070d500000|  0%| F|  |TAMS 0x000000070d400000, 0x000000070d400000| Untracked 
| 159|0x000000070d500000, 0x000000070d500000, 0x000000070d600000|  0%| F|  |TAMS 0x000000070d500000, 0x000000070d500000| Untracked 
| 160|0x000000070d600000, 0x000000070d600000, 0x000000070d700000|  0%| F|  |TAMS 0x000000070d600000, 0x000000070d600000| Untracked 
| 161|0x000000070d700000, 0x000000070d700000, 0x000000070d800000|  0%| F|  |TAMS 0x000000070d700000, 0x000000070d700000| Untracked 
| 162|0x000000070d800000, 0x000000070d800000, 0x000000070d900000|  0%| F|  |TAMS 0x000000070d800000, 0x000000070d800000| Untracked 
| 163|0x000000070d900000, 0x000000070d900000, 0x000000070da00000|  0%| F|  |TAMS 0x000000070d900000, 0x000000070d900000| Untracked 
| 164|0x000000070da00000, 0x000000070da00000, 0x000000070db00000|  0%| F|  |TAMS 0x000000070da00000, 0x000000070da00000| Untracked 
| 165|0x000000070db00000, 0x000000070db00000, 0x000000070dc00000|  0%| F|  |TAMS 0x000000070db00000, 0x000000070db00000| Untracked 
| 166|0x000000070dc00000, 0x000000070dc00000, 0x000000070dd00000|  0%| F|  |TAMS 0x000000070dc00000, 0x000000070dc00000| Untracked 
| 167|0x000000070dd00000, 0x000000070dd00000, 0x000000070de00000|  0%| F|  |TAMS 0x000000070dd00000, 0x000000070dd00000| Untracked 
| 168|0x000000070de00000, 0x000000070de00000, 0x000000070df00000|  0%| F|  |TAMS 0x000000070de00000, 0x000000070de00000| Untracked 
| 169|0x000000070df00000, 0x000000070df00000, 0x000000070e000000|  0%| F|  |TAMS 0x000000070df00000, 0x000000070df00000| Untracked 
| 170|0x000000070e000000, 0x000000070e000000, 0x000000070e100000|  0%| F|  |TAMS 0x000000070e000000, 0x000000070e000000| Untracked 
| 171|0x000000070e100000, 0x000000070e100000, 0x000000070e200000|  0%| F|  |TAMS 0x000000070e100000, 0x000000070e100000| Untracked 
| 172|0x000000070e200000, 0x000000070e200000, 0x000000070e300000|  0%| F|  |TAMS 0x000000070e200000, 0x000000070e200000| Untracked 
| 173|0x000000070e300000, 0x000000070e300000, 0x000000070e400000|  0%| F|  |TAMS 0x000000070e300000, 0x000000070e300000| Untracked 
| 174|0x000000070e400000, 0x000000070e400000, 0x000000070e500000|  0%| F|  |TAMS 0x000000070e400000, 0x000000070e400000| Untracked 
| 175|0x000000070e500000, 0x000000070e500000, 0x000000070e600000|  0%| F|  |TAMS 0x000000070e500000, 0x000000070e500000| Untracked 
| 176|0x000000070e600000, 0x000000070e600000, 0x000000070e700000|  0%| F|  |TAMS 0x000000070e600000, 0x000000070e600000| Untracked 
| 177|0x000000070e700000, 0x000000070e700000, 0x000000070e800000|  0%| F|  |TAMS 0x000000070e700000, 0x000000070e700000| Untracked 
| 178|0x000000070e800000, 0x000000070e800000, 0x000000070e900000|  0%| F|  |TAMS 0x000000070e800000, 0x000000070e800000| Untracked 
| 179|0x000000070e900000, 0x000000070e900000, 0x000000070ea00000|  0%| F|  |TAMS 0x000000070e900000, 0x000000070e900000| Untracked 
| 180|0x000000070ea00000, 0x000000070ea00000, 0x000000070eb00000|  0%| F|  |TAMS 0x000000070ea00000, 0x000000070ea00000| Untracked 
| 181|0x000000070eb00000, 0x000000070eb00000, 0x000000070ec00000|  0%| F|  |TAMS 0x000000070eb00000, 0x000000070eb00000| Untracked 
| 182|0x000000070ec00000, 0x000000070ec00000, 0x000000070ed00000|  0%| F|  |TAMS 0x000000070ec00000, 0x000000070ec00000| Untracked 
| 183|0x000000070ed00000, 0x000000070ed00000, 0x000000070ee00000|  0%| F|  |TAMS 0x000000070ed00000, 0x000000070ed00000| Untracked 
| 184|0x000000070ee00000, 0x000000070ee00000, 0x000000070ef00000|  0%| F|  |TAMS 0x000000070ee00000, 0x000000070ee00000| Untracked 
| 185|0x000000070ef00000, 0x000000070ef00000, 0x000000070f000000|  0%| F|  |TAMS 0x000000070ef00000, 0x000000070ef00000| Untracked 
| 186|0x000000070f000000, 0x000000070f000000, 0x000000070f100000|  0%| F|  |TAMS 0x000000070f000000, 0x000000070f000000| Untracked 
| 187|0x000000070f100000, 0x000000070f100000, 0x000000070f200000|  0%| F|  |TAMS 0x000000070f100000, 0x000000070f100000| Untracked 
| 188|0x000000070f200000, 0x000000070f200000, 0x000000070f300000|  0%| F|  |TAMS 0x000000070f200000, 0x000000070f200000| Untracked 
| 189|0x000000070f300000, 0x000000070f300000, 0x000000070f400000|  0%| F|  |TAMS 0x000000070f300000, 0x000000070f300000| Untracked 
| 190|0x000000070f400000, 0x000000070f400000, 0x000000070f500000|  0%| F|  |TAMS 0x000000070f400000, 0x000000070f400000| Untracked 
| 191|0x000000070f500000, 0x000000070f500000, 0x000000070f600000|  0%| F|  |TAMS 0x000000070f500000, 0x000000070f500000| Untracked 
| 192|0x000000070f600000, 0x000000070f600000, 0x000000070f700000|  0%| F|  |TAMS 0x000000070f600000, 0x000000070f600000| Untracked 
| 193|0x000000070f700000, 0x000000070f700000, 0x000000070f800000|  0%| F|  |TAMS 0x000000070f700000, 0x000000070f700000| Untracked 
| 194|0x000000070f800000, 0x000000070f800000, 0x000000070f900000|  0%| F|  |TAMS 0x000000070f800000, 0x000000070f800000| Untracked 
| 195|0x000000070f900000, 0x000000070f900000, 0x000000070fa00000|  0%| F|  |TAMS 0x000000070f900000, 0x000000070f900000| Untracked 
| 196|0x000000070fa00000, 0x000000070fa00000, 0x000000070fb00000|  0%| F|  |TAMS 0x000000070fa00000, 0x000000070fa00000| Untracked 
| 197|0x000000070fb00000, 0x000000070fb00000, 0x000000070fc00000|  0%| F|  |TAMS 0x000000070fb00000, 0x000000070fb00000| Untracked 
| 198|0x000000070fc00000, 0x000000070fc00000, 0x000000070fd00000|  0%| F|  |TAMS 0x000000070fc00000, 0x000000070fc00000| Untracked 
| 199|0x000000070fd00000, 0x000000070fd00000, 0x000000070fe00000|  0%| F|  |TAMS 0x000000070fd00000, 0x000000070fd00000| Untracked 
| 200|0x000000070fe00000, 0x000000070fe00000, 0x000000070ff00000|  0%| F|  |TAMS 0x000000070fe00000, 0x000000070fe00000| Untracked 
| 201|0x000000070ff00000, 0x000000070ff00000, 0x0000000710000000|  0%| F|  |TAMS 0x000000070ff00000, 0x000000070ff00000| Untracked 
| 202|0x0000000710000000, 0x0000000710000000, 0x0000000710100000|  0%| F|  |TAMS 0x0000000710000000, 0x0000000710000000| Untracked 
| 203|0x0000000710100000, 0x0000000710180800, 0x0000000710200000| 50%| E|  |TAMS 0x0000000710100000, 0x0000000710100000| Complete 
| 204|0x0000000710200000, 0x0000000710300000, 0x0000000710300000|100%| E|CS|TAMS 0x0000000710200000, 0x0000000710200000| Complete 
| 205|0x0000000710300000, 0x0000000710400000, 0x0000000710400000|100%| E|CS|TAMS 0x0000000710300000, 0x0000000710300000| Complete 
| 206|0x0000000710400000, 0x0000000710500000, 0x0000000710500000|100%| E|CS|TAMS 0x0000000710400000, 0x0000000710400000| Complete 
| 207|0x0000000710500000, 0x0000000710600000, 0x0000000710600000|100%| E|CS|TAMS 0x0000000710500000, 0x0000000710500000| Complete 
| 208|0x0000000710600000, 0x0000000710700000, 0x0000000710700000|100%| E|CS|TAMS 0x0000000710600000, 0x0000000710600000| Complete 
| 209|0x0000000710700000, 0x0000000710800000, 0x0000000710800000|100%| E|CS|TAMS 0x0000000710700000, 0x0000000710700000| Complete 
| 210|0x0000000710800000, 0x0000000710900000, 0x0000000710900000|100%| E|CS|TAMS 0x0000000710800000, 0x0000000710800000| Complete 
| 211|0x0000000710900000, 0x0000000710a00000, 0x0000000710a00000|100%| E|CS|TAMS 0x0000000710900000, 0x0000000710900000| Complete 
| 212|0x0000000710a00000, 0x0000000710b00000, 0x0000000710b00000|100%| E|CS|TAMS 0x0000000710a00000, 0x0000000710a00000| Complete 
| 213|0x0000000710b00000, 0x0000000710c00000, 0x0000000710c00000|100%| E|CS|TAMS 0x0000000710b00000, 0x0000000710b00000| Complete 
| 214|0x0000000710c00000, 0x0000000710d00000, 0x0000000710d00000|100%| E|CS|TAMS 0x0000000710c00000, 0x0000000710c00000| Complete 
| 215|0x0000000710d00000, 0x0000000710e00000, 0x0000000710e00000|100%| E|CS|TAMS 0x0000000710d00000, 0x0000000710d00000| Complete 
| 216|0x0000000710e00000, 0x0000000710f00000, 0x0000000710f00000|100%| E|CS|TAMS 0x0000000710e00000, 0x0000000710e00000| Complete 
| 217|0x0000000710f00000, 0x0000000711000000, 0x0000000711000000|100%| E|CS|TAMS 0x0000000710f00000, 0x0000000710f00000| Complete 
| 218|0x0000000711000000, 0x0000000711100000, 0x0000000711100000|100%| E|CS|TAMS 0x0000000711000000, 0x0000000711000000| Complete 
| 219|0x0000000711100000, 0x0000000711200000, 0x0000000711200000|100%| E|CS|TAMS 0x0000000711100000, 0x0000000711100000| Complete 
| 220|0x0000000711200000, 0x0000000711300000, 0x0000000711300000|100%| E|CS|TAMS 0x0000000711200000, 0x0000000711200000| Complete 
| 221|0x0000000711300000, 0x0000000711400000, 0x0000000711400000|100%| E|CS|TAMS 0x0000000711300000, 0x0000000711300000| Complete 
| 222|0x0000000711400000, 0x0000000711500000, 0x0000000711500000|100%| E|CS|TAMS 0x0000000711400000, 0x0000000711400000| Complete 
| 223|0x0000000711500000, 0x0000000711600000, 0x0000000711600000|100%| E|CS|TAMS 0x0000000711500000, 0x0000000711500000| Complete 
| 224|0x0000000711600000, 0x0000000711700000, 0x0000000711700000|100%| E|CS|TAMS 0x0000000711600000, 0x0000000711600000| Complete 
| 225|0x0000000711700000, 0x0000000711800000, 0x0000000711800000|100%| E|CS|TAMS 0x0000000711700000, 0x0000000711700000| Complete 
| 226|0x0000000711800000, 0x0000000711900000, 0x0000000711900000|100%| E|CS|TAMS 0x0000000711800000, 0x0000000711800000| Complete 
| 227|0x0000000711900000, 0x0000000711a00000, 0x0000000711a00000|100%| E|CS|TAMS 0x0000000711900000, 0x0000000711900000| Complete 
| 228|0x0000000711a00000, 0x0000000711b00000, 0x0000000711b00000|100%| E|CS|TAMS 0x0000000711a00000, 0x0000000711a00000| Complete 
| 229|0x0000000711b00000, 0x0000000711c00000, 0x0000000711c00000|100%| E|CS|TAMS 0x0000000711b00000, 0x0000000711b00000| Complete 
| 230|0x0000000711c00000, 0x0000000711d00000, 0x0000000711d00000|100%| E|CS|TAMS 0x0000000711c00000, 0x0000000711c00000| Complete 
| 231|0x0000000711d00000, 0x0000000711e00000, 0x0000000711e00000|100%| E|CS|TAMS 0x0000000711d00000, 0x0000000711d00000| Complete 
| 232|0x0000000711e00000, 0x0000000711f00000, 0x0000000711f00000|100%| E|CS|TAMS 0x0000000711e00000, 0x0000000711e00000| Complete 
| 233|0x0000000711f00000, 0x0000000712000000, 0x0000000712000000|100%| E|CS|TAMS 0x0000000711f00000, 0x0000000711f00000| Complete 
| 234|0x0000000712000000, 0x0000000712100000, 0x0000000712100000|100%| E|CS|TAMS 0x0000000712000000, 0x0000000712000000| Complete 
| 235|0x0000000712100000, 0x0000000712200000, 0x0000000712200000|100%| E|CS|TAMS 0x0000000712100000, 0x0000000712100000| Complete 
| 236|0x0000000712200000, 0x0000000712300000, 0x0000000712300000|100%| E|CS|TAMS 0x0000000712200000, 0x0000000712200000| Complete 
| 237|0x0000000712300000, 0x0000000712400000, 0x0000000712400000|100%| E|CS|TAMS 0x0000000712300000, 0x0000000712300000| Complete 
| 238|0x0000000712400000, 0x0000000712500000, 0x0000000712500000|100%| E|CS|TAMS 0x0000000712400000, 0x0000000712400000| Complete 
| 239|0x0000000712500000, 0x0000000712600000, 0x0000000712600000|100%| E|CS|TAMS 0x0000000712500000, 0x0000000712500000| Complete 
| 240|0x0000000712600000, 0x0000000712700000, 0x0000000712700000|100%| E|CS|TAMS 0x0000000712600000, 0x0000000712600000| Complete 
| 241|0x0000000712700000, 0x0000000712800000, 0x0000000712800000|100%| E|CS|TAMS 0x0000000712700000, 0x0000000712700000| Complete 
| 242|0x0000000712800000, 0x0000000712900000, 0x0000000712900000|100%| E|CS|TAMS 0x0000000712800000, 0x0000000712800000| Complete 
| 243|0x0000000712900000, 0x0000000712a00000, 0x0000000712a00000|100%| E|CS|TAMS 0x0000000712900000, 0x0000000712900000| Complete 
| 244|0x0000000712a00000, 0x0000000712b00000, 0x0000000712b00000|100%| E|CS|TAMS 0x0000000712a00000, 0x0000000712a00000| Complete 
| 245|0x0000000712b00000, 0x0000000712c00000, 0x0000000712c00000|100%| E|CS|TAMS 0x0000000712b00000, 0x0000000712b00000| Complete 
| 246|0x0000000712c00000, 0x0000000712d00000, 0x0000000712d00000|100%| E|CS|TAMS 0x0000000712c00000, 0x0000000712c00000| Complete 
| 247|0x0000000712d00000, 0x0000000712e00000, 0x0000000712e00000|100%| E|CS|TAMS 0x0000000712d00000, 0x0000000712d00000| Complete 
| 248|0x0000000712e00000, 0x0000000712f00000, 0x0000000712f00000|100%| E|CS|TAMS 0x0000000712e00000, 0x0000000712e00000| Complete 
| 249|0x0000000712f00000, 0x0000000713000000, 0x0000000713000000|100%| E|CS|TAMS 0x0000000712f00000, 0x0000000712f00000| Complete 
| 250|0x0000000713000000, 0x0000000713100000, 0x0000000713100000|100%| E|CS|TAMS 0x0000000713000000, 0x0000000713000000| Complete 
| 251|0x0000000713100000, 0x0000000713200000, 0x0000000713200000|100%| E|CS|TAMS 0x0000000713100000, 0x0000000713100000| Complete 
| 252|0x0000000713200000, 0x0000000713300000, 0x0000000713300000|100%| E|CS|TAMS 0x0000000713200000, 0x0000000713200000| Complete 
| 253|0x0000000713300000, 0x0000000713400000, 0x0000000713400000|100%| E|CS|TAMS 0x0000000713300000, 0x0000000713300000| Complete 
| 254|0x0000000713400000, 0x0000000713500000, 0x0000000713500000|100%| E|CS|TAMS 0x0000000713400000, 0x0000000713400000| Complete 
| 255|0x0000000713500000, 0x0000000713600000, 0x0000000713600000|100%| E|CS|TAMS 0x0000000713500000, 0x0000000713500000| Complete 
| 256|0x0000000713600000, 0x0000000713700000, 0x0000000713700000|100%| E|CS|TAMS 0x0000000713600000, 0x0000000713600000| Complete 
| 257|0x0000000713700000, 0x0000000713800000, 0x0000000713800000|100%| E|CS|TAMS 0x0000000713700000, 0x0000000713700000| Complete 
| 258|0x0000000713800000, 0x0000000713900000, 0x0000000713900000|100%| E|CS|TAMS 0x0000000713800000, 0x0000000713800000| Complete 
| 259|0x0000000713900000, 0x0000000713a00000, 0x0000000713a00000|100%| E|CS|TAMS 0x0000000713900000, 0x0000000713900000| Complete 
| 260|0x0000000713a00000, 0x0000000713b00000, 0x0000000713b00000|100%| E|CS|TAMS 0x0000000713a00000, 0x0000000713a00000| Complete 
| 261|0x0000000713b00000, 0x0000000713c00000, 0x0000000713c00000|100%| E|CS|TAMS 0x0000000713b00000, 0x0000000713b00000| Complete 
| 262|0x0000000713c00000, 0x0000000713d00000, 0x0000000713d00000|100%| E|CS|TAMS 0x0000000713c00000, 0x0000000713c00000| Complete 
| 263|0x0000000713d00000, 0x0000000713e00000, 0x0000000713e00000|100%| E|CS|TAMS 0x0000000713d00000, 0x0000000713d00000| Complete 
| 264|0x0000000713e00000, 0x0000000713f00000, 0x0000000713f00000|100%| E|CS|TAMS 0x0000000713e00000, 0x0000000713e00000| Complete 
| 265|0x0000000713f00000, 0x0000000714000000, 0x0000000714000000|100%| E|CS|TAMS 0x0000000713f00000, 0x0000000713f00000| Complete 
| 266|0x0000000714000000, 0x0000000714100000, 0x0000000714100000|100%| E|CS|TAMS 0x0000000714000000, 0x0000000714000000| Complete 
| 267|0x0000000714100000, 0x0000000714200000, 0x0000000714200000|100%| E|CS|TAMS 0x0000000714100000, 0x0000000714100000| Complete 
| 268|0x0000000714200000, 0x0000000714300000, 0x0000000714300000|100%| E|CS|TAMS 0x0000000714200000, 0x0000000714200000| Complete 
| 269|0x0000000714300000, 0x0000000714400000, 0x0000000714400000|100%| E|CS|TAMS 0x0000000714300000, 0x0000000714300000| Complete 
| 270|0x0000000714400000, 0x0000000714500000, 0x0000000714500000|100%| E|CS|TAMS 0x0000000714400000, 0x0000000714400000| Complete 
| 271|0x0000000714500000, 0x0000000714600000, 0x0000000714600000|100%| E|CS|TAMS 0x0000000714500000, 0x0000000714500000| Complete 
| 272|0x0000000714600000, 0x0000000714700000, 0x0000000714700000|100%| E|CS|TAMS 0x0000000714600000, 0x0000000714600000| Complete 
| 273|0x0000000714700000, 0x0000000714800000, 0x0000000714800000|100%| E|CS|TAMS 0x0000000714700000, 0x0000000714700000| Complete 
| 274|0x0000000714800000, 0x0000000714900000, 0x0000000714900000|100%| E|CS|TAMS 0x0000000714800000, 0x0000000714800000| Complete 
| 275|0x0000000714900000, 0x0000000714a00000, 0x0000000714a00000|100%| E|CS|TAMS 0x0000000714900000, 0x0000000714900000| Complete 
| 276|0x0000000714a00000, 0x0000000714b00000, 0x0000000714b00000|100%| E|CS|TAMS 0x0000000714a00000, 0x0000000714a00000| Complete 
| 277|0x0000000714b00000, 0x0000000714c00000, 0x0000000714c00000|100%| E|CS|TAMS 0x0000000714b00000, 0x0000000714b00000| Complete 
| 278|0x0000000714c00000, 0x0000000714d00000, 0x0000000714d00000|100%| E|CS|TAMS 0x0000000714c00000, 0x0000000714c00000| Complete 
| 279|0x0000000714d00000, 0x0000000714e00000, 0x0000000714e00000|100%| E|CS|TAMS 0x0000000714d00000, 0x0000000714d00000| Complete 
| 280|0x0000000714e00000, 0x0000000714f00000, 0x0000000714f00000|100%| E|CS|TAMS 0x0000000714e00000, 0x0000000714e00000| Complete 
| 281|0x0000000714f00000, 0x0000000715000000, 0x0000000715000000|100%| E|CS|TAMS 0x0000000714f00000, 0x0000000714f00000| Complete 
| 282|0x0000000715000000, 0x0000000715100000, 0x0000000715100000|100%| E|CS|TAMS 0x0000000715000000, 0x0000000715000000| Complete 
| 283|0x0000000715100000, 0x0000000715200000, 0x0000000715200000|100%| E|CS|TAMS 0x0000000715100000, 0x0000000715100000| Complete 
| 284|0x0000000715200000, 0x0000000715300000, 0x0000000715300000|100%| E|CS|TAMS 0x0000000715200000, 0x0000000715200000| Complete 
| 285|0x0000000715300000, 0x0000000715400000, 0x0000000715400000|100%| E|CS|TAMS 0x0000000715300000, 0x0000000715300000| Complete 
| 286|0x0000000715400000, 0x0000000715500000, 0x0000000715500000|100%| E|CS|TAMS 0x0000000715400000, 0x0000000715400000| Complete 
| 287|0x0000000715500000, 0x0000000715600000, 0x0000000715600000|100%| E|CS|TAMS 0x0000000715500000, 0x0000000715500000| Complete 
| 288|0x0000000715600000, 0x0000000715700000, 0x0000000715700000|100%| E|CS|TAMS 0x0000000715600000, 0x0000000715600000| Complete 
| 289|0x0000000715700000, 0x0000000715800000, 0x0000000715800000|100%| E|CS|TAMS 0x0000000715700000, 0x0000000715700000| Complete 
| 290|0x0000000715800000, 0x0000000715900000, 0x0000000715900000|100%| E|CS|TAMS 0x0000000715800000, 0x0000000715800000| Complete 
| 291|0x0000000715900000, 0x0000000715a00000, 0x0000000715a00000|100%| E|CS|TAMS 0x0000000715900000, 0x0000000715900000| Complete 
| 292|0x0000000715a00000, 0x0000000715b00000, 0x0000000715b00000|100%| E|CS|TAMS 0x0000000715a00000, 0x0000000715a00000| Complete 
| 293|0x0000000715b00000, 0x0000000715c00000, 0x0000000715c00000|100%| E|CS|TAMS 0x0000000715b00000, 0x0000000715b00000| Complete 
| 294|0x0000000715c00000, 0x0000000715d00000, 0x0000000715d00000|100%| E|CS|TAMS 0x0000000715c00000, 0x0000000715c00000| Complete 
| 295|0x0000000715d00000, 0x0000000715e00000, 0x0000000715e00000|100%| E|CS|TAMS 0x0000000715d00000, 0x0000000715d00000| Complete 
| 296|0x0000000715e00000, 0x0000000715f00000, 0x0000000715f00000|100%| E|CS|TAMS 0x0000000715e00000, 0x0000000715e00000| Complete 
| 297|0x0000000715f00000, 0x0000000716000000, 0x0000000716000000|100%| E|CS|TAMS 0x0000000715f00000, 0x0000000715f00000| Complete 
| 298|0x0000000716000000, 0x0000000716100000, 0x0000000716100000|100%| E|CS|TAMS 0x0000000716000000, 0x0000000716000000| Complete 
| 299|0x0000000716100000, 0x0000000716200000, 0x0000000716200000|100%| E|CS|TAMS 0x0000000716100000, 0x0000000716100000| Complete 
| 300|0x0000000716200000, 0x0000000716300000, 0x0000000716300000|100%| E|CS|TAMS 0x0000000716200000, 0x0000000716200000| Complete 
| 301|0x0000000716300000, 0x0000000716400000, 0x0000000716400000|100%| E|CS|TAMS 0x0000000716300000, 0x0000000716300000| Complete 
| 302|0x0000000716400000, 0x0000000716500000, 0x0000000716500000|100%| E|CS|TAMS 0x0000000716400000, 0x0000000716400000| Complete 
| 303|0x0000000716500000, 0x0000000716600000, 0x0000000716600000|100%| E|CS|TAMS 0x0000000716500000, 0x0000000716500000| Complete 
| 304|0x0000000716600000, 0x0000000716700000, 0x0000000716700000|100%| E|CS|TAMS 0x0000000716600000, 0x0000000716600000| Complete 

Card table byte_map: [0x00000286a4140000,0x00000286a4930000] _byte_map_base: 0x00000286a0925000

Marking Bits (Prev, Next): (CMBitMap*) 0x000002868cfa8a40, (CMBitMap*) 0x000002868cfa8a08
 Prev Bits: [0x00000286a9050000, 0x00000286acf78000)
 Next Bits: [0x00000286a5120000, 0x00000286a9048000)

Polling page: 0x000002868ae60000

Metaspace:

Usage:
  Non-class:     60.85 MB capacity,    59.54 MB ( 98%) used,     1.05 MB (  2%) free+waste,   260.19 KB ( <1%) overhead. 
      Class:      9.98 MB capacity,     9.09 MB ( 91%) used,   774.46 KB (  8%) free+waste,   133.31 KB (  1%) overhead. 
       Both:     70.83 MB capacity,    68.64 MB ( 97%) used,     1.81 MB (  3%) free+waste,   393.50 KB ( <1%) overhead. 

Virtual space:
  Non-class space:       62.00 MB reserved,      60.88 MB ( 98%) committed 
      Class space:        1.00 GB reserved,      10.03 MB ( <1%) committed 
             Both:        1.06 GB reserved,      70.91 MB (  7%) committed 

Chunk freelists:
   Non-Class:  4.00 KB
       Class:  0 bytes
        Both:  4.00 KB

CodeHeap 'non-profiled nmethods': size=238336Kb used=9925Kb max_used=9925Kb free=228410Kb
 bounds [0x0000028694d60000, 0x0000028695720000, 0x00000286a3620000]
CodeHeap 'non-nmethods': size=7424Kb used=1283Kb max_used=1283Kb free=6140Kb
 bounds [0x0000028694620000, 0x0000028694890000, 0x0000028694d60000]
 total_blobs=6820 nmethods=6172 adapters=573
 compilation: enabled
              stopped_count=0, restarted_count=0
 full_count=0

Compilation events (10 events):
Event: 18.707 Thread 0x00000286b0426000 6168 %     1       java.util.Properties$LineReader::readLine @ 293 (584 bytes)
Event: 18.708 Thread 0x00000286b0426000 nmethod 6168% 0x000002869570da10 code [0x000002869570dc80, 0x000002869570f038]
Event: 18.709 Thread 0x00000286b0426000 6169       1       java.nio.HeapByteBuffer::isReadOnly (2 bytes)
Event: 18.709 Thread 0x00000286b0426000 nmethod 6169 0x000002869570fa90 code [0x000002869570fc20, 0x000002869570fcd8]
Event: 18.716 Thread 0x00000286b0426000 6170       1       java.nio.charset.CharsetDecoder::reset (11 bytes)
Event: 18.717 Thread 0x00000286b0426000 nmethod 6170 0x000002869570fd90 code [0x000002869570ff20, 0x000002869570ffd8]
Event: 18.717 Thread 0x00000286b0426000 6171       1       java.nio.charset.CharsetDecoder::implReset (1 bytes)
Event: 18.717 Thread 0x00000286b0426000 nmethod 6171 0x0000028695710090 code [0x0000028695710220, 0x00000286957102d8]
Event: 18.725 Thread 0x00000286b0426000 6172       1       org.springframework.core.annotation.AnnotationTypeMapping$MirrorSets::updateFrom (148 bytes)
Event: 18.726 Thread 0x00000286b0426000 nmethod 6172 0x0000028695710390 code [0x0000028695710600, 0x0000028695711108]

GC Heap History (10 events):
Event: 4.371 GC heap before
{Heap before GC invocations=5 (full 0):
 garbage-first heap   total 260096K, used 103136K [0x0000000703600000, 0x0000000800000000)
  region size 1024K, 92 young (94208K), 5 survivors (5120K)
 Metaspace       used 33399K, capacity 34453K, committed 34556K, reserved 1079296K
  class space    used 4086K, capacity 4516K, committed 4608K, reserved 1048576K
}
Event: 4.381 GC heap after
{Heap after GC invocations=6 (full 0):
 garbage-first heap   total 260096K, used 17536K [0x0000000703600000, 0x0000000800000000)
  region size 1024K, 9 young (9216K), 9 survivors (9216K)
 Metaspace       used 33399K, capacity 34453K, committed 34556K, reserved 1079296K
  class space    used 4086K, capacity 4516K, committed 4608K, reserved 1048576K
}
Event: 4.510 GC heap before
{Heap before GC invocations=6 (full 0):
 garbage-first heap   total 260096K, used 42112K [0x0000000703600000, 0x0000000800000000)
  region size 1024K, 34 young (34816K), 9 survivors (9216K)
 Metaspace       used 34902K, capacity 35974K, committed 36048K, reserved 1081344K
  class space    used 4304K, capacity 4746K, committed 4820K, reserved 1048576K
}
Event: 4.517 GC heap after
{Heap after GC invocations=7 (full 0):
 garbage-first heap   total 260096K, used 17821K [0x0000000703600000, 0x0000000800000000)
  region size 1024K, 9 young (9216K), 9 survivors (9216K)
 Metaspace       used 34902K, capacity 35974K, committed 36048K, reserved 1081344K
  class space    used 4304K, capacity 4746K, committed 4820K, reserved 1048576K
}
Event: 5.263 GC heap before
{Heap before GC invocations=8 (full 0):
 garbage-first heap   total 260096K, used 146845K [0x0000000703600000, 0x0000000800000000)
  region size 1024K, 131 young (134144K), 9 survivors (9216K)
 Metaspace       used 42461K, capacity 43820K, committed 44112K, reserved 1087488K
  class space    used 5350K, capacity 5912K, committed 5972K, reserved 1048576K
}
Event: 5.277 GC heap after
{Heap after GC invocations=9 (full 0):
 garbage-first heap   total 312320K, used 23666K [0x0000000703600000, 0x0000000800000000)
  region size 1024K, 15 young (15360K), 15 survivors (15360K)
 Metaspace       used 42461K, capacity 43820K, committed 44112K, reserved 1087488K
  class space    used 5350K, capacity 5912K, committed 5972K, reserved 1048576K
}
Event: 6.011 GC heap before
{Heap before GC invocations=9 (full 0):
 garbage-first heap   total 312320K, used 127090K [0x0000000703600000, 0x0000000800000000)
  region size 1024K, 117 young (119808K), 15 survivors (15360K)
 Metaspace       used 58709K, capacity 60414K, committed 60508K, reserved 1101824K
  class space    used 7647K, capacity 8364K, committed 8404K, reserved 1048576K
}
Event: 6.027 GC heap after
{Heap after GC invocations=10 (full 0):
 garbage-first heap   total 312320K, used 28997K [0x0000000703600000, 0x0000000800000000)
  region size 1024K, 17 young (17408K), 17 survivors (17408K)
 Metaspace       used 58709K, capacity 60414K, committed 60508K, reserved 1101824K
  class space    used 7647K, capacity 8364K, committed 8404K, reserved 1048576K
}
Event: 6.733 GC heap before
{Heap before GC invocations=11 (full 0):
 garbage-first heap   total 312320K, used 198981K [0x0000000703600000, 0x0000000800000000)
  region size 1024K, 183 young (187392K), 17 survivors (17408K)
 Metaspace       used 63102K, capacity 65219K, committed 65448K, reserved 1105920K
  class space    used 8387K, capacity 9248K, committed 9248K, reserved 1048576K
}
Event: 6.752 GC heap after
{Heap after GC invocations=12 (full 0):
 garbage-first heap   total 312320K, used 38593K [0x0000000703600000, 0x0000000800000000)
  region size 1024K, 21 young (21504K), 21 survivors (21504K)
 Metaspace       used 63102K, capacity 65219K, committed 65448K, reserved 1105920K
  class space    used 8387K, capacity 9248K, committed 9248K, reserved 1048576K
}

Deoptimization events (0 events):
No events

Classes redefined (0 events):
No events

Internal exceptions (10 events):
Event: 9.357 Thread 0x000002868cf47000 Exception <a 'java/lang/ClassNotFoundException'{0x00000007139f0628}: org/springframework/cloud/client/serviceregistry/RegistrationCustomizer> (0x00000007139f0628) thrown at [./open/src/hotspot/share/classfile/systemDictionary.cpp, line 226]
Event: 9.358 Thread 0x000002868cf47000 Exception <a 'java/lang/ClassNotFoundException'{0x000000071380afa0}: org/springframework/cloud/client/ServiceInstanceCustomizer> (0x000000071380afa0) thrown at [./open/src/hotspot/share/classfile/systemDictionary.cpp, line 226]
Event: 9.362 Thread 0x000002868cf47000 Exception <a 'java/lang/ClassNotFoundException'{0x0000000713895100}: java/lang/ObjectCustomizer> (0x0000000713895100) thrown at [./open/src/hotspot/share/classfile/systemDictionary.cpp, line 226]
Event: 9.362 Thread 0x000002868cf47000 Exception <a 'java/lang/ClassNotFoundException'{0x00000007138b0d18}: com/netflix/appinfo/ApplicationInfoManagerCustomizer> (0x00000007138b0d18) thrown at [./open/src/hotspot/share/classfile/systemDictionary.cpp, line 226]
Event: 9.416 Thread 0x000002868cf47000 Exception <a 'sun/nio/fs/WindowsException'{0x0000000712ed1b90}> (0x0000000712ed1b90) thrown at [./open/src/hotspot/share/prims/jni.cpp, line 611]
Event: 9.591 Thread 0x000002868cf47000 Exception <a 'java/lang/ClassNotFoundException'{0x00000007118b9958}: java/lang/ObjectCustomizer> (0x00000007118b9958) thrown at [./open/src/hotspot/share/classfile/systemDictionary.cpp, line 226]
Event: 9.592 Thread 0x000002868cf47000 Exception <a 'java/lang/ClassNotFoundException'{0x00000007118d45c0}: com/netflix/discovery/DiscoveryClientCustomizer> (0x00000007118d45c0) thrown at [./open/src/hotspot/share/classfile/systemDictionary.cpp, line 226]
Event: 9.592 Thread 0x000002868cf47000 Exception <a 'java/lang/ClassNotFoundException'{0x0000000711706418}: org/springframework/cloud/netflix/eureka/CloudEurekaClientCustomizer> (0x0000000711706418) thrown at [./open/src/hotspot/share/classfile/systemDictionary.cpp, line 226]
Event: 9.592 Thread 0x000002868cf47000 Exception <a 'java/lang/ClassNotFoundException'{0x000000071172f9f8}: com/netflix/discovery/EurekaClientCustomizer> (0x000000071172f9f8) thrown at [./open/src/hotspot/share/classfile/systemDictionary.cpp, line 226]
Event: 9.593 Thread 0x000002868cf47000 Exception <a 'java/lang/ClassNotFoundException'{0x0000000711756020}: com/netflix/discovery/shared/LookupServiceCustomizer> (0x0000000711756020) thrown at [./open/src/hotspot/share/classfile/systemDictionary.cpp, line 226]

Events (10 events):
Event: 18.727 loading class org/springframework/web/context/request/async/StandardServletAsyncWebRequest
Event: 18.727 loading class org/springframework/web/context/request/async/StandardServletAsyncWebRequest done
Event: 18.728 loading class org/springframework/web/context/request/async/AsyncWebRequest
Event: 18.728 loading class org/springframework/web/context/request/async/AsyncWebRequest done
Event: 18.728 loading class javax/servlet/AsyncListener
Event: 18.728 loading class javax/servlet/AsyncListener done
Event: 18.728 loading class org/springframework/web/context/request/async/AsyncWebRequest
Event: 18.728 loading class org/springframework/web/context/request/async/AsyncWebRequest done
Event: 18.728 loading class org/springframework/web/context/request/async/AsyncWebRequest
Event: 18.728 loading class org/springframework/web/context/request/async/AsyncWebRequest done


Dynamic libraries:
0x00007ff7f9b80000 - 0x00007ff7f9b90000 	C:\Program Files\Java\jdk-11\bin\java.exe
0x00007ffee3970000 - 0x00007ffee3b87000 	C:\Windows\SYSTEM32\ntdll.dll
0x00007ffee2120000 - 0x00007ffee21e4000 	C:\Windows\System32\KERNEL32.DLL
0x00007ffee0f00000 - 0x00007ffee12ac000 	C:\Windows\System32\KERNELBASE.dll
0x00007ffee0d10000 - 0x00007ffee0e21000 	C:\Windows\System32\ucrtbase.dll
0x00007ffeb3dd0000 - 0x00007ffeb3deb000 	C:\Program Files\Java\jdk-11\bin\VCRUNTIME140.dll
0x00007ffeb3e80000 - 0x00007ffeb3e99000 	C:\Program Files\Java\jdk-11\bin\jli.dll
0x00007ffee1720000 - 0x00007ffee17d2000 	C:\Windows\System32\ADVAPI32.dll
0x00007ffee2070000 - 0x00007ffee2117000 	C:\Windows\System32\msvcrt.dll
0x00007ffee17e0000 - 0x00007ffee188a000 	C:\Windows\System32\sechost.dll
0x00007ffee1560000 - 0x00007ffee1588000 	C:\Windows\System32\bcrypt.dll
0x00007ffee2a40000 - 0x00007ffee2b55000 	C:\Windows\System32\RPCRT4.dll
0x00007ffee2650000 - 0x00007ffee27fe000 	C:\Windows\System32\USER32.dll
0x00007ffee0e30000 - 0x00007ffee0e56000 	C:\Windows\System32\win32u.dll
0x00007ffee2290000 - 0x00007ffee22b9000 	C:\Windows\System32\GDI32.dll
0x00007ffec9210000 - 0x00007ffec94a3000 	C:\Windows\WinSxS\amd64_microsoft.windows.common-controls_6595b64144ccf1df_6.0.22621.3672_none_2713b9d173822955\COMCTL32.dll
0x00007ffee1590000 - 0x00007ffee16a9000 	C:\Windows\System32\gdi32full.dll
0x00007ffee0e60000 - 0x00007ffee0efa000 	C:\Windows\System32\msvcp_win.dll
0x00007ffed8360000 - 0x00007ffed836a000 	C:\Windows\SYSTEM32\VERSION.dll
0x00007ffee21f0000 - 0x00007ffee2221000 	C:\Windows\System32\IMM32.DLL
0x00007ffebb730000 - 0x00007ffebb73c000 	C:\Program Files\Java\jdk-11\bin\vcruntime140_1.dll
0x00007ffea6620000 - 0x00007ffea66ae000 	C:\Program Files\Java\jdk-11\bin\msvcp140.dll
0x00007ffe74b70000 - 0x00007ffe756de000 	C:\Program Files\Java\jdk-11\bin\server\jvm.dll
0x00007ffee16b0000 - 0x00007ffee16b8000 	C:\Windows\System32\PSAPI.DLL
0x00007ffedc020000 - 0x00007ffedc054000 	C:\Windows\SYSTEM32\WINMM.dll
0x00007ffebd4f0000 - 0x00007ffebd4f9000 	C:\Windows\SYSTEM32\WSOCK32.dll
0x00007ffee1d10000 - 0x00007ffee1d81000 	C:\Windows\System32\WS2_32.dll
0x00007ffedfdc0000 - 0x00007ffedfdd8000 	C:\Windows\SYSTEM32\kernel.appcore.dll
0x00007ffeb65a0000 - 0x00007ffeb65b0000 	C:\Program Files\Java\jdk-11\bin\verify.dll
0x00007ffede4b0000 - 0x00007ffede6e2000 	C:\Windows\SYSTEM32\DBGHELP.DLL
0x00007ffee22c0000 - 0x00007ffee2648000 	C:\Windows\System32\combase.dll
0x00007ffee3850000 - 0x00007ffee3927000 	C:\Windows\System32\OLEAUT32.dll
0x00007ffecdb80000 - 0x00007ffecdbb2000 	C:\Windows\SYSTEM32\dbgcore.DLL
0x00007ffee1420000 - 0x00007ffee149b000 	C:\Windows\System32\bcryptPrimitives.dll
0x00007ffeaaf10000 - 0x00007ffeaaf38000 	C:\Program Files\Java\jdk-11\bin\java.dll
0x00007ffeb6420000 - 0x00007ffeb642a000 	C:\Program Files\Java\jdk-11\bin\jimage.dll
0x00007ffedbdd0000 - 0x00007ffedbdde000 	C:\Program Files\Java\jdk-11\bin\instrument.dll
0x00007ffeb3be0000 - 0x00007ffeb3bf7000 	C:\Program Files\Java\jdk-11\bin\zip.dll
0x00007ffee2b70000 - 0x00007ffee33cc000 	C:\Windows\System32\SHELL32.dll
0x00007ffedeba0000 - 0x00007ffedf497000 	C:\Windows\SYSTEM32\windows.storage.dll
0x00007ffedea60000 - 0x00007ffedeb9f000 	C:\Windows\SYSTEM32\wintypes.dll
0x00007ffee1f70000 - 0x00007ffee2064000 	C:\Windows\System32\SHCORE.dll
0x00007ffee2230000 - 0x00007ffee228e000 	C:\Windows\System32\shlwapi.dll
0x00007ffee0bd0000 - 0x00007ffee0bf1000 	C:\Windows\SYSTEM32\profapi.dll
0x00007ffeb3230000 - 0x00007ffeb3249000 	C:\Program Files\Java\jdk-11\bin\net.dll
0x00007ffedd250000 - 0x00007ffedd386000 	C:\Windows\SYSTEM32\WINHTTP.dll
0x00007ffee0230000 - 0x00007ffee0299000 	C:\Windows\system32\mswsock.dll
0x00007ffeb1c00000 - 0x00007ffeb1c12000 	C:\Program Files\Java\jdk-11\bin\nio.dll
0x00007ffeca7d0000 - 0x00007ffeca7ea000 	C:\Program Files\JetBrains\IntelliJ IDEA 2023.2.5\bin\breakgen64.dll
0x00007ffedf740000 - 0x00007ffedf838000 	C:\Windows\SYSTEM32\DNSAPI.dll
0x00007ffedf710000 - 0x00007ffedf73d000 	C:\Windows\SYSTEM32\IPHLPAPI.DLL
0x00007ffee1ae0000 - 0x00007ffee1ae9000 	C:\Windows\System32\NSI.dll
0x00007ffeda020000 - 0x00007ffeda02a000 	C:\Windows\System32\rasadhlp.dll
0x00007ffedc4c0000 - 0x00007ffedc543000 	C:\Windows\System32\fwpuclnt.dll
0x00007ffecb470000 - 0x00007ffecb479000 	C:\Program Files\Java\jdk-11\bin\management.dll
0x00007ffeca7f0000 - 0x00007ffeca7fb000 	C:\Program Files\Java\jdk-11\bin\management_ext.dll
0x00007ffee0490000 - 0x00007ffee04ab000 	C:\Windows\SYSTEM32\CRYPTSP.dll
0x00007ffedfd20000 - 0x00007ffedfd55000 	C:\Windows\system32\rsaenh.dll
0x00007ffee0330000 - 0x00007ffee0358000 	C:\Windows\SYSTEM32\USERENV.dll
0x00007ffee04b0000 - 0x00007ffee04bc000 	C:\Windows\SYSTEM32\CRYPTBASE.dll
0x00007ffedd0f0000 - 0x00007ffedd109000 	C:\Windows\SYSTEM32\dhcpcsvc6.DLL
0x00007ffedd0c0000 - 0x00007ffedd0df000 	C:\Windows\SYSTEM32\dhcpcsvc.DLL
0x00007ffebada0000 - 0x00007ffebadb7000 	C:\Windows\system32\napinsp.dll
0x00007ffebad80000 - 0x00007ffebad9b000 	C:\Windows\system32\pnrpnsp.dll
0x00007ffebad30000 - 0x00007ffebad41000 	C:\Windows\System32\winrnr.dll
0x00007ffebad10000 - 0x00007ffebad25000 	C:\Windows\system32\wshbth.dll
0x00007ffebace0000 - 0x00007ffebad07000 	C:\Windows\system32\nlansp_c.dll
0x00007ffeca7c0000 - 0x00007ffeca7ce000 	C:\Program Files\Java\jdk-11\bin\sunmscapi.dll
0x00007ffee12b0000 - 0x00007ffee1417000 	C:\Windows\System32\CRYPT32.dll
0x00007ffee0630000 - 0x00007ffee065e000 	C:\Windows\SYSTEM32\ncrypt.dll
0x00007ffee05f0000 - 0x00007ffee0627000 	C:\Windows\SYSTEM32\NTASN1.dll
0x00007ffeaaee0000 - 0x00007ffeaaf07000 	C:\Program Files\Java\jdk-11\bin\sunec.dll

dbghelp: loaded successfully - version: 4.0.5 - missing functions: none
symbol engine: initialized successfully - sym options: 0x614 - pdb path: .;C:\Program Files\Java\jdk-11\bin;C:\Windows\SYSTEM32;C:\Windows\WinSxS\amd64_microsoft.windows.common-controls_6595b64144ccf1df_6.0.22621.3672_none_2713b9d173822955;C:\Program Files\Java\jdk-11\bin\server;C:\Program Files\JetBrains\IntelliJ IDEA 2023.2.5\bin

VM Arguments:
jvm_args: -XX:TieredStopAtLevel=1 -Xverify:none -Dspring.output.ansi.enabled=always -Dcom.sun.management.jmxremote -Dspring.jmx.enabled=true -Dspring.liveBeansView.mbeanDomain -Dspring.application.admin.enabled=true -Dmanagement.endpoints.jmx.exposure.include=* -javaagent:C:\Program Files\JetBrains\IntelliJ IDEA 2023.2.5\lib\idea_rt.jar=49929:C:\Program Files\JetBrains\IntelliJ IDEA 2023.2.5\bin -Dfile.encoding=UTF-8 
java_command: com.example.mail.MailApplication
java_class_path (initial): C:\Users\skand\Desktop\goudron\Mail\target\classes;C:\Users\skand\.m2\repository\org\springframework\boot\spring-boot-starter-data-jpa\2.7.17\spring-boot-starter-data-jpa-2.7.17.jar;C:\Users\skand\.m2\repository\org\springframework\boot\spring-boot-starter-aop\2.7.17\spring-boot-starter-aop-2.7.17.jar;C:\Users\skand\.m2\repository\org\springframework\spring-aop\5.3.30\spring-aop-5.3.30.jar;C:\Users\skand\.m2\repository\org\aspectj\aspectjweaver\1.9.7\aspectjweaver-1.9.7.jar;C:\Users\skand\.m2\repository\org\springframework\boot\spring-boot-starter-jdbc\2.7.17\spring-boot-starter-jdbc-2.7.17.jar;C:\Users\skand\.m2\repository\com\zaxxer\HikariCP\4.0.3\HikariCP-4.0.3.jar;C:\Users\skand\.m2\repository\org\springframework\spring-jdbc\5.3.30\spring-jdbc-5.3.30.jar;C:\Users\skand\.m2\repository\jakarta\transaction\jakarta.transaction-api\1.3.3\jakarta.transaction-api-1.3.3.jar;C:\Users\skand\.m2\repository\jakarta\persistence\jakarta.persistence-api\2.2.3\jakarta.persistence-api-2.2.3.jar;C:\Users\skand\.m2\repository\org\hibernate\hibernate-core\5.6.15.Final\hibernate-core-5.6.15.Final.jar;C:\Users\skand\.m2\repository\org\jboss\logging\jboss-logging\3.4.3.Final\jboss-logging-3.4.3.Final.jar;C:\Users\skand\.m2\repository\net\bytebuddy\byte-buddy\1.12.23\byte-buddy-1.12.23.jar;C:\Users\skand\.m2\repository\antlr\antlr\2.7.7\antlr-2.7.7.jar;C:\Users\skand\.m2\repository\org\jboss\jandex\2.4.2.Final\jandex-2.4.2.Final.jar;C:\Users\skand\.m2\repository\com\fasterxml\classmate\1.5.1\classmate-1.5.1.jar;C:\Users\skand\.m2\repository\org\hibernate\common\hibernate-commons-annotations\5.1.2.Final\hibernate-commons-annotations-5.1.2.Final.jar;C:\Users\skand\.m2\repository\org\glassfish\jaxb\jaxb-runtime\2.3.8\jaxb-runtime-2.3.8.jar;C:\Users\skand\.m2\repository\org\glassfish\jaxb\txw2\2.3.8\txw2-2.3.8.jar;C:\Users\skand\.m2\repository\com\sun\istack\istack-commons-runtime\3.0.12\istack-commons-runtime-3.0.12.jar;C:\Users\skand\.m2\repository\com\sun\ac
Launcher Type: SUN_STANDARD

[Global flags]
     bool BytecodeVerificationLocal                = false                                     {product} {command line}
     bool BytecodeVerificationRemote               = false                                     {product} {command line}
     intx CICompilerCount                          = 4                                         {product} {ergonomic}
     uint ConcGCThreads                            = 2                                         {product} {ergonomic}
     uint G1ConcRefinementThreads                  = 8                                         {product} {ergonomic}
   size_t G1HeapRegionSize                         = 1048576                                   {product} {ergonomic}
    uintx GCDrainStackTargetSize                   = 64                                        {product} {ergonomic}
   size_t InitialHeapSize                          = 266338304                                 {product} {ergonomic}
     bool ManagementServer                         = true                                      {product} {command line}
   size_t MarkStackSize                            = 4194304                                   {product} {ergonomic}
   size_t MaxHeapSize                              = 4238344192                                {product} {ergonomic}
   size_t MaxNewSize                               = 2542796800                                {product} {ergonomic}
   size_t MinHeapDeltaBytes                        = 1048576                                   {product} {ergonomic}
    uintx NonNMethodCodeHeapSize                   = 7549744                                {pd product} {ergonomic}
    uintx NonProfiledCodeHeapSize                  = 244108496                              {pd product} {ergonomic}
    uintx ProfiledCodeHeapSize                     = 0                                      {pd product} {ergonomic}
    uintx ReservedCodeCacheSize                    = 251658240                              {pd product} {ergonomic}
     bool SegmentedCodeCache                       = true                                      {product} {ergonomic}
     intx TieredStopAtLevel                        = 1                                         {product} {command line}
     bool UseCompressedClassPointers               = true                                 {lp64_product} {ergonomic}
     bool UseCompressedOops                        = true                                 {lp64_product} {ergonomic}
     bool UseG1GC                                  = true                                      {product} {ergonomic}
     bool UseLargePagesIndividualAllocation        = false                                  {pd product} {ergonomic}

Logging:
Log output configuration:
 #0: stdout all=warning uptime,level,tags
 #1: stderr all=off uptime,level,tags

Environment Variables:
JAVA_HOME=C:\Program Files\Java\jdk-11
PATH=C:\Program Files\Java\jdk-11\bin;C:\Program Files (x86)\VMware\VMware Workstation\bin\;C:\Python312\Scripts\;C:\Python312\;C:\Program Files\Common Files\Oracle\Java\javapath;C:\Program Files (x86)\Common Files\Oracle\Java\javapath;C:\Windows\system32;C:\Windows;C:\Windows\System32\Wbem;C:\Windows\System32\WindowsPowerShell\v1.0\;C:\Windows\System32\OpenSSH\;C:\Program Files (x86)\NVIDIA Corporation\PhysX\Common;C:\Program Files\NVIDIA Corporation\NVIDIA NvDLISR;C:\Program Files\Git\cmd;C:\Program Files\Vagrant\bin;C:\Program Files\Microsoft SQL Server\150\Tools\Binn\;C:\Program Files\Microsoft SQL Server\Client SDK\ODBC\170\Tools\Binn\;C:\Program Files\dotnet\;C:\ProgramData\chocolatey\bin;C:\Users\skand\AppData\Roaming\nvm;C:\Program Files\nodejs;C:\Program Files\Docker\Docker\resources\bin;C:\Program Files\Java\jdk-11\bin;C:\Users\skand\AppData\Local\Microsoft\WindowsApps;C:\Users\skand\AppData\Local\Programs\Microsoft VS Code\bin;C:\Users\skand\.dotnet\tools;C:\Users\skand\AppData\Roaming\npm;C:\Users\skand\AppData\Roaming\nvm;C:\Program Files\nodejs
USERNAME=skand
OS=Windows_NT
PROCESSOR_IDENTIFIER=Intel64 Family 6 Model 140 Stepping 1, GenuineIntel



---------------  S Y S T E M  ---------------

OS: Windows 11 , 64 bit Build 22621 (10.0.22621.3672)
Hyper-V role detected

CPU:total 8 (initial active 8) (4 cores per cpu, 2 threads per core) family 6 model 140 stepping 1 microcode 0xa6, cmov, cx8, fxsr, mmx, sse, sse2, sse3, ssse3, sse4.1, sse4.2, popcnt, avx, avx2, aes, clmul, erms, 3dnowpref, lzcnt, ht, tsc, tscinvbit, bmi1, bmi2, adx, evex, sha, fma

Memory: 4k page, system-wide physical 16167M (2344M free)
TotalPageFile size 27214M (AvailPageFile size 4392M)
current process WorkingSet (physical memory assigned to process): 373M, peak: 373M
current process commit charge ("private bytes"): 500M, peak: 500M

vm_info: Java HotSpot(TM) 64-Bit Server VM (11.0.22+9-LTS-219) for windows-amd64 JRE (11.0.22+9-LTS-219), built on Dec 19 2023 22:08:21 by "mach5one" with MS VC++ 17.1 (VS2022)

END.
