#
# A fatal error has been detected by the Java Runtime Environment:
#
#  EXCEPTION_PRIV_INSTRUCTION (0xc0000096) at pc=0x000001bf496e8c77, pid=7180, tid=6164
#
# JRE version: Java(TM) SE Runtime Environment 18.9 (11.0.22+9) (build 11.0.22+9-LTS-219)
# Java VM: Java HotSpot(TM) 64-Bit Server VM 18.9 (11.0.22+9-LTS-219, mixed mode, tiered, compressed oops, g1 gc, windows-amd64)
# Problematic frame:
# j  javax.mail.Session.<clinit>()V+-1764962857
#
# No core dump will be written. Minidumps are not enabled by default on client versions of Windows
#
# If you would like to submit a bug report, please visit:
#   https://bugreport.java.com/bugreport/crash.jsp
#

---------------  S U M M A R Y ------------

Command Line: -XX:TieredStopAtLevel=1 -Xverify:none -Dspring.output.ansi.enabled=always -Dcom.sun.management.jmxremote -Dspring.jmx.enabled=true -Dspring.liveBeansView.mbeanDomain -Dspring.application.admin.enabled=true -Dmanagement.endpoints.jmx.exposure.include=* -javaagent:C:\Program Files\JetBrains\IntelliJ IDEA 2023.2.5\lib\idea_rt.jar=49858:C:\Program Files\JetBrains\IntelliJ IDEA 2023.2.5\bin -Dfile.encoding=UTF-8 com.example.mail.MailApplication

Host: 11th Gen Intel(R) Core(TM) i7-1165G7 @ 2.80GHz, 8 cores, 15G,  Windows 11 , 64 bit Build 22621 (10.0.22621.3672)
Time: Wed Jul 10 13:37:52 2024 Paris, Madrid (heure duild 22621 (10.0.22621.3672) elapsed time: 101.018497 seconds (0d 0h 1m 41s)

---------------  T H R E A D  ---------------

Current thread (0x000001bf6a440800):  JavaThread "http-nio-8083-exec-3" daemon [_thread_in_Java, id=6164, stack(0x00000074e4800000,0x00000074e4900000)]

Stack: [0x00000074e4800000,0x00000074e4900000],  sp=0x00000074e48fc640,  free space=1009k
Native frames: (J=compiled Java code, j=interpreted, Vv=VM code, C=native code)
C  0x000001bf496e8c77


siginfo: EXCEPTION_PRIV_INSTRUCTION (0xc0000096)


Register to memory mapping:

RIP=0x000001bf496e8c77 is at code_begin+55 in an Interpreter codelet
error exits  [0x000001bf496e8c40, 0x000001bf496e8c80]  64 bytes
RAX=0x0 is NULL
RBX=0x0000000000000077 is an unknown value
RCX=0x0 is NULL
RDX=0x0 is NULL
RSP=0x00000074e48fc640 is pointing into the stack for thread: 0x000001bf6a440800
RBP=0x00000074e48fc688 is pointing into the stack for thread: 0x000001bf6a440800
RSI=0x00000074e48fcb60 is pointing into the stack for thread: 0x000001bf6a440800
RDI=0x0 is NULL
R8 =0x0000000000000061 is an unknown value
R9 =0x0000000000000061 is an unknown value
R10=0x000000000000005e is an unknown value
R11=0x0000000000000061 is an unknown value
R12=0x0 is NULL
R13=0x000001bf693332a1 is pointing into metadata
R14=0x00000074e48fc690 is pointing into the stack for thread: 0x000001bf6a440800
R15=0x000001bf6a440800 is a thread


Registers:
RAX=0x0000000000000000, RBX=0x0000000000000077, RCX=0x0000000000000000, RDX=0x0000000000000000
RSP=0x00000074e48fc640, RBP=0x00000074e48fc688, RSI=0x00000074e48fcb60, RDI=0x0000000000000000
R8 =0x0000000000000061, R9 =0x0000000000000061, R10=0x000000000000005e, R11=0x0000000000000061
R12=0x0000000000000000, R13=0x000001bf693332a1, R14=0x00000074e48fc690, R15=0x000001bf6a440800
RIP=0x000001bf496e8c77, EFLAGS=0x0000000000010206

Top of Stack: (sp=0x00000074e48fc640)
0x00000074e48fc640:   00000074e48fc640 0000000000000077
0x00000074e48fc650:   00000074e48fc688 00000074e48fcb60
0x00000074e48fc660:   0000000000000000 0000000704581dd0
0x00000074e48fc670:   000001bf693332a0 0000000000000000
0x00000074e48fc680:   00000074e48fc698 00000074e48fc870
0x00000074e48fc690:   000001bf496e0eea 0000000000000000
0x00000074e48fc6a0:   0000000000000000 0000000000000000
0x00000074e48fc6b0:   0000000000000000 0000000000000000
0x00000074e48fc6c0:   0000000000000000 0000000000000000
0x00000074e48fc6d0:   0000000000000000 0000000000000000
0x00000074e48fc6e0:   0000000000000000 0000000000000000
0x00000074e48fc6f0:   0000000000000000 0000000000000000
0x00000074e48fc700:   0000000000000000 0000000000000000
0x00000074e48fc710:   0000000000000000 0000000000000000
0x00000074e48fc720:   0000000000000000 0000000000000000
0x00000074e48fc730:   0000000000000000 0000000000000000 

Instructions: (pc=0x000001bf496e8c77)
0x000001bf496e8c57:   00 41 ff d2 f4 48 b9 38 5b 47 75 fe 7f 00 00 48
0x000001bf496e8c67:   83 e4 f0 49 ba e0 a6 10 75 fe 7f 00 00 41 ff d2
0x000001bf496e8c77:   f4 00 00 00 00 00 00 00 00 60 0b 00 00 00 00 00
0x000001bf496e8c87:   00 68 5b 47 75 fe 7f 00 00 ff ff ff ff 00 00 00 


Stack slot to memory mapping:
stack at sp + 0 slots: 0x00000074e48fc640 is pointing into the stack for thread: 0x000001bf6a440800
stack at sp + 1 slots: 0x0000000000000077 is an unknown value
stack at sp + 2 slots: 0x00000074e48fc688 is pointing into the stack for thread: 0x000001bf6a440800
stack at sp + 3 slots: 0x00000074e48fcb60 is pointing into the stack for thread: 0x000001bf6a440800
stack at sp + 4 slots: 0x0 is NULL
stack at sp + 5 slots: 0x0000000704581dd0 is an oop: java.lang.Class 
{0x0000000704581dd0} - klass: 'java/lang/Class'
 - ---- fields (total size 15 words):
 - private volatile transient strict 'cachedConstructor' 'Ljava/lang/reflect/Constructor;' @12  NULL (0)
 - private volatile transient strict 'newInstanceCallerCache' 'Ljava/lang/Class;' @16  NULL (0)
 - private transient 'name' 'Ljava/lang/String;' @20  "javax.mail.Session"{0x00000007043039f0} (e086073e)
 - private transient 'module' 'Ljava/lang/Module;' @24  a 'java/lang/Module'{0x0000000703cf7768} (e079eeed)
 - private final 'classLoader' 'Ljava/lang/ClassLoader;' @28  a 'jdk/internal/loader/ClassLoaders$AppClassLoader'{0x0000000703c78800} (e078f100)
 - private transient 'packageName' 'Ljava/lang/String;' @32  "javax.mail"{0x00000007042ed390} (e085da72)
 - private final strict 'componentType' 'Ljava/lang/Class;' @36  [I{0x0000000704581e48} (e08b03c9)
 - private volatile transient strict 'reflectionData' 'Ljava/lang/ref/SoftReference;' @40  NULL (0)
 - private volatile transient 'genericInfo' 'Lsun/reflect/generics/repository/ClassRepository;' @44  NULL (0)
 - private volatile transient strict 'enumConstants' '[Ljava/lang/Object;' @48  NULL (0)
 - private volatile transient strict 'enumConstantDirectory' 'Ljava/util/Map;' @52  NULL (0)
 - private volatile transient 'annotationData' 'Ljava/lang/Class$AnnotationData;' @56  NULL (0)
 - private volatile transient 'annotationType' 'Lsun/reflect/annotation/AnnotationType;' @60  NULL (0)
 - transient 'classValueMap' 'Ljava/lang/ClassValue$ClassValueMap;' @64  NULL (0)
 - private volatile transient 'classRedefinedCount' 'I' @96  0
 - signature: Ljavax/mail/Session;
 - fake entry for mirror: 'javax/mail/Session'
 - fake entry for array: NULL
 - fake entry for oop_size: 15
 - fake entry for static_oop_field_count: 1
 - private static 'defaultSession' 'Ljavax/mail/Session;' @112  NULL (0)
stack at sp + 6 slots: {method} {0x000001bf693332a8} '<clinit>' '()V' in 'javax/mail/Session'
stack at sp + 7 slots: 0x0 is NULL

error exits  [0x000001bf496e8c40, 0x000001bf496e8c80]  64 bytes

---------------  P R O C E S S  ---------------

Threads class SMR info:
_java_thread_list=0x000001bf6a077d00, length=37, elements={
0x000001bf6531a000, 0x000001bf6531b000, 0x000001bf65c1e800, 0x000001bf65c23800,
0x000001bf65c24800, 0x000001bf65c26000, 0x000001bf65c2b800, 0x000001bf652d4000,
0x000001bf65f1c000, 0x000001bf66629000, 0x000001bf6752f000, 0x000001bf6987e000,
0x000001bf6987d000, 0x000001bf6987e800, 0x000001bf6987f800, 0x000001bf6987c800,
0x000001bf69881000, 0x000001bf69882000, 0x000001bf69883000, 0x000001bf6a43e000,
0x000001bf6a43d000, 0x000001bf6a43e800, 0x000001bf6a43f800, 0x000001bf6a440800,
0x000001bf6a441000, 0x000001bf6a442000, 0x000001bf6a43c800, 0x000001bf6a443000,
0x000001bf6a449800, 0x000001bf6a445800, 0x000001bf6a443800, 0x000001bf6a446000,
0x000001bf6a444800, 0x000001bf6a447000, 0x000001bf6a448800, 0x000001bf6a44a000,
0x000001bf6a44b000
}

Java Threads: ( => current thread )
  0x000001bf6531a000 JavaThread "Reference Handler" daemon [_thread_blocked, id=6856, stack(0x00000074e2400000,0x00000074e2500000)]
  0x000001bf6531b000 JavaThread "Finalizer" daemon [_thread_blocked, id=23488, stack(0x00000074e2500000,0x00000074e2600000)]
  0x000001bf65c1e800 JavaThread "Signal Dispatcher" daemon [_thread_blocked, id=24616, stack(0x00000074e2600000,0x00000074e2700000)]
  0x000001bf65c23800 JavaThread "Attach Listener" daemon [_thread_blocked, id=20596, stack(0x00000074e2700000,0x00000074e2800000)]
  0x000001bf65c24800 JavaThread "Service Thread" daemon [_thread_blocked, id=24024, stack(0x00000074e2800000,0x00000074e2900000)]
  0x000001bf65c26000 JavaThread "C1 CompilerThread0" daemon [_thread_blocked, id=22392, stack(0x00000074e2900000,0x00000074e2a00000)]
  0x000001bf65c2b800 JavaThread "Sweeper thread" daemon [_thread_blocked, id=27288, stack(0x00000074e2a00000,0x00000074e2b00000)]
  0x000001bf652d4000 JavaThread "Common-Cleaner" daemon [_thread_blocked, id=26440, stack(0x00000074e2b00000,0x00000074e2c00000)]
  0x000001bf65f1c000 JavaThread "Monitor Ctrl-Break" daemon [_thread_in_native, id=13776, stack(0x00000074e2c00000,0x00000074e2d00000)]
  0x000001bf66629000 JavaThread "RMI TCP Accept-0" daemon [_thread_in_native, id=24984, stack(0x00000074e2d00000,0x00000074e2e00000)]
  0x000001bf6752f000 JavaThread "RMI Scheduler(0)" daemon [_thread_blocked, id=21340, stack(0x00000074e3700000,0x00000074e3800000)]
  0x000001bf6987e000 JavaThread "Catalina-utility-1" [_thread_blocked, id=25180, stack(0x00000074e3b00000,0x00000074e3c00000)]
  0x000001bf6987d000 JavaThread "Catalina-utility-2" [_thread_blocked, id=23672, stack(0x00000074e3c00000,0x00000074e3d00000)]
  0x000001bf6987e800 JavaThread "container-0" [_thread_blocked, id=26672, stack(0x00000074e3d00000,0x00000074e3e00000)]
  0x000001bf6987f800 JavaThread "mysql-cj-abandoned-connection-cleanup" daemon [_thread_blocked, id=10512, stack(0x00000074e3e00000,0x00000074e3f00000)]
  0x000001bf6987c800 JavaThread "HikariPool-1 housekeeper" daemon [_thread_blocked, id=28548, stack(0x00000074e4100000,0x00000074e4200000)]
  0x000001bf69881000 JavaThread "spring.cloud.inetutils" daemon [_thread_blocked, id=2920, stack(0x00000074e3800000,0x00000074e3900000)]
  0x000001bf69882000 JavaThread "AsyncResolver-bootstrap-0" daemon [_thread_blocked, id=1256, stack(0x00000074e3900000,0x00000074e3a00000)]
  0x000001bf69883000 JavaThread "DiscoveryClient-0" daemon [_thread_blocked, id=17352, stack(0x00000074e4300000,0x00000074e4400000)]
  0x000001bf6a43e000 JavaThread "DiscoveryClient-1" daemon [_thread_blocked, id=9952, stack(0x00000074e4400000,0x00000074e4500000)]
  0x000001bf6a43d000 JavaThread "DiscoveryClient-InstanceInfoReplicator-0" daemon [_thread_blocked, id=10508, stack(0x00000074e4500000,0x00000074e4600000)]
  0x000001bf6a43e800 JavaThread "http-nio-8083-exec-1" daemon [_thread_blocked, id=19720, stack(0x00000074e4600000,0x00000074e4700000)]
  0x000001bf6a43f800 JavaThread "http-nio-8083-exec-2" daemon [_thread_blocked, id=2620, stack(0x00000074e4700000,0x00000074e4800000)]
=>0x000001bf6a440800 JavaThread "http-nio-8083-exec-3" daemon [_thread_in_Java, id=6164, stack(0x00000074e4800000,0x00000074e4900000)]
  0x000001bf6a441000 JavaThread "http-nio-8083-exec-4" daemon [_thread_blocked, id=8628, stack(0x00000074e4900000,0x00000074e4a00000)]
  0x000001bf6a442000 JavaThread "http-nio-8083-exec-5" daemon [_thread_blocked, id=10228, stack(0x00000074e4a00000,0x00000074e4b00000)]
  0x000001bf6a43c800 JavaThread "http-nio-8083-exec-6" daemon [_thread_blocked, id=24956, stack(0x00000074e4b00000,0x00000074e4c00000)]
  0x000001bf6a443000 JavaThread "http-nio-8083-exec-7" daemon [_thread_blocked, id=24540, stack(0x00000074e4c00000,0x00000074e4d00000)]
  0x000001bf6a449800 JavaThread "http-nio-8083-exec-8" daemon [_thread_blocked, id=23916, stack(0x00000074e4d00000,0x00000074e4e00000)]
  0x000001bf6a445800 JavaThread "http-nio-8083-exec-9" daemon [_thread_blocked, id=27900, stack(0x00000074e4e00000,0x00000074e4f00000)]
  0x000001bf6a443800 JavaThread "http-nio-8083-exec-10" daemon [_thread_blocked, id=10060, stack(0x00000074e4f00000,0x00000074e5000000)]
  0x000001bf6a446000 JavaThread "http-nio-8083-Poller" daemon [_thread_in_native, id=22804, stack(0x00000074e5000000,0x00000074e5100000)]
  0x000001bf6a444800 JavaThread "http-nio-8083-Acceptor" daemon [_thread_in_native, id=9360, stack(0x00000074e5100000,0x00000074e5200000)]
  0x000001bf6a447000 JavaThread "DestroyJavaVM" [_thread_blocked, id=18500, stack(0x00000074e1d00000,0x00000074e1e00000)]
  0x000001bf6a448800 JavaThread "RMI TCP Connection(4)-192.168.1.50" daemon [_thread_in_native, id=23884, stack(0x00000074e4200000,0x00000074e4300000)]
  0x000001bf6a44a000 JavaThread "DiscoveryClient-CacheRefreshExecutor-0" daemon [_thread_blocked, id=14876, stack(0x00000074e5500000,0x00000074e5600000)]
  0x000001bf6a44b000 JavaThread "DiscoveryClient-HeartbeatExecutor-0" daemon [_thread_blocked, id=27408, stack(0x00000074e5600000,0x00000074e5700000)]

Other Threads:
  0x000001bf65318000 VMThread "VM Thread" [stack: 0x00000074e2300000,0x00000074e2400000] [id=9708]
  0x000001bf66672000 WatcherThread [stack: 0x00000074e2e00000,0x00000074e2f00000] [id=20844]
  0x000001bf4083e000 GCTaskThread "GC Thread#0" [stack: 0x00000074e1e00000,0x00000074e1f00000] [id=24836]
  0x000001bf66706800 GCTaskThread "GC Thread#1" [stack: 0x00000074e2f00000,0x00000074e3000000] [id=22324]
  0x000001bf666e1000 GCTaskThread "GC Thread#2" [stack: 0x00000074e3000000,0x00000074e3100000] [id=13300]
  0x000001bf667f6000 GCTaskThread "GC Thread#3" [stack: 0x00000074e3100000,0x00000074e3200000] [id=20932]
  0x000001bf667ef800 GCTaskThread "GC Thread#4" [stack: 0x00000074e3200000,0x00000074e3300000] [id=19592]
  0x000001bf667f6800 GCTaskThread "GC Thread#5" [stack: 0x00000074e3300000,0x00000074e3400000] [id=25220]
  0x000001bf667f5800 GCTaskThread "GC Thread#6" [stack: 0x00000074e3f00000,0x00000074e4000000] [id=24856]
  0x000001bf667f0000 GCTaskThread "GC Thread#7" [stack: 0x00000074e4000000,0x00000074e4100000] [id=22868]
  0x000001bf4089a800 ConcurrentGCThread "G1 Main Marker" [stack: 0x00000074e1f00000,0x00000074e2000000] [id=21564]
  0x000001bf4089c000 ConcurrentGCThread "G1 Conc#0" [stack: 0x00000074e2000000,0x00000074e2100000] [id=10420]
  0x000001bf667f1800 ConcurrentGCThread "G1 Conc#1" [stack: 0x00000074e3500000,0x00000074e3600000] [id=25184]
  0x000001bf651fd800 ConcurrentGCThread "G1 Refine#0" [stack: 0x00000074e2100000,0x00000074e2200000] [id=13340]
  0x000001bf66fb9800 ConcurrentGCThread "G1 Refine#1" [stack: 0x00000074e3400000,0x00000074e3500000] [id=17744]
  0x000001bf651fe800 ConcurrentGCThread "G1 Young RemSet Sampling" [stack: 0x00000074e2200000,0x00000074e2300000] [id=20092]

Threads with active compile tasks:

VM state:not at safepoint (normal execution)

VM Mutex/Monitor currently owned by a thread: None

Heap address: 0x0000000703600000, size: 4042 MB, Compressed Oops mode: Zero based, Oop shift amount: 3
Narrow klass base: 0x0000000800000000, Narrow klass shift: 0
Compressed class space size: 1073741824 Address: 0x0000000800000000

Heap:
 garbage-first heap   total 312320K, used 160853K [0x0000000703600000, 0x0000000800000000)
  region size 1024K, 137 young (140288K), 15 survivors (15360K)
 Metaspace       used 70760K, capacity 72997K, committed 73040K, reserved 1112064K
  class space    used 9379K, capacity 10291K, committed 10324K, reserved 1048576K
Heap Regions: E=young(eden), S=young(survivor), O=old, HS=humongous(starts), HC=humongous(continues), CS=collection set, F=free, A=archive, TAMS=top-at-mark-start (previous, next)
|   0|0x0000000703600000, 0x0000000703700000, 0x0000000703700000|100%|HS|  |TAMS 0x0000000703700000, 0x0000000703600000| Complete 
|   1|0x0000000703700000, 0x0000000703800000, 0x0000000703800000|100%| O|  |TAMS 0x0000000703800000, 0x0000000703700000| Untracked 
|   2|0x0000000703800000, 0x0000000703900000, 0x0000000703900000|100%| O|  |TAMS 0x0000000703900000, 0x0000000703800000| Untracked 
|   3|0x0000000703900000, 0x0000000703a00000, 0x0000000703a00000|100%| O|  |TAMS 0x0000000703a00000, 0x0000000703900000| Untracked 
|   4|0x0000000703a00000, 0x0000000703b00000, 0x0000000703b00000|100%| O|  |TAMS 0x0000000703b00000, 0x0000000703a00000| Untracked 
|   5|0x0000000703b00000, 0x0000000703c00000, 0x0000000703c00000|100%| O|  |TAMS 0x0000000703c00000, 0x0000000703b00000| Untracked 
|   6|0x0000000703c00000, 0x0000000703d00000, 0x0000000703d00000|100%| O|  |TAMS 0x0000000703d00000, 0x0000000703c00000| Untracked 
|   7|0x0000000703d00000, 0x0000000703e00000, 0x0000000703e00000|100%| O|  |TAMS 0x0000000703e00000, 0x0000000703d00000| Untracked 
|   8|0x0000000703e00000, 0x0000000703f00000, 0x0000000703f00000|100%| O|  |TAMS 0x0000000703f00000, 0x0000000703e00000| Untracked 
|   9|0x0000000703f00000, 0x0000000704000000, 0x0000000704000000|100%| O|  |TAMS 0x0000000704000000, 0x0000000703f00000| Untracked 
|  10|0x0000000704000000, 0x0000000704100000, 0x0000000704100000|100%| O|  |TAMS 0x0000000704100000, 0x0000000704000000| Untracked 
|  11|0x0000000704100000, 0x0000000704200000, 0x0000000704200000|100%| O|  |TAMS 0x0000000704200000, 0x0000000704100000| Untracked 
|  12|0x0000000704200000, 0x0000000704300000, 0x0000000704300000|100%| O|  |TAMS 0x00000007042b5000, 0x0000000704200000| Untracked 
|  13|0x0000000704300000, 0x0000000704400000, 0x0000000704400000|100%| O|  |TAMS 0x0000000704300000, 0x0000000704300000| Untracked 
|  14|0x0000000704400000, 0x0000000704500000, 0x0000000704500000|100%| O|  |TAMS 0x0000000704400000, 0x0000000704400000| Untracked 
|  15|0x0000000704500000, 0x0000000704600000, 0x0000000704600000|100%| O|  |TAMS 0x0000000704500000, 0x0000000704500000| Untracked 
|  16|0x0000000704600000, 0x0000000704700000, 0x0000000704700000|100%| O|  |TAMS 0x0000000704600000, 0x0000000704600000| Untracked 
|  17|0x0000000704700000, 0x0000000704800000, 0x0000000704800000|100%| O|  |TAMS 0x0000000704700000, 0x0000000704700000| Untracked 
|  18|0x0000000704800000, 0x0000000704900000, 0x0000000704900000|100%| O|  |TAMS 0x0000000704800000, 0x0000000704800000| Untracked 
|  19|0x0000000704900000, 0x0000000704a00000, 0x0000000704a00000|100%| O|  |TAMS 0x0000000704900000, 0x0000000704900000| Untracked 
|  20|0x0000000704a00000, 0x0000000704b00000, 0x0000000704b00000|100%| O|  |TAMS 0x0000000704a00000, 0x0000000704a00000| Untracked 
|  21|0x0000000704b00000, 0x0000000704bbc200, 0x0000000704c00000| 73%| O|  |TAMS 0x0000000704b00000, 0x0000000704b00000| Untracked 
|  22|0x0000000704c00000, 0x0000000704c00000, 0x0000000704d00000|  0%| F|  |TAMS 0x0000000704c00000, 0x0000000704c00000| Untracked 
|  23|0x0000000704d00000, 0x0000000704d00000, 0x0000000704e00000|  0%| F|  |TAMS 0x0000000704d00000, 0x0000000704d00000| Untracked 
|  24|0x0000000704e00000, 0x0000000704e00000, 0x0000000704f00000|  0%| F|  |TAMS 0x0000000704e00000, 0x0000000704e00000| Untracked 
|  25|0x0000000704f00000, 0x0000000704f00000, 0x0000000705000000|  0%| F|  |TAMS 0x0000000704f00000, 0x0000000704f00000| Untracked 
|  26|0x0000000705000000, 0x0000000705000000, 0x0000000705100000|  0%| F|  |TAMS 0x0000000705000000, 0x0000000705000000| Untracked 
|  27|0x0000000705100000, 0x0000000705100000, 0x0000000705200000|  0%| F|  |TAMS 0x0000000705100000, 0x0000000705100000| Untracked 
|  28|0x0000000705200000, 0x0000000705200000, 0x0000000705300000|  0%| F|  |TAMS 0x0000000705200000, 0x0000000705200000| Untracked 
|  29|0x0000000705300000, 0x0000000705300000, 0x0000000705400000|  0%| F|  |TAMS 0x0000000705300000, 0x0000000705300000| Untracked 
|  30|0x0000000705400000, 0x0000000705400000, 0x0000000705500000|  0%| F|  |TAMS 0x0000000705400000, 0x0000000705400000| Untracked 
|  31|0x0000000705500000, 0x0000000705500000, 0x0000000705600000|  0%| F|  |TAMS 0x0000000705500000, 0x0000000705500000| Untracked 
|  32|0x0000000705600000, 0x0000000705600000, 0x0000000705700000|  0%| F|  |TAMS 0x0000000705600000, 0x0000000705600000| Untracked 
|  33|0x0000000705700000, 0x0000000705700000, 0x0000000705800000|  0%| F|  |TAMS 0x0000000705700000, 0x0000000705700000| Untracked 
|  34|0x0000000705800000, 0x0000000705800000, 0x0000000705900000|  0%| F|  |TAMS 0x0000000705800000, 0x0000000705800000| Untracked 
|  35|0x0000000705900000, 0x0000000705900000, 0x0000000705a00000|  0%| F|  |TAMS 0x0000000705900000, 0x0000000705900000| Untracked 
|  36|0x0000000705a00000, 0x0000000705a00000, 0x0000000705b00000|  0%| F|  |TAMS 0x0000000705a00000, 0x0000000705a00000| Untracked 
|  37|0x0000000705b00000, 0x0000000705b00000, 0x0000000705c00000|  0%| F|  |TAMS 0x0000000705b00000, 0x0000000705b00000| Untracked 
|  38|0x0000000705c00000, 0x0000000705c00000, 0x0000000705d00000|  0%| F|  |TAMS 0x0000000705c00000, 0x0000000705c00000| Untracked 
|  39|0x0000000705d00000, 0x0000000705d00000, 0x0000000705e00000|  0%| F|  |TAMS 0x0000000705d00000, 0x0000000705d00000| Untracked 
|  40|0x0000000705e00000, 0x0000000705e00000, 0x0000000705f00000|  0%| F|  |TAMS 0x0000000705e00000, 0x0000000705e00000| Untracked 
|  41|0x0000000705f00000, 0x0000000705f00000, 0x0000000706000000|  0%| F|  |TAMS 0x0000000705f00000, 0x0000000705f00000| Untracked 
|  42|0x0000000706000000, 0x0000000706000000, 0x0000000706100000|  0%| F|  |TAMS 0x0000000706000000, 0x0000000706000000| Untracked 
|  43|0x0000000706100000, 0x0000000706100000, 0x0000000706200000|  0%| F|  |TAMS 0x0000000706100000, 0x0000000706100000| Untracked 
|  44|0x0000000706200000, 0x0000000706200000, 0x0000000706300000|  0%| F|  |TAMS 0x0000000706200000, 0x0000000706200000| Untracked 
|  45|0x0000000706300000, 0x0000000706300000, 0x0000000706400000|  0%| F|  |TAMS 0x0000000706300000, 0x0000000706300000| Untracked 
|  46|0x0000000706400000, 0x0000000706400000, 0x0000000706500000|  0%| F|  |TAMS 0x0000000706400000, 0x0000000706400000| Untracked 
|  47|0x0000000706500000, 0x0000000706500000, 0x0000000706600000|  0%| F|  |TAMS 0x0000000706500000, 0x0000000706500000| Untracked 
|  48|0x0000000706600000, 0x0000000706600000, 0x0000000706700000|  0%| F|  |TAMS 0x0000000706600000, 0x0000000706600000| Untracked 
|  49|0x0000000706700000, 0x0000000706700000, 0x0000000706800000|  0%| F|  |TAMS 0x0000000706700000, 0x0000000706700000| Untracked 
|  50|0x0000000706800000, 0x0000000706800000, 0x0000000706900000|  0%| F|  |TAMS 0x0000000706800000, 0x0000000706800000| Untracked 
|  51|0x0000000706900000, 0x0000000706900000, 0x0000000706a00000|  0%| F|  |TAMS 0x0000000706900000, 0x0000000706900000| Untracked 
|  52|0x0000000706a00000, 0x0000000706a00000, 0x0000000706b00000|  0%| F|  |TAMS 0x0000000706a00000, 0x0000000706a00000| Untracked 
|  53|0x0000000706b00000, 0x0000000706b00000, 0x0000000706c00000|  0%| F|  |TAMS 0x0000000706b00000, 0x0000000706b00000| Untracked 
|  54|0x0000000706c00000, 0x0000000706c00000, 0x0000000706d00000|  0%| F|  |TAMS 0x0000000706c00000, 0x0000000706c00000| Untracked 
|  55|0x0000000706d00000, 0x0000000706d00000, 0x0000000706e00000|  0%| F|  |TAMS 0x0000000706d00000, 0x0000000706d00000| Untracked 
|  56|0x0000000706e00000, 0x0000000706e00000, 0x0000000706f00000|  0%| F|  |TAMS 0x0000000706e00000, 0x0000000706e00000| Untracked 
|  57|0x0000000706f00000, 0x0000000706f00000, 0x0000000707000000|  0%| F|  |TAMS 0x0000000706f00000, 0x0000000706f00000| Untracked 
|  58|0x0000000707000000, 0x0000000707000000, 0x0000000707100000|  0%| F|  |TAMS 0x0000000707000000, 0x0000000707000000| Untracked 
|  59|0x0000000707100000, 0x0000000707100000, 0x0000000707200000|  0%| F|  |TAMS 0x0000000707100000, 0x0000000707100000| Untracked 
|  60|0x0000000707200000, 0x0000000707200000, 0x0000000707300000|  0%| F|  |TAMS 0x0000000707200000, 0x0000000707200000| Untracked 
|  61|0x0000000707300000, 0x0000000707300000, 0x0000000707400000|  0%| F|  |TAMS 0x0000000707300000, 0x0000000707300000| Untracked 
|  62|0x0000000707400000, 0x0000000707400000, 0x0000000707500000|  0%| F|  |TAMS 0x0000000707400000, 0x0000000707400000| Untracked 
|  63|0x0000000707500000, 0x0000000707500000, 0x0000000707600000|  0%| F|  |TAMS 0x0000000707500000, 0x0000000707500000| Untracked 
|  64|0x0000000707600000, 0x0000000707600000, 0x0000000707700000|  0%| F|  |TAMS 0x0000000707600000, 0x0000000707600000| Untracked 
|  65|0x0000000707700000, 0x0000000707700000, 0x0000000707800000|  0%| F|  |TAMS 0x0000000707700000, 0x0000000707700000| Untracked 
|  66|0x0000000707800000, 0x0000000707800000, 0x0000000707900000|  0%| F|  |TAMS 0x0000000707800000, 0x0000000707800000| Untracked 
|  67|0x0000000707900000, 0x0000000707900000, 0x0000000707a00000|  0%| F|  |TAMS 0x0000000707900000, 0x0000000707900000| Untracked 
|  68|0x0000000707a00000, 0x0000000707a00000, 0x0000000707b00000|  0%| F|  |TAMS 0x0000000707a00000, 0x0000000707a00000| Untracked 
|  69|0x0000000707b00000, 0x0000000707b00000, 0x0000000707c00000|  0%| F|  |TAMS 0x0000000707b00000, 0x0000000707b00000| Untracked 
|  70|0x0000000707c00000, 0x0000000707c00000, 0x0000000707d00000|  0%| F|  |TAMS 0x0000000707c00000, 0x0000000707c00000| Untracked 
|  71|0x0000000707d00000, 0x0000000707d00000, 0x0000000707e00000|  0%| F|  |TAMS 0x0000000707d00000, 0x0000000707d00000| Untracked 
|  72|0x0000000707e00000, 0x0000000707e00000, 0x0000000707f00000|  0%| F|  |TAMS 0x0000000707e00000, 0x0000000707e00000| Untracked 
|  73|0x0000000707f00000, 0x0000000707f00000, 0x0000000708000000|  0%| F|  |TAMS 0x0000000707f00000, 0x0000000707f00000| Untracked 
|  74|0x0000000708000000, 0x0000000708000000, 0x0000000708100000|  0%| F|  |TAMS 0x0000000708000000, 0x0000000708000000| Untracked 
|  75|0x0000000708100000, 0x0000000708100000, 0x0000000708200000|  0%| F|  |TAMS 0x0000000708100000, 0x0000000708100000| Untracked 
|  76|0x0000000708200000, 0x0000000708200000, 0x0000000708300000|  0%| F|  |TAMS 0x0000000708200000, 0x0000000708200000| Untracked 
|  77|0x0000000708300000, 0x0000000708300000, 0x0000000708400000|  0%| F|  |TAMS 0x0000000708300000, 0x0000000708300000| Untracked 
|  78|0x0000000708400000, 0x0000000708400000, 0x0000000708500000|  0%| F|  |TAMS 0x0000000708400000, 0x0000000708400000| Untracked 
|  79|0x0000000708500000, 0x0000000708500000, 0x0000000708600000|  0%| F|  |TAMS 0x0000000708500000, 0x0000000708500000| Untracked 
|  80|0x0000000708600000, 0x0000000708600000, 0x0000000708700000|  0%| F|  |TAMS 0x0000000708600000, 0x0000000708600000| Untracked 
|  81|0x0000000708700000, 0x0000000708700000, 0x0000000708800000|  0%| F|  |TAMS 0x0000000708700000, 0x0000000708700000| Untracked 
|  82|0x0000000708800000, 0x0000000708800000, 0x0000000708900000|  0%| F|  |TAMS 0x0000000708800000, 0x0000000708800000| Untracked 
|  83|0x0000000708900000, 0x0000000708900000, 0x0000000708a00000|  0%| F|  |TAMS 0x0000000708900000, 0x0000000708900000| Untracked 
|  84|0x0000000708a00000, 0x0000000708a00000, 0x0000000708b00000|  0%| F|  |TAMS 0x0000000708a00000, 0x0000000708a00000| Untracked 
|  85|0x0000000708b00000, 0x0000000708b00000, 0x0000000708c00000|  0%| F|  |TAMS 0x0000000708b00000, 0x0000000708b00000| Untracked 
|  86|0x0000000708c00000, 0x0000000708c00000, 0x0000000708d00000|  0%| F|  |TAMS 0x0000000708c00000, 0x0000000708c00000| Untracked 
|  87|0x0000000708d00000, 0x0000000708d00000, 0x0000000708e00000|  0%| F|  |TAMS 0x0000000708d00000, 0x0000000708d00000| Untracked 
|  88|0x0000000708e00000, 0x0000000708e00000, 0x0000000708f00000|  0%| F|  |TAMS 0x0000000708e00000, 0x0000000708e00000| Untracked 
|  89|0x0000000708f00000, 0x0000000708f00000, 0x0000000709000000|  0%| F|  |TAMS 0x0000000708f00000, 0x0000000708f00000| Untracked 
|  90|0x0000000709000000, 0x0000000709000000, 0x0000000709100000|  0%| F|  |TAMS 0x0000000709000000, 0x0000000709000000| Untracked 
|  91|0x0000000709100000, 0x0000000709100000, 0x0000000709200000|  0%| F|  |TAMS 0x0000000709100000, 0x0000000709100000| Untracked 
|  92|0x0000000709200000, 0x0000000709200000, 0x0000000709300000|  0%| F|  |TAMS 0x0000000709200000, 0x0000000709200000| Untracked 
|  93|0x0000000709300000, 0x0000000709300000, 0x0000000709400000|  0%| F|  |TAMS 0x0000000709300000, 0x0000000709300000| Untracked 
|  94|0x0000000709400000, 0x0000000709400000, 0x0000000709500000|  0%| F|  |TAMS 0x0000000709400000, 0x0000000709400000| Untracked 
|  95|0x0000000709500000, 0x0000000709500000, 0x0000000709600000|  0%| F|  |TAMS 0x0000000709500000, 0x0000000709500000| Untracked 
|  96|0x0000000709600000, 0x0000000709600000, 0x0000000709700000|  0%| F|  |TAMS 0x0000000709600000, 0x0000000709600000| Untracked 
|  97|0x0000000709700000, 0x0000000709700000, 0x0000000709800000|  0%| F|  |TAMS 0x0000000709700000, 0x0000000709700000| Untracked 
|  98|0x0000000709800000, 0x0000000709800000, 0x0000000709900000|  0%| F|  |TAMS 0x0000000709800000, 0x0000000709800000| Untracked 
|  99|0x0000000709900000, 0x0000000709900000, 0x0000000709a00000|  0%| F|  |TAMS 0x0000000709900000, 0x0000000709900000| Untracked 
| 100|0x0000000709a00000, 0x0000000709a00000, 0x0000000709b00000|  0%| F|  |TAMS 0x0000000709a00000, 0x0000000709a00000| Untracked 
| 101|0x0000000709b00000, 0x0000000709b00000, 0x0000000709c00000|  0%| F|  |TAMS 0x0000000709b00000, 0x0000000709b00000| Untracked 
| 102|0x0000000709c00000, 0x0000000709c00000, 0x0000000709d00000|  0%| F|  |TAMS 0x0000000709c00000, 0x0000000709c00000| Untracked 
| 103|0x0000000709d00000, 0x0000000709d00000, 0x0000000709e00000|  0%| F|  |TAMS 0x0000000709d00000, 0x0000000709d00000| Untracked 
| 104|0x0000000709e00000, 0x0000000709e00000, 0x0000000709f00000|  0%| F|  |TAMS 0x0000000709e00000, 0x0000000709e00000| Untracked 
| 105|0x0000000709f00000, 0x0000000709f00000, 0x000000070a000000|  0%| F|  |TAMS 0x0000000709f00000, 0x0000000709f00000| Untracked 
| 106|0x000000070a000000, 0x000000070a000000, 0x000000070a100000|  0%| F|  |TAMS 0x000000070a000000, 0x000000070a000000| Untracked 
| 107|0x000000070a100000, 0x000000070a100000, 0x000000070a200000|  0%| F|  |TAMS 0x000000070a100000, 0x000000070a100000| Untracked 
| 108|0x000000070a200000, 0x000000070a200000, 0x000000070a300000|  0%| F|  |TAMS 0x000000070a200000, 0x000000070a200000| Untracked 
| 109|0x000000070a300000, 0x000000070a300000, 0x000000070a400000|  0%| F|  |TAMS 0x000000070a300000, 0x000000070a300000| Untracked 
| 110|0x000000070a400000, 0x000000070a400000, 0x000000070a500000|  0%| F|  |TAMS 0x000000070a400000, 0x000000070a400000| Untracked 
| 111|0x000000070a500000, 0x000000070a500000, 0x000000070a600000|  0%| F|  |TAMS 0x000000070a500000, 0x000000070a500000| Untracked 
| 112|0x000000070a600000, 0x000000070a600000, 0x000000070a700000|  0%| F|  |TAMS 0x000000070a600000, 0x000000070a600000| Untracked 
| 113|0x000000070a700000, 0x000000070a700000, 0x000000070a800000|  0%| F|  |TAMS 0x000000070a700000, 0x000000070a700000| Untracked 
| 114|0x000000070a800000, 0x000000070a800000, 0x000000070a900000|  0%| F|  |TAMS 0x000000070a800000, 0x000000070a800000| Untracked 
| 115|0x000000070a900000, 0x000000070a900000, 0x000000070aa00000|  0%| F|  |TAMS 0x000000070a900000, 0x000000070a900000| Untracked 
| 116|0x000000070aa00000, 0x000000070aa00000, 0x000000070ab00000|  0%| F|  |TAMS 0x000000070aa00000, 0x000000070aa00000| Untracked 
| 117|0x000000070ab00000, 0x000000070ab00000, 0x000000070ac00000|  0%| F|  |TAMS 0x000000070ab00000, 0x000000070ab00000| Untracked 
| 118|0x000000070ac00000, 0x000000070ac00000, 0x000000070ad00000|  0%| F|  |TAMS 0x000000070ac00000, 0x000000070ac00000| Untracked 
| 119|0x000000070ad00000, 0x000000070ad00000, 0x000000070ae00000|  0%| F|  |TAMS 0x000000070ad00000, 0x000000070ad00000| Untracked 
| 120|0x000000070ae00000, 0x000000070ae00000, 0x000000070af00000|  0%| F|  |TAMS 0x000000070ae00000, 0x000000070ae00000| Untracked 
| 121|0x000000070af00000, 0x000000070af00000, 0x000000070b000000|  0%| F|  |TAMS 0x000000070af00000, 0x000000070af00000| Untracked 
| 122|0x000000070b000000, 0x000000070b0592b0, 0x000000070b100000| 34%| S|CS|TAMS 0x000000070b000000, 0x000000070b000000| Complete 
| 123|0x000000070b100000, 0x000000070b200000, 0x000000070b200000|100%| S|CS|TAMS 0x000000070b100000, 0x000000070b100000| Complete 
| 124|0x000000070b200000, 0x000000070b300000, 0x000000070b300000|100%| S|CS|TAMS 0x000000070b200000, 0x000000070b200000| Complete 
| 125|0x000000070b300000, 0x000000070b400000, 0x000000070b400000|100%| S|CS|TAMS 0x000000070b300000, 0x000000070b300000| Complete 
| 126|0x000000070b400000, 0x000000070b500000, 0x000000070b500000|100%| S|CS|TAMS 0x000000070b400000, 0x000000070b400000| Complete 
| 127|0x000000070b500000, 0x000000070b600000, 0x000000070b600000|100%| S|CS|TAMS 0x000000070b500000, 0x000000070b500000| Complete 
| 128|0x000000070b600000, 0x000000070b700000, 0x000000070b700000|100%| S|CS|TAMS 0x000000070b600000, 0x000000070b600000| Complete 
| 129|0x000000070b700000, 0x000000070b800000, 0x000000070b800000|100%| S|CS|TAMS 0x000000070b700000, 0x000000070b700000| Complete 
| 130|0x000000070b800000, 0x000000070b900000, 0x000000070b900000|100%| S|CS|TAMS 0x000000070b800000, 0x000000070b800000| Complete 
| 131|0x000000070b900000, 0x000000070ba00000, 0x000000070ba00000|100%| S|CS|TAMS 0x000000070b900000, 0x000000070b900000| Complete 
| 132|0x000000070ba00000, 0x000000070bb00000, 0x000000070bb00000|100%| S|CS|TAMS 0x000000070ba00000, 0x000000070ba00000| Complete 
| 133|0x000000070bb00000, 0x000000070bc00000, 0x000000070bc00000|100%| S|CS|TAMS 0x000000070bb00000, 0x000000070bb00000| Complete 
| 134|0x000000070bc00000, 0x000000070bd00000, 0x000000070bd00000|100%| S|CS|TAMS 0x000000070bc00000, 0x000000070bc00000| Complete 
| 135|0x000000070bd00000, 0x000000070bd00000, 0x000000070be00000|  0%| F|  |TAMS 0x000000070bd00000, 0x000000070bd00000| Untracked 
| 136|0x000000070be00000, 0x000000070be00000, 0x000000070bf00000|  0%| F|  |TAMS 0x000000070be00000, 0x000000070be00000| Untracked 
| 137|0x000000070bf00000, 0x000000070bf00000, 0x000000070c000000|  0%| F|  |TAMS 0x000000070bf00000, 0x000000070bf00000| Untracked 
| 138|0x000000070c000000, 0x000000070c000000, 0x000000070c100000|  0%| F|  |TAMS 0x000000070c000000, 0x000000070c000000| Untracked 
| 139|0x000000070c100000, 0x000000070c100000, 0x000000070c200000|  0%| F|  |TAMS 0x000000070c100000, 0x000000070c100000| Untracked 
| 140|0x000000070c200000, 0x000000070c200000, 0x000000070c300000|  0%| F|  |TAMS 0x000000070c200000, 0x000000070c200000| Untracked 
| 141|0x000000070c300000, 0x000000070c300000, 0x000000070c400000|  0%| F|  |TAMS 0x000000070c300000, 0x000000070c300000| Untracked 
| 142|0x000000070c400000, 0x000000070c400000, 0x000000070c500000|  0%| F|  |TAMS 0x000000070c400000, 0x000000070c400000| Untracked 
| 143|0x000000070c500000, 0x000000070c500000, 0x000000070c600000|  0%| F|  |TAMS 0x000000070c500000, 0x000000070c500000| Untracked 
| 144|0x000000070c600000, 0x000000070c600000, 0x000000070c700000|  0%| F|  |TAMS 0x000000070c600000, 0x000000070c600000| Untracked 
| 145|0x000000070c700000, 0x000000070c700000, 0x000000070c800000|  0%| F|  |TAMS 0x000000070c700000, 0x000000070c700000| Untracked 
| 146|0x000000070c800000, 0x000000070c800000, 0x000000070c900000|  0%| F|  |TAMS 0x000000070c800000, 0x000000070c800000| Untracked 
| 147|0x000000070c900000, 0x000000070c900000, 0x000000070ca00000|  0%| F|  |TAMS 0x000000070c900000, 0x000000070c900000| Untracked 
| 148|0x000000070ca00000, 0x000000070ca00000, 0x000000070cb00000|  0%| F|  |TAMS 0x000000070ca00000, 0x000000070ca00000| Untracked 
| 149|0x000000070cb00000, 0x000000070cb00000, 0x000000070cc00000|  0%| F|  |TAMS 0x000000070cb00000, 0x000000070cb00000| Untracked 
| 150|0x000000070cc00000, 0x000000070cc00000, 0x000000070cd00000|  0%| F|  |TAMS 0x000000070cc00000, 0x000000070cc00000| Untracked 
| 151|0x000000070cd00000, 0x000000070ce00000, 0x000000070ce00000|100%| S|CS|TAMS 0x000000070cd00000, 0x000000070cd00000| Complete 
| 152|0x000000070ce00000, 0x000000070cf00000, 0x000000070cf00000|100%| S|CS|TAMS 0x000000070ce00000, 0x000000070ce00000| Complete 
| 153|0x000000070cf00000, 0x000000070cf00000, 0x000000070d000000|  0%| F|  |TAMS 0x000000070cf00000, 0x000000070cf00000| Untracked 
| 154|0x000000070d000000, 0x000000070d000000, 0x000000070d100000|  0%| F|  |TAMS 0x000000070d000000, 0x000000070d000000| Untracked 
| 155|0x000000070d100000, 0x000000070d100000, 0x000000070d200000|  0%| F|  |TAMS 0x000000070d100000, 0x000000070d100000| Untracked 
| 156|0x000000070d200000, 0x000000070d200000, 0x000000070d300000|  0%| F|  |TAMS 0x000000070d200000, 0x000000070d200000| Untracked 
| 157|0x000000070d300000, 0x000000070d300000, 0x000000070d400000|  0%| F|  |TAMS 0x000000070d300000, 0x000000070d300000| Untracked 
| 158|0x000000070d400000, 0x000000070d400000, 0x000000070d500000|  0%| F|  |TAMS 0x000000070d400000, 0x000000070d400000| Untracked 
| 159|0x000000070d500000, 0x000000070d500000, 0x000000070d600000|  0%| F|  |TAMS 0x000000070d500000, 0x000000070d500000| Untracked 
| 160|0x000000070d600000, 0x000000070d600000, 0x000000070d700000|  0%| F|  |TAMS 0x000000070d600000, 0x000000070d600000| Untracked 
| 161|0x000000070d700000, 0x000000070d700000, 0x000000070d800000|  0%| F|  |TAMS 0x000000070d700000, 0x000000070d700000| Untracked 
| 162|0x000000070d800000, 0x000000070d800000, 0x000000070d900000|  0%| F|  |TAMS 0x000000070d800000, 0x000000070d800000| Untracked 
| 163|0x000000070d900000, 0x000000070d900000, 0x000000070da00000|  0%| F|  |TAMS 0x000000070d900000, 0x000000070d900000| Untracked 
| 164|0x000000070da00000, 0x000000070da00000, 0x000000070db00000|  0%| F|  |TAMS 0x000000070da00000, 0x000000070da00000| Untracked 
| 165|0x000000070db00000, 0x000000070db00000, 0x000000070dc00000|  0%| F|  |TAMS 0x000000070db00000, 0x000000070db00000| Untracked 
| 166|0x000000070dc00000, 0x000000070dc00000, 0x000000070dd00000|  0%| F|  |TAMS 0x000000070dc00000, 0x000000070dc00000| Untracked 
| 167|0x000000070dd00000, 0x000000070dd00000, 0x000000070de00000|  0%| F|  |TAMS 0x000000070dd00000, 0x000000070dd00000| Untracked 
| 168|0x000000070de00000, 0x000000070de00000, 0x000000070df00000|  0%| F|  |TAMS 0x000000070de00000, 0x000000070de00000| Untracked 
| 169|0x000000070df00000, 0x000000070df00000, 0x000000070e000000|  0%| F|  |TAMS 0x000000070df00000, 0x000000070df00000| Untracked 
| 170|0x000000070e000000, 0x000000070e000000, 0x000000070e100000|  0%| F|  |TAMS 0x000000070e000000, 0x000000070e000000| Untracked 
| 171|0x000000070e100000, 0x000000070e100000, 0x000000070e200000|  0%| F|  |TAMS 0x000000070e100000, 0x000000070e100000| Untracked 
| 172|0x000000070e200000, 0x000000070e200000, 0x000000070e300000|  0%| F|  |TAMS 0x000000070e200000, 0x000000070e200000| Untracked 
| 173|0x000000070e300000, 0x000000070e300000, 0x000000070e400000|  0%| F|  |TAMS 0x000000070e300000, 0x000000070e300000| Untracked 
| 174|0x000000070e400000, 0x000000070e400000, 0x000000070e500000|  0%| F|  |TAMS 0x000000070e400000, 0x000000070e400000| Untracked 
| 175|0x000000070e500000, 0x000000070e500000, 0x000000070e600000|  0%| F|  |TAMS 0x000000070e500000, 0x000000070e500000| Untracked 
| 176|0x000000070e600000, 0x000000070e600000, 0x000000070e700000|  0%| F|  |TAMS 0x000000070e600000, 0x000000070e600000| Untracked 
| 177|0x000000070e700000, 0x000000070e700000, 0x000000070e800000|  0%| F|  |TAMS 0x000000070e700000, 0x000000070e700000| Untracked 
| 178|0x000000070e800000, 0x000000070e800000, 0x000000070e900000|  0%| F|  |TAMS 0x000000070e800000, 0x000000070e800000| Untracked 
| 179|0x000000070e900000, 0x000000070e900000, 0x000000070ea00000|  0%| F|  |TAMS 0x000000070e900000, 0x000000070e900000| Untracked 
| 180|0x000000070ea00000, 0x000000070ea00000, 0x000000070eb00000|  0%| F|  |TAMS 0x000000070ea00000, 0x000000070ea00000| Untracked 
| 181|0x000000070eb00000, 0x000000070eb00000, 0x000000070ec00000|  0%| F|  |TAMS 0x000000070eb00000, 0x000000070eb00000| Untracked 
| 182|0x000000070ec00000, 0x000000070ec00000, 0x000000070ed00000|  0%| F|  |TAMS 0x000000070ec00000, 0x000000070ec00000| Untracked 
| 183|0x000000070ed00000, 0x000000070ee00000, 0x000000070ee00000|100%| E|  |TAMS 0x000000070ed00000, 0x000000070ed00000| Complete 
| 184|0x000000070ee00000, 0x000000070ef00000, 0x000000070ef00000|100%| E|CS|TAMS 0x000000070ee00000, 0x000000070ee00000| Complete 
| 185|0x000000070ef00000, 0x000000070f000000, 0x000000070f000000|100%| E|CS|TAMS 0x000000070ef00000, 0x000000070ef00000| Complete 
| 186|0x000000070f000000, 0x000000070f100000, 0x000000070f100000|100%| E|CS|TAMS 0x000000070f000000, 0x000000070f000000| Complete 
| 187|0x000000070f100000, 0x000000070f200000, 0x000000070f200000|100%| E|CS|TAMS 0x000000070f100000, 0x000000070f100000| Complete 
| 188|0x000000070f200000, 0x000000070f300000, 0x000000070f300000|100%| E|CS|TAMS 0x000000070f200000, 0x000000070f200000| Complete 
| 189|0x000000070f300000, 0x000000070f400000, 0x000000070f400000|100%| E|CS|TAMS 0x000000070f300000, 0x000000070f300000| Complete 
| 190|0x000000070f400000, 0x000000070f500000, 0x000000070f500000|100%| E|CS|TAMS 0x000000070f400000, 0x000000070f400000| Complete 
| 191|0x000000070f500000, 0x000000070f600000, 0x000000070f600000|100%| E|CS|TAMS 0x000000070f500000, 0x000000070f500000| Complete 
| 192|0x000000070f600000, 0x000000070f700000, 0x000000070f700000|100%| E|CS|TAMS 0x000000070f600000, 0x000000070f600000| Complete 
| 193|0x000000070f700000, 0x000000070f800000, 0x000000070f800000|100%| E|CS|TAMS 0x000000070f700000, 0x000000070f700000| Complete 
| 194|0x000000070f800000, 0x000000070f900000, 0x000000070f900000|100%| E|CS|TAMS 0x000000070f800000, 0x000000070f800000| Complete 
| 195|0x000000070f900000, 0x000000070fa00000, 0x000000070fa00000|100%| E|CS|TAMS 0x000000070f900000, 0x000000070f900000| Complete 
| 196|0x000000070fa00000, 0x000000070fb00000, 0x000000070fb00000|100%| E|CS|TAMS 0x000000070fa00000, 0x000000070fa00000| Complete 
| 197|0x000000070fb00000, 0x000000070fc00000, 0x000000070fc00000|100%| E|CS|TAMS 0x000000070fb00000, 0x000000070fb00000| Complete 
| 198|0x000000070fc00000, 0x000000070fd00000, 0x000000070fd00000|100%| E|CS|TAMS 0x000000070fc00000, 0x000000070fc00000| Complete 
| 199|0x000000070fd00000, 0x000000070fe00000, 0x000000070fe00000|100%| E|CS|TAMS 0x000000070fd00000, 0x000000070fd00000| Complete 
| 200|0x000000070fe00000, 0x000000070ff00000, 0x000000070ff00000|100%| E|CS|TAMS 0x000000070fe00000, 0x000000070fe00000| Complete 
| 201|0x000000070ff00000, 0x0000000710000000, 0x0000000710000000|100%| E|CS|TAMS 0x000000070ff00000, 0x000000070ff00000| Complete 
| 202|0x0000000710000000, 0x0000000710100000, 0x0000000710100000|100%| E|CS|TAMS 0x0000000710000000, 0x0000000710000000| Complete 
| 203|0x0000000710100000, 0x0000000710200000, 0x0000000710200000|100%| E|CS|TAMS 0x0000000710100000, 0x0000000710100000| Complete 
| 204|0x0000000710200000, 0x0000000710300000, 0x0000000710300000|100%| E|CS|TAMS 0x0000000710200000, 0x0000000710200000| Complete 
| 205|0x0000000710300000, 0x0000000710400000, 0x0000000710400000|100%| E|CS|TAMS 0x0000000710300000, 0x0000000710300000| Complete 
| 206|0x0000000710400000, 0x0000000710500000, 0x0000000710500000|100%| E|CS|TAMS 0x0000000710400000, 0x0000000710400000| Complete 
| 207|0x0000000710500000, 0x0000000710600000, 0x0000000710600000|100%| E|CS|TAMS 0x0000000710500000, 0x0000000710500000| Complete 
| 208|0x0000000710600000, 0x0000000710700000, 0x0000000710700000|100%| E|CS|TAMS 0x0000000710600000, 0x0000000710600000| Complete 
| 209|0x0000000710700000, 0x0000000710800000, 0x0000000710800000|100%| E|CS|TAMS 0x0000000710700000, 0x0000000710700000| Complete 
| 210|0x0000000710800000, 0x0000000710900000, 0x0000000710900000|100%| E|CS|TAMS 0x0000000710800000, 0x0000000710800000| Complete 
| 211|0x0000000710900000, 0x0000000710a00000, 0x0000000710a00000|100%| E|CS|TAMS 0x0000000710900000, 0x0000000710900000| Complete 
| 212|0x0000000710a00000, 0x0000000710b00000, 0x0000000710b00000|100%| E|CS|TAMS 0x0000000710a00000, 0x0000000710a00000| Complete 
| 213|0x0000000710b00000, 0x0000000710c00000, 0x0000000710c00000|100%| E|CS|TAMS 0x0000000710b00000, 0x0000000710b00000| Complete 
| 214|0x0000000710c00000, 0x0000000710d00000, 0x0000000710d00000|100%| E|CS|TAMS 0x0000000710c00000, 0x0000000710c00000| Complete 
| 215|0x0000000710d00000, 0x0000000710e00000, 0x0000000710e00000|100%| E|CS|TAMS 0x0000000710d00000, 0x0000000710d00000| Complete 
| 216|0x0000000710e00000, 0x0000000710f00000, 0x0000000710f00000|100%| E|CS|TAMS 0x0000000710e00000, 0x0000000710e00000| Complete 
| 217|0x0000000710f00000, 0x0000000711000000, 0x0000000711000000|100%| E|CS|TAMS 0x0000000710f00000, 0x0000000710f00000| Complete 
| 218|0x0000000711000000, 0x0000000711100000, 0x0000000711100000|100%| E|CS|TAMS 0x0000000711000000, 0x0000000711000000| Complete 
| 219|0x0000000711100000, 0x0000000711200000, 0x0000000711200000|100%| E|CS|TAMS 0x0000000711100000, 0x0000000711100000| Complete 
| 220|0x0000000711200000, 0x0000000711300000, 0x0000000711300000|100%| E|CS|TAMS 0x0000000711200000, 0x0000000711200000| Complete 
| 221|0x0000000711300000, 0x0000000711400000, 0x0000000711400000|100%| E|CS|TAMS 0x0000000711300000, 0x0000000711300000| Complete 
| 222|0x0000000711400000, 0x0000000711500000, 0x0000000711500000|100%| E|CS|TAMS 0x0000000711400000, 0x0000000711400000| Complete 
| 223|0x0000000711500000, 0x0000000711600000, 0x0000000711600000|100%| E|CS|TAMS 0x0000000711500000, 0x0000000711500000| Complete 
| 224|0x0000000711600000, 0x0000000711700000, 0x0000000711700000|100%| E|CS|TAMS 0x0000000711600000, 0x0000000711600000| Complete 
| 225|0x0000000711700000, 0x0000000711800000, 0x0000000711800000|100%| E|CS|TAMS 0x0000000711700000, 0x0000000711700000| Complete 
| 226|0x0000000711800000, 0x0000000711900000, 0x0000000711900000|100%| E|CS|TAMS 0x0000000711800000, 0x0000000711800000| Complete 
| 227|0x0000000711900000, 0x0000000711a00000, 0x0000000711a00000|100%| E|CS|TAMS 0x0000000711900000, 0x0000000711900000| Complete 
| 228|0x0000000711a00000, 0x0000000711b00000, 0x0000000711b00000|100%| E|CS|TAMS 0x0000000711a00000, 0x0000000711a00000| Complete 
| 229|0x0000000711b00000, 0x0000000711c00000, 0x0000000711c00000|100%| E|CS|TAMS 0x0000000711b00000, 0x0000000711b00000| Complete 
| 230|0x0000000711c00000, 0x0000000711d00000, 0x0000000711d00000|100%| E|CS|TAMS 0x0000000711c00000, 0x0000000711c00000| Complete 
| 231|0x0000000711d00000, 0x0000000711e00000, 0x0000000711e00000|100%| E|CS|TAMS 0x0000000711d00000, 0x0000000711d00000| Complete 
| 232|0x0000000711e00000, 0x0000000711f00000, 0x0000000711f00000|100%| E|CS|TAMS 0x0000000711e00000, 0x0000000711e00000| Complete 
| 233|0x0000000711f00000, 0x0000000712000000, 0x0000000712000000|100%| E|CS|TAMS 0x0000000711f00000, 0x0000000711f00000| Complete 
| 234|0x0000000712000000, 0x0000000712100000, 0x0000000712100000|100%| E|CS|TAMS 0x0000000712000000, 0x0000000712000000| Complete 
| 235|0x0000000712100000, 0x0000000712200000, 0x0000000712200000|100%| E|CS|TAMS 0x0000000712100000, 0x0000000712100000| Complete 
| 236|0x0000000712200000, 0x0000000712300000, 0x0000000712300000|100%| E|CS|TAMS 0x0000000712200000, 0x0000000712200000| Complete 
| 237|0x0000000712300000, 0x0000000712400000, 0x0000000712400000|100%| E|CS|TAMS 0x0000000712300000, 0x0000000712300000| Complete 
| 238|0x0000000712400000, 0x0000000712500000, 0x0000000712500000|100%| E|CS|TAMS 0x0000000712400000, 0x0000000712400000| Complete 
| 239|0x0000000712500000, 0x0000000712600000, 0x0000000712600000|100%| E|CS|TAMS 0x0000000712500000, 0x0000000712500000| Complete 
| 240|0x0000000712600000, 0x0000000712700000, 0x0000000712700000|100%| E|CS|TAMS 0x0000000712600000, 0x0000000712600000| Complete 
| 241|0x0000000712700000, 0x0000000712800000, 0x0000000712800000|100%| E|CS|TAMS 0x0000000712700000, 0x0000000712700000| Complete 
| 242|0x0000000712800000, 0x0000000712900000, 0x0000000712900000|100%| E|CS|TAMS 0x0000000712800000, 0x0000000712800000| Complete 
| 243|0x0000000712900000, 0x0000000712a00000, 0x0000000712a00000|100%| E|CS|TAMS 0x0000000712900000, 0x0000000712900000| Complete 
| 244|0x0000000712a00000, 0x0000000712b00000, 0x0000000712b00000|100%| E|CS|TAMS 0x0000000712a00000, 0x0000000712a00000| Complete 
| 245|0x0000000712b00000, 0x0000000712c00000, 0x0000000712c00000|100%| E|CS|TAMS 0x0000000712b00000, 0x0000000712b00000| Complete 
| 246|0x0000000712c00000, 0x0000000712d00000, 0x0000000712d00000|100%| E|CS|TAMS 0x0000000712c00000, 0x0000000712c00000| Complete 
| 247|0x0000000712d00000, 0x0000000712e00000, 0x0000000712e00000|100%| E|CS|TAMS 0x0000000712d00000, 0x0000000712d00000| Complete 
| 248|0x0000000712e00000, 0x0000000712f00000, 0x0000000712f00000|100%| E|CS|TAMS 0x0000000712e00000, 0x0000000712e00000| Complete 
| 249|0x0000000712f00000, 0x0000000713000000, 0x0000000713000000|100%| E|CS|TAMS 0x0000000712f00000, 0x0000000712f00000| Complete 
| 250|0x0000000713000000, 0x0000000713100000, 0x0000000713100000|100%| E|CS|TAMS 0x0000000713000000, 0x0000000713000000| Complete 
| 251|0x0000000713100000, 0x0000000713200000, 0x0000000713200000|100%| E|CS|TAMS 0x0000000713100000, 0x0000000713100000| Complete 
| 252|0x0000000713200000, 0x0000000713300000, 0x0000000713300000|100%| E|CS|TAMS 0x0000000713200000, 0x0000000713200000| Complete 
| 253|0x0000000713300000, 0x0000000713400000, 0x0000000713400000|100%| E|CS|TAMS 0x0000000713300000, 0x0000000713300000| Complete 
| 254|0x0000000713400000, 0x0000000713500000, 0x0000000713500000|100%| E|CS|TAMS 0x0000000713400000, 0x0000000713400000| Complete 
| 255|0x0000000713500000, 0x0000000713600000, 0x0000000713600000|100%| E|CS|TAMS 0x0000000713500000, 0x0000000713500000| Complete 
| 256|0x0000000713600000, 0x0000000713700000, 0x0000000713700000|100%| E|CS|TAMS 0x0000000713600000, 0x0000000713600000| Complete 
| 257|0x0000000713700000, 0x0000000713800000, 0x0000000713800000|100%| E|CS|TAMS 0x0000000713700000, 0x0000000713700000| Complete 
| 258|0x0000000713800000, 0x0000000713900000, 0x0000000713900000|100%| E|CS|TAMS 0x0000000713800000, 0x0000000713800000| Complete 
| 259|0x0000000713900000, 0x0000000713a00000, 0x0000000713a00000|100%| E|CS|TAMS 0x0000000713900000, 0x0000000713900000| Complete 
| 260|0x0000000713a00000, 0x0000000713b00000, 0x0000000713b00000|100%| E|CS|TAMS 0x0000000713a00000, 0x0000000713a00000| Complete 
| 261|0x0000000713b00000, 0x0000000713c00000, 0x0000000713c00000|100%| E|CS|TAMS 0x0000000713b00000, 0x0000000713b00000| Complete 
| 262|0x0000000713c00000, 0x0000000713d00000, 0x0000000713d00000|100%| E|CS|TAMS 0x0000000713c00000, 0x0000000713c00000| Complete 
| 263|0x0000000713d00000, 0x0000000713e00000, 0x0000000713e00000|100%| E|CS|TAMS 0x0000000713d00000, 0x0000000713d00000| Complete 
| 264|0x0000000713e00000, 0x0000000713f00000, 0x0000000713f00000|100%| E|CS|TAMS 0x0000000713e00000, 0x0000000713e00000| Complete 
| 265|0x0000000713f00000, 0x0000000714000000, 0x0000000714000000|100%| E|CS|TAMS 0x0000000713f00000, 0x0000000713f00000| Complete 
| 266|0x0000000714000000, 0x0000000714100000, 0x0000000714100000|100%| E|CS|TAMS 0x0000000714000000, 0x0000000714000000| Complete 
| 267|0x0000000714100000, 0x0000000714200000, 0x0000000714200000|100%| E|CS|TAMS 0x0000000714100000, 0x0000000714100000| Complete 
| 268|0x0000000714200000, 0x0000000714300000, 0x0000000714300000|100%| E|CS|TAMS 0x0000000714200000, 0x0000000714200000| Complete 
| 269|0x0000000714300000, 0x0000000714400000, 0x0000000714400000|100%| E|CS|TAMS 0x0000000714300000, 0x0000000714300000| Complete 
| 270|0x0000000714400000, 0x0000000714500000, 0x0000000714500000|100%| E|CS|TAMS 0x0000000714400000, 0x0000000714400000| Complete 
| 271|0x0000000714500000, 0x0000000714600000, 0x0000000714600000|100%| E|CS|TAMS 0x0000000714500000, 0x0000000714500000| Complete 
| 272|0x0000000714600000, 0x0000000714700000, 0x0000000714700000|100%| E|CS|TAMS 0x0000000714600000, 0x0000000714600000| Complete 
| 273|0x0000000714700000, 0x0000000714800000, 0x0000000714800000|100%| E|CS|TAMS 0x0000000714700000, 0x0000000714700000| Complete 
| 274|0x0000000714800000, 0x0000000714900000, 0x0000000714900000|100%| E|CS|TAMS 0x0000000714800000, 0x0000000714800000| Complete 
| 275|0x0000000714900000, 0x0000000714a00000, 0x0000000714a00000|100%| E|CS|TAMS 0x0000000714900000, 0x0000000714900000| Complete 
| 276|0x0000000714a00000, 0x0000000714b00000, 0x0000000714b00000|100%| E|CS|TAMS 0x0000000714a00000, 0x0000000714a00000| Complete 
| 277|0x0000000714b00000, 0x0000000714c00000, 0x0000000714c00000|100%| E|CS|TAMS 0x0000000714b00000, 0x0000000714b00000| Complete 
| 278|0x0000000714c00000, 0x0000000714d00000, 0x0000000714d00000|100%| E|CS|TAMS 0x0000000714c00000, 0x0000000714c00000| Complete 
| 279|0x0000000714d00000, 0x0000000714e00000, 0x0000000714e00000|100%| E|CS|TAMS 0x0000000714d00000, 0x0000000714d00000| Complete 
| 280|0x0000000714e00000, 0x0000000714f00000, 0x0000000714f00000|100%| E|CS|TAMS 0x0000000714e00000, 0x0000000714e00000| Complete 
| 281|0x0000000714f00000, 0x0000000715000000, 0x0000000715000000|100%| E|CS|TAMS 0x0000000714f00000, 0x0000000714f00000| Complete 
| 282|0x0000000715000000, 0x0000000715100000, 0x0000000715100000|100%| E|CS|TAMS 0x0000000715000000, 0x0000000715000000| Complete 
| 283|0x0000000715100000, 0x0000000715200000, 0x0000000715200000|100%| E|CS|TAMS 0x0000000715100000, 0x0000000715100000| Complete 
| 284|0x0000000715200000, 0x0000000715300000, 0x0000000715300000|100%| E|CS|TAMS 0x0000000715200000, 0x0000000715200000| Complete 
| 285|0x0000000715300000, 0x0000000715400000, 0x0000000715400000|100%| E|CS|TAMS 0x0000000715300000, 0x0000000715300000| Complete 
| 286|0x0000000715400000, 0x0000000715500000, 0x0000000715500000|100%| E|CS|TAMS 0x0000000715400000, 0x0000000715400000| Complete 
| 287|0x0000000715500000, 0x0000000715600000, 0x0000000715600000|100%| E|CS|TAMS 0x0000000715500000, 0x0000000715500000| Complete 
| 288|0x0000000715600000, 0x0000000715700000, 0x0000000715700000|100%| E|CS|TAMS 0x0000000715600000, 0x0000000715600000| Complete 
| 289|0x0000000715700000, 0x0000000715800000, 0x0000000715800000|100%| E|CS|TAMS 0x0000000715700000, 0x0000000715700000| Complete 
| 290|0x0000000715800000, 0x0000000715900000, 0x0000000715900000|100%| E|CS|TAMS 0x0000000715800000, 0x0000000715800000| Complete 
| 291|0x0000000715900000, 0x0000000715a00000, 0x0000000715a00000|100%| E|CS|TAMS 0x0000000715900000, 0x0000000715900000| Complete 
| 292|0x0000000715a00000, 0x0000000715b00000, 0x0000000715b00000|100%| E|CS|TAMS 0x0000000715a00000, 0x0000000715a00000| Complete 
| 293|0x0000000715b00000, 0x0000000715c00000, 0x0000000715c00000|100%| E|CS|TAMS 0x0000000715b00000, 0x0000000715b00000| Complete 
| 294|0x0000000715c00000, 0x0000000715d00000, 0x0000000715d00000|100%| E|CS|TAMS 0x0000000715c00000, 0x0000000715c00000| Complete 
| 295|0x0000000715d00000, 0x0000000715e00000, 0x0000000715e00000|100%| E|CS|TAMS 0x0000000715d00000, 0x0000000715d00000| Complete 
| 296|0x0000000715e00000, 0x0000000715f00000, 0x0000000715f00000|100%| E|CS|TAMS 0x0000000715e00000, 0x0000000715e00000| Complete 
| 297|0x0000000715f00000, 0x0000000716000000, 0x0000000716000000|100%| E|CS|TAMS 0x0000000715f00000, 0x0000000715f00000| Complete 
| 298|0x0000000716000000, 0x0000000716100000, 0x0000000716100000|100%| E|CS|TAMS 0x0000000716000000, 0x0000000716000000| Complete 
| 299|0x0000000716100000, 0x0000000716200000, 0x0000000716200000|100%| E|CS|TAMS 0x0000000716100000, 0x0000000716100000| Complete 
| 300|0x0000000716200000, 0x0000000716300000, 0x0000000716300000|100%| E|CS|TAMS 0x0000000716200000, 0x0000000716200000| Complete 
| 301|0x0000000716300000, 0x0000000716400000, 0x0000000716400000|100%| E|CS|TAMS 0x0000000716300000, 0x0000000716300000| Complete 
| 302|0x0000000716400000, 0x0000000716500000, 0x0000000716500000|100%| E|CS|TAMS 0x0000000716400000, 0x0000000716400000| Complete 
| 303|0x0000000716500000, 0x0000000716600000, 0x0000000716600000|100%| E|CS|TAMS 0x0000000716500000, 0x0000000716500000| Complete 
| 304|0x0000000716600000, 0x0000000716700000, 0x0000000716700000|100%| E|CS|TAMS 0x0000000716600000, 0x0000000716600000| Complete 

Card table byte_map: [0x000001bf59940000,0x000001bf5a130000] _byte_map_base: 0x000001bf56125000

Marking Bits (Prev, Next): (CMBitMap*) 0x000001bf40889d30, (CMBitMap*) 0x000001bf40889cf8
 Prev Bits: [0x000001bf5e850000, 0x000001bf62778000)
 Next Bits: [0x000001bf5a920000, 0x000001bf5e848000)

Polling page: 0x000001bf408e0000

Metaspace:

Usage:
  Non-class:     61.24 MB capacity,    59.94 MB ( 98%) used,     1.03 MB (  2%) free+waste,   265.12 KB ( <1%) overhead. 
      Class:     10.05 MB capacity,     9.16 MB ( 91%) used,   775.99 KB (  8%) free+waste,   135.94 KB (  1%) overhead. 
       Both:     71.29 MB capacity,    69.10 MB ( 97%) used,     1.79 MB (  3%) free+waste,   401.06 KB ( <1%) overhead. 

Virtual space:
  Non-class space:       62.00 MB reserved,      61.25 MB ( 99%) committed 
      Class space:        1.00 GB reserved,      10.08 MB ( <1%) committed 
             Both:        1.06 GB reserved,      71.33 MB (  7%) committed 

Chunk freelists:
   Non-Class:  1.25 KB
       Class:  1.62 KB
        Both:  2.88 KB

CodeHeap 'non-profiled nmethods': size=238336Kb used=10167Kb max_used=10167Kb free=228168Kb
 bounds [0x000001bf49e20000, 0x000001bf4a810000, 0x000001bf586e0000]
CodeHeap 'non-nmethods': size=7424Kb used=1287Kb max_used=1287Kb free=6136Kb
 bounds [0x000001bf496e0000, 0x000001bf49950000, 0x000001bf49e20000]
 total_blobs=7019 nmethods=6364 adapters=580
 compilation: enabled
              stopped_count=0, restarted_count=0
 full_count=0

Compilation events (10 events):
Event: 101.009 Thread 0x000001bf65c26000 6360       1       org.apache.tomcat.util.buf.AbstractChunk::getEnd (5 bytes)
Event: 101.009 Thread 0x000001bf65c26000 nmethod 6360 0x000001bf4a80bc10 code [0x000001bf4a80bda0, 0x000001bf4a80be58]
Event: 101.010 Thread 0x000001bf65c26000 6361       1       java.nio.charset.Charset::equals (31 bytes)
Event: 101.010 Thread 0x000001bf65c26000 nmethod 6361 0x000001bf4a80bf10 code [0x000001bf4a80c0c0, 0x000001bf4a80c268]
Event: 101.010 Thread 0x000001bf65c26000 6362       1       sun.nio.cs.ThreadLocalCoders::decoderFor (18 bytes)
Event: 101.011 Thread 0x000001bf65c26000 nmethod 6362 0x000001bf4a80c390 code [0x000001bf4a80c540, 0x000001bf4a80c668]
Event: 101.011 Thread 0x000001bf65c26000 6363       1       sun.nio.cs.ThreadLocalCoders$Cache::forName (108 bytes)
Event: 101.012 Thread 0x000001bf65c26000 nmethod 6363 0x000001bf4a80c790 code [0x000001bf4a80c9a0, 0x000001bf4a80d218]
Event: 101.012 Thread 0x000001bf65c26000 6364   !   1       java.nio.charset.Charset::decode (31 bytes)
Event: 101.013 Thread 0x000001bf65c26000 nmethod 6364 0x000001bf4a80d590 code [0x000001bf4a80d760, 0x000001bf4a80da88]

GC Heap History (10 events):
Event: 4.243 GC heap before
{Heap before GC invocations=5 (full 0):
 garbage-first heap   total 260096K, used 99703K [0x0000000703600000, 0x0000000800000000)
  region size 1024K, 90 young (92160K), 5 survivors (5120K)
 Metaspace       used 33380K, capacity 34453K, committed 34556K, reserved 1079296K
  class space    used 4082K, capacity 4516K, committed 4608K, reserved 1048576K
}
Event: 4.249 GC heap after
{Heap after GC invocations=6 (full 0):
 garbage-first heap   total 260096K, used 17189K [0x0000000703600000, 0x0000000800000000)
  region size 1024K, 9 young (9216K), 9 survivors (9216K)
 Metaspace       used 33380K, capacity 34453K, committed 34556K, reserved 1079296K
  class space    used 4082K, capacity 4516K, committed 4608K, reserved 1048576K
}
Event: 4.371 GC heap before
{Heap before GC invocations=6 (full 0):
 garbage-first heap   total 260096K, used 43813K [0x0000000703600000, 0x0000000800000000)
  region size 1024K, 36 young (36864K), 9 survivors (9216K)
 Metaspace       used 34901K, capacity 35974K, committed 36048K, reserved 1081344K
  class space    used 4304K, capacity 4746K, committed 4820K, reserved 1048576K
}
Event: 4.379 GC heap after
{Heap after GC invocations=7 (full 0):
 garbage-first heap   total 260096K, used 17688K [0x0000000703600000, 0x0000000800000000)
  region size 1024K, 9 young (9216K), 9 survivors (9216K)
 Metaspace       used 34901K, capacity 35974K, committed 36048K, reserved 1081344K
  class space    used 4304K, capacity 4746K, committed 4820K, reserved 1048576K
}
Event: 5.042 GC heap before
{Heap before GC invocations=8 (full 0):
 garbage-first heap   total 260096K, used 145688K [0x0000000703600000, 0x0000000800000000)
  region size 1024K, 130 young (133120K), 9 survivors (9216K)
 Metaspace       used 42342K, capacity 43753K, committed 43856K, reserved 1087488K
  class space    used 5336K, capacity 5911K, committed 5972K, reserved 1048576K
}
Event: 5.050 GC heap after
{Heap after GC invocations=9 (full 0):
 garbage-first heap   total 260096K, used 22880K [0x0000000703600000, 0x0000000800000000)
  region size 1024K, 14 young (14336K), 14 survivors (14336K)
 Metaspace       used 42342K, capacity 43753K, committed 43856K, reserved 1087488K
  class space    used 5336K, capacity 5911K, committed 5972K, reserved 1048576K
}
Event: 5.722 GC heap before
{Heap before GC invocations=9 (full 0):
 garbage-first heap   total 260096K, used 127328K [0x0000000703600000, 0x0000000800000000)
  region size 1024K, 117 young (119808K), 14 survivors (14336K)
 Metaspace       used 58675K, capacity 60422K, committed 60508K, reserved 1101824K
  class space    used 7647K, capacity 8390K, committed 8404K, reserved 1048576K
}
Event: 5.739 GC heap after
{Heap after GC invocations=10 (full 0):
 garbage-first heap   total 312320K, used 28989K [0x0000000703600000, 0x0000000800000000)
  region size 1024K, 16 young (16384K), 16 survivors (16384K)
 Metaspace       used 58675K, capacity 60422K, committed 60508K, reserved 1101824K
  class space    used 7647K, capacity 8390K, committed 8404K, reserved 1048576K
}
Event: 6.338 GC heap before
{Heap before GC invocations=11 (full 0):
 garbage-first heap   total 312320K, used 184637K [0x0000000703600000, 0x0000000800000000)
  region size 1024K, 168 young (172032K), 16 survivors (16384K)
 Metaspace       used 62982K, capacity 65118K, committed 65360K, reserved 1105920K
  class space    used 8366K, capacity 9239K, committed 9300K, reserved 1048576K
}
Event: 6.352 GC heap after
{Heap after GC invocations=12 (full 0):
 garbage-first heap   total 312320K, used 36949K [0x0000000703600000, 0x0000000800000000)
  region size 1024K, 15 young (15360K), 15 survivors (15360K)
 Metaspace       used 62982K, capacity 65118K, committed 65360K, reserved 1105920K
  class space    used 8366K, capacity 9239K, committed 9300K, reserved 1048576K
}

Deoptimization events (0 events):
No events

Classes redefined (0 events):
No events

Internal exceptions (10 events):
Event: 9.234 Thread 0x000001bf40827000 Exception <a 'java/lang/ClassNotFoundException'{0x00000007109d2820}: com/netflix/discovery/DiscoveryClientCustomizer> (0x00000007109d2820) thrown at [./open/src/hotspot/share/classfile/systemDictionary.cpp, line 226]
Event: 9.235 Thread 0x000001bf40827000 Exception <a 'java/lang/ClassNotFoundException'{0x0000000710804670}: org/springframework/cloud/netflix/eureka/CloudEurekaClientCustomizer> (0x0000000710804670) thrown at [./open/src/hotspot/share/classfile/systemDictionary.cpp, line 226]
Event: 9.235 Thread 0x000001bf40827000 Exception <a 'java/lang/ClassNotFoundException'{0x000000071082dc50}: com/netflix/discovery/EurekaClientCustomizer> (0x000000071082dc50) thrown at [./open/src/hotspot/share/classfile/systemDictionary.cpp, line 226]
Event: 9.235 Thread 0x000001bf40827000 Exception <a 'java/lang/ClassNotFoundException'{0x00000007108542b0}: com/netflix/discovery/shared/LookupServiceCustomizer> (0x00000007108542b0) thrown at [./open/src/hotspot/share/classfile/systemDictionary.cpp, line 226]
Event: 39.256 Thread 0x000001bf6a44a000 Exception <a 'java/net/SocketTimeoutException'{0x000000070f08fde8}: Read timed out> (0x000000070f08fde8) thrown at [./open/src/hotspot/share/prims/jni.cpp, line 632]
Event: 39.256 Thread 0x000001bf6a44b000 Exception <a 'java/net/SocketTimeoutException'{0x000000070ef9c750}: Read timed out> (0x000000070ef9c750) thrown at [./open/src/hotspot/share/prims/jni.cpp, line 632]
Event: 69.292 Thread 0x000001bf6a44a000 Exception <a 'java/net/SocketTimeoutException'{0x000000070f0a6558}: Read timed out> (0x000000070f0a6558) thrown at [./open/src/hotspot/share/prims/jni.cpp, line 632]
Event: 69.292 Thread 0x000001bf6a44b000 Exception <a 'java/net/SocketTimeoutException'{0x000000070efa4028}: Read timed out> (0x000000070efa4028) thrown at [./open/src/hotspot/share/prims/jni.cpp, line 632]
Event: 99.321 Thread 0x000001bf6a44a000 Exception <a 'java/net/SocketTimeoutException'{0x000000070f0af6c0}: Read timed out> (0x000000070f0af6c0) thrown at [./open/src/hotspot/share/prims/jni.cpp, line 632]
Event: 99.321 Thread 0x000001bf6a44b000 Exception <a 'java/net/SocketTimeoutException'{0x000000070efab410}: Read timed out> (0x000000070efab410) thrown at [./open/src/hotspot/share/prims/jni.cpp, line 632]

Events (10 events):
Event: 82.997 loading class com/fasterxml/jackson/databind/ser/impl/PropertySerializerMap$Multi
Event: 82.997 loading class com/fasterxml/jackson/databind/ser/impl/PropertySerializerMap$Multi done
Event: 83.000 Executing VM operation: RevokeBias
Event: 83.000 Executing VM operation: RevokeBias done
Event: 83.000 Executing VM operation: RevokeBias
Event: 83.000 Executing VM operation: RevokeBias done
Event: 86.385 Executing VM operation: RevokeBias
Event: 86.385 Executing VM operation: RevokeBias done
Event: 91.304 Thread 0x000001bf674ee000 Thread exited: 0x000001bf674ee000
Event: 91.304 Thread 0x000001bf6a447800 Thread exited: 0x000001bf6a447800


Dynamic libraries:
0x00007ff7f9b80000 - 0x00007ff7f9b90000 	C:\Program Files\Java\jdk-11\bin\java.exe
0x00007ffee3970000 - 0x00007ffee3b87000 	C:\Windows\SYSTEM32\ntdll.dll
0x00007ffee2120000 - 0x00007ffee21e4000 	C:\Windows\System32\KERNEL32.DLL
0x00007ffee0f00000 - 0x00007ffee12ac000 	C:\Windows\System32\KERNELBASE.dll
0x00007ffee0d10000 - 0x00007ffee0e21000 	C:\Windows\System32\ucrtbase.dll
0x00007ffeb3e80000 - 0x00007ffeb3e99000 	C:\Program Files\Java\jdk-11\bin\jli.dll
0x00007ffeb3dd0000 - 0x00007ffeb3deb000 	C:\Program Files\Java\jdk-11\bin\VCRUNTIME140.dll
0x00007ffee1720000 - 0x00007ffee17d2000 	C:\Windows\System32\ADVAPI32.dll
0x00007ffee2070000 - 0x00007ffee2117000 	C:\Windows\System32\msvcrt.dll
0x00007ffee17e0000 - 0x00007ffee188a000 	C:\Windows\System32\sechost.dll
0x00007ffee1560000 - 0x00007ffee1588000 	C:\Windows\System32\bcrypt.dll
0x00007ffee2a40000 - 0x00007ffee2b55000 	C:\Windows\System32\RPCRT4.dll
0x00007ffee2650000 - 0x00007ffee27fe000 	C:\Windows\System32\USER32.dll
0x00007ffee0e30000 - 0x00007ffee0e56000 	C:\Windows\System32\win32u.dll
0x00007ffee2290000 - 0x00007ffee22b9000 	C:\Windows\System32\GDI32.dll
0x00007ffee1590000 - 0x00007ffee16a9000 	C:\Windows\System32\gdi32full.dll
0x00007ffee0e60000 - 0x00007ffee0efa000 	C:\Windows\System32\msvcp_win.dll
0x00007ffec9210000 - 0x00007ffec94a3000 	C:\Windows\WinSxS\amd64_microsoft.windows.common-controls_6595b64144ccf1df_6.0.22621.3672_none_2713b9d173822955\COMCTL32.dll
0x00007ffed8360000 - 0x00007ffed836a000 	C:\Windows\SYSTEM32\VERSION.dll
0x00007ffee21f0000 - 0x00007ffee2221000 	C:\Windows\System32\IMM32.DLL
0x00007ffebb730000 - 0x00007ffebb73c000 	C:\Program Files\Java\jdk-11\bin\vcruntime140_1.dll
0x00007ffea6620000 - 0x00007ffea66ae000 	C:\Program Files\Java\jdk-11\bin\msvcp140.dll
0x00007ffe74b70000 - 0x00007ffe756de000 	C:\Program Files\Java\jdk-11\bin\server\jvm.dll
0x00007ffee16b0000 - 0x00007ffee16b8000 	C:\Windows\System32\PSAPI.DLL
0x00007ffedc020000 - 0x00007ffedc054000 	C:\Windows\SYSTEM32\WINMM.dll
0x00007ffebd4f0000 - 0x00007ffebd4f9000 	C:\Windows\SYSTEM32\WSOCK32.dll
0x00007ffee1d10000 - 0x00007ffee1d81000 	C:\Windows\System32\WS2_32.dll
0x00007ffedfdc0000 - 0x00007ffedfdd8000 	C:\Windows\SYSTEM32\kernel.appcore.dll
0x00007ffeb65a0000 - 0x00007ffeb65b0000 	C:\Program Files\Java\jdk-11\bin\verify.dll
0x00007ffede4b0000 - 0x00007ffede6e2000 	C:\Windows\SYSTEM32\DBGHELP.DLL
0x00007ffee22c0000 - 0x00007ffee2648000 	C:\Windows\System32\combase.dll
0x00007ffee3850000 - 0x00007ffee3927000 	C:\Windows\System32\OLEAUT32.dll
0x00007ffecdb80000 - 0x00007ffecdbb2000 	C:\Windows\SYSTEM32\dbgcore.DLL
0x00007ffee1420000 - 0x00007ffee149b000 	C:\Windows\System32\bcryptPrimitives.dll
0x00007ffeaaf10000 - 0x00007ffeaaf38000 	C:\Program Files\Java\jdk-11\bin\java.dll
0x00007ffeb6420000 - 0x00007ffeb642a000 	C:\Program Files\Java\jdk-11\bin\jimage.dll
0x00007ffedbdd0000 - 0x00007ffedbdde000 	C:\Program Files\Java\jdk-11\bin\instrument.dll
0x00007ffeb3be0000 - 0x00007ffeb3bf7000 	C:\Program Files\Java\jdk-11\bin\zip.dll
0x00007ffee2b70000 - 0x00007ffee33cc000 	C:\Windows\System32\SHELL32.dll
0x00007ffedeba0000 - 0x00007ffedf497000 	C:\Windows\SYSTEM32\windows.storage.dll
0x00007ffedea60000 - 0x00007ffedeb9f000 	C:\Windows\SYSTEM32\wintypes.dll
0x00007ffee1f70000 - 0x00007ffee2064000 	C:\Windows\System32\SHCORE.dll
0x00007ffee2230000 - 0x00007ffee228e000 	C:\Windows\System32\shlwapi.dll
0x00007ffee0bd0000 - 0x00007ffee0bf1000 	C:\Windows\SYSTEM32\profapi.dll
0x00007ffeb3230000 - 0x00007ffeb3249000 	C:\Program Files\Java\jdk-11\bin\net.dll
0x00007ffedd250000 - 0x00007ffedd386000 	C:\Windows\SYSTEM32\WINHTTP.dll
0x00007ffee0230000 - 0x00007ffee0299000 	C:\Windows\system32\mswsock.dll
0x00007ffeb1c00000 - 0x00007ffeb1c12000 	C:\Program Files\Java\jdk-11\bin\nio.dll
0x00007ffeca7d0000 - 0x00007ffeca7ea000 	C:\Program Files\JetBrains\IntelliJ IDEA 2023.2.5\bin\breakgen64.dll
0x00007ffedf740000 - 0x00007ffedf838000 	C:\Windows\SYSTEM32\DNSAPI.dll
0x00007ffedf710000 - 0x00007ffedf73d000 	C:\Windows\SYSTEM32\IPHLPAPI.DLL
0x00007ffee1ae0000 - 0x00007ffee1ae9000 	C:\Windows\System32\NSI.dll
0x00007ffeda020000 - 0x00007ffeda02a000 	C:\Windows\System32\rasadhlp.dll
0x00007ffedc4c0000 - 0x00007ffedc543000 	C:\Windows\System32\fwpuclnt.dll
0x00007ffecb470000 - 0x00007ffecb479000 	C:\Program Files\Java\jdk-11\bin\management.dll
0x00007ffeca7f0000 - 0x00007ffeca7fb000 	C:\Program Files\Java\jdk-11\bin\management_ext.dll
0x00007ffee0490000 - 0x00007ffee04ab000 	C:\Windows\SYSTEM32\CRYPTSP.dll
0x00007ffedfd20000 - 0x00007ffedfd55000 	C:\Windows\system32\rsaenh.dll
0x00007ffee0330000 - 0x00007ffee0358000 	C:\Windows\SYSTEM32\USERENV.dll
0x00007ffee04b0000 - 0x00007ffee04bc000 	C:\Windows\SYSTEM32\CRYPTBASE.dll
0x00007ffedd0f0000 - 0x00007ffedd109000 	C:\Windows\SYSTEM32\dhcpcsvc6.DLL
0x00007ffedd0c0000 - 0x00007ffedd0df000 	C:\Windows\SYSTEM32\dhcpcsvc.DLL
0x00007ffebada0000 - 0x00007ffebadb7000 	C:\Windows\system32\napinsp.dll
0x00007ffebad80000 - 0x00007ffebad9b000 	C:\Windows\system32\pnrpnsp.dll
0x00007ffebad30000 - 0x00007ffebad41000 	C:\Windows\System32\winrnr.dll
0x00007ffebad10000 - 0x00007ffebad25000 	C:\Windows\system32\wshbth.dll
0x00007ffebace0000 - 0x00007ffebad07000 	C:\Windows\system32\nlansp_c.dll
0x00007ffeca7c0000 - 0x00007ffeca7ce000 	C:\Program Files\Java\jdk-11\bin\sunmscapi.dll
0x00007ffee12b0000 - 0x00007ffee1417000 	C:\Windows\System32\CRYPT32.dll
0x00007ffee0630000 - 0x00007ffee065e000 	C:\Windows\SYSTEM32\ncrypt.dll
0x00007ffee05f0000 - 0x00007ffee0627000 	C:\Windows\SYSTEM32\NTASN1.dll
0x00007ffeaaee0000 - 0x00007ffeaaf07000 	C:\Program Files\Java\jdk-11\bin\sunec.dll

dbghelp: loaded successfully - version: 4.0.5 - missing functions: none
symbol engine: initialized successfully - sym options: 0x614 - pdb path: .;C:\Program Files\Java\jdk-11\bin;C:\Windows\SYSTEM32;C:\Windows\WinSxS\amd64_microsoft.windows.common-controls_6595b64144ccf1df_6.0.22621.3672_none_2713b9d173822955;C:\Program Files\Java\jdk-11\bin\server;C:\Program Files\JetBrains\IntelliJ IDEA 2023.2.5\bin

VM Arguments:
jvm_args: -XX:TieredStopAtLevel=1 -Xverify:none -Dspring.output.ansi.enabled=always -Dcom.sun.management.jmxremote -Dspring.jmx.enabled=true -Dspring.liveBeansView.mbeanDomain -Dspring.application.admin.enabled=true -Dmanagement.endpoints.jmx.exposure.include=* -javaagent:C:\Program Files\JetBrains\IntelliJ IDEA 2023.2.5\lib\idea_rt.jar=49858:C:\Program Files\JetBrains\IntelliJ IDEA 2023.2.5\bin -Dfile.encoding=UTF-8 
java_command: com.example.mail.MailApplication
java_class_path (initial): C:\Users\skand\Desktop\goudron\Mail\target\classes;C:\Users\skand\.m2\repository\org\springframework\boot\spring-boot-starter-data-jpa\2.7.17\spring-boot-starter-data-jpa-2.7.17.jar;C:\Users\skand\.m2\repository\org\springframework\boot\spring-boot-starter-aop\2.7.17\spring-boot-starter-aop-2.7.17.jar;C:\Users\skand\.m2\repository\org\springframework\spring-aop\5.3.30\spring-aop-5.3.30.jar;C:\Users\skand\.m2\repository\org\aspectj\aspectjweaver\1.9.7\aspectjweaver-1.9.7.jar;C:\Users\skand\.m2\repository\org\springframework\boot\spring-boot-starter-jdbc\2.7.17\spring-boot-starter-jdbc-2.7.17.jar;C:\Users\skand\.m2\repository\com\zaxxer\HikariCP\4.0.3\HikariCP-4.0.3.jar;C:\Users\skand\.m2\repository\org\springframework\spring-jdbc\5.3.30\spring-jdbc-5.3.30.jar;C:\Users\skand\.m2\repository\jakarta\transaction\jakarta.transaction-api\1.3.3\jakarta.transaction-api-1.3.3.jar;C:\Users\skand\.m2\repository\jakarta\persistence\jakarta.persistence-api\2.2.3\jakarta.persistence-api-2.2.3.jar;C:\Users\skand\.m2\repository\org\hibernate\hibernate-core\5.6.15.Final\hibernate-core-5.6.15.Final.jar;C:\Users\skand\.m2\repository\org\jboss\logging\jboss-logging\3.4.3.Final\jboss-logging-3.4.3.Final.jar;C:\Users\skand\.m2\repository\net\bytebuddy\byte-buddy\1.12.23\byte-buddy-1.12.23.jar;C:\Users\skand\.m2\repository\antlr\antlr\2.7.7\antlr-2.7.7.jar;C:\Users\skand\.m2\repository\org\jboss\jandex\2.4.2.Final\jandex-2.4.2.Final.jar;C:\Users\skand\.m2\repository\com\fasterxml\classmate\1.5.1\classmate-1.5.1.jar;C:\Users\skand\.m2\repository\org\hibernate\common\hibernate-commons-annotations\5.1.2.Final\hibernate-commons-annotations-5.1.2.Final.jar;C:\Users\skand\.m2\repository\org\glassfish\jaxb\jaxb-runtime\2.3.8\jaxb-runtime-2.3.8.jar;C:\Users\skand\.m2\repository\org\glassfish\jaxb\txw2\2.3.8\txw2-2.3.8.jar;C:\Users\skand\.m2\repository\com\sun\istack\istack-commons-runtime\3.0.12\istack-commons-runtime-3.0.12.jar;C:\Users\skand\.m2\repository\com\sun\ac
Launcher Type: SUN_STANDARD

[Global flags]
     bool BytecodeVerificationLocal                = false                                     {product} {command line}
     bool BytecodeVerificationRemote               = false                                     {product} {command line}
     intx CICompilerCount                          = 4                                         {product} {ergonomic}
     uint ConcGCThreads                            = 2                                         {product} {ergonomic}
     uint G1ConcRefinementThreads                  = 8                                         {product} {ergonomic}
   size_t G1HeapRegionSize                         = 1048576                                   {product} {ergonomic}
    uintx GCDrainStackTargetSize                   = 64                                        {product} {ergonomic}
   size_t InitialHeapSize                          = 266338304                                 {product} {ergonomic}
     bool ManagementServer                         = true                                      {product} {command line}
   size_t MarkStackSize                            = 4194304                                   {product} {ergonomic}
   size_t MaxHeapSize                              = 4238344192                                {product} {ergonomic}
   size_t MaxNewSize                               = 2542796800                                {product} {ergonomic}
   size_t MinHeapDeltaBytes                        = 1048576                                   {product} {ergonomic}
    uintx NonNMethodCodeHeapSize                   = 7549744                                {pd product} {ergonomic}
    uintx NonProfiledCodeHeapSize                  = 244108496                              {pd product} {ergonomic}
    uintx ProfiledCodeHeapSize                     = 0                                      {pd product} {ergonomic}
    uintx ReservedCodeCacheSize                    = 251658240                              {pd product} {ergonomic}
     bool SegmentedCodeCache                       = true                                      {product} {ergonomic}
     intx TieredStopAtLevel                        = 1                                         {product} {command line}
     bool UseCompressedClassPointers               = true                                 {lp64_product} {ergonomic}
     bool UseCompressedOops                        = true                                 {lp64_product} {ergonomic}
     bool UseG1GC                                  = true                                      {product} {ergonomic}
     bool UseLargePagesIndividualAllocation        = false                                  {pd product} {ergonomic}

Logging:
Log output configuration:
 #0: stdout all=warning uptime,level,tags
 #1: stderr all=off uptime,level,tags

Environment Variables:
JAVA_HOME=C:\Program Files\Java\jdk-11
PATH=C:\Program Files\Java\jdk-11\bin;C:\Program Files (x86)\VMware\VMware Workstation\bin\;C:\Python312\Scripts\;C:\Python312\;C:\Program Files\Common Files\Oracle\Java\javapath;C:\Program Files (x86)\Common Files\Oracle\Java\javapath;C:\Windows\system32;C:\Windows;C:\Windows\System32\Wbem;C:\Windows\System32\WindowsPowerShell\v1.0\;C:\Windows\System32\OpenSSH\;C:\Program Files (x86)\NVIDIA Corporation\PhysX\Common;C:\Program Files\NVIDIA Corporation\NVIDIA NvDLISR;C:\Program Files\Git\cmd;C:\Program Files\Vagrant\bin;C:\Program Files\Microsoft SQL Server\150\Tools\Binn\;C:\Program Files\Microsoft SQL Server\Client SDK\ODBC\170\Tools\Binn\;C:\Program Files\dotnet\;C:\ProgramData\chocolatey\bin;C:\Users\skand\AppData\Roaming\nvm;C:\Program Files\nodejs;C:\Program Files\Docker\Docker\resources\bin;C:\Program Files\Java\jdk-11\bin;C:\Users\skand\AppData\Local\Microsoft\WindowsApps;C:\Users\skand\AppData\Local\Programs\Microsoft VS Code\bin;C:\Users\skand\.dotnet\tools;C:\Users\skand\AppData\Roaming\npm;C:\Users\skand\AppData\Roaming\nvm;C:\Program Files\nodejs
USERNAME=skand
OS=Windows_NT
PROCESSOR_IDENTIFIER=Intel64 Family 6 Model 140 Stepping 1, GenuineIntel



---------------  S Y S T E M  ---------------

OS: Windows 11 , 64 bit Build 22621 (10.0.22621.3672)
Hyper-V role detected

CPU:total 8 (initial active 8) (4 cores per cpu, 2 threads per core) family 6 model 140 stepping 1 microcode 0xa6, cmov, cx8, fxsr, mmx, sse, sse2, sse3, ssse3, sse4.1, sse4.2, popcnt, avx, avx2, aes, clmul, erms, 3dnowpref, lzcnt, ht, tsc, tscinvbit, bmi1, bmi2, adx, evex, sha, fma

Memory: 4k page, system-wide physical 16167M (2548M free)
TotalPageFile size 27214M (AvailPageFile size 4624M)
current process WorkingSet (physical memory assigned to process): 371M, peak: 371M
current process commit charge ("private bytes"): 502M, peak: 502M

vm_info: Java HotSpot(TM) 64-Bit Server VM (11.0.22+9-LTS-219) for windows-amd64 JRE (11.0.22+9-LTS-219), built on Dec 19 2023 22:08:21 by "mach5one" with MS VC++ 17.1 (VS2022)

END.
